<?xml version="1.0" encoding="UTF-8"?>
<!-- Generated by org.testng.reporters.JUnitXMLReporter -->
<testsuite hostname="LogicPower2" name="ChromeTest" tests="14" failures="4" timestamp="11 Jun 2015 11:04:43 GMT" time="303.919" errors="0">
  <testcase name="testDetP011" time="4.841" classname="tests.uaua.TestDetskoePitanie"/>
  <testcase name="testDetP012" time="4.612" classname="tests.uaua.TestDetskoePitanie"/>
  <testcase name="testDetP021" time="5.623" classname="tests.uaua.TestDetskoePitanie"/>
  <testcase name="testDetP022" time="7.535" classname="tests.uaua.TestDetskoePitanie">
    <failure type="java.lang.AssertionError" message="null">
      <![CDATA[java.lang.AssertionError: null
	at tests.uaua.TestDetskoePitanie.testDetP022(TestDetskoePitanie.java:122)
	at java.util.concurrent.ThreadPoolExecutor.runWorker(Unknown Source)
	at java.util.concurrent.ThreadPoolExecutor$Worker.run(Unknown Source)
	at java.lang.Thread.run(Unknown Source)
... Removed 12 stack frames]]>
    </failure>
  </testcase> <!-- testDetP022 -->
  <testcase name="testDetP03" time="4.893" classname="tests.uaua.TestDetskoePitanie"/>
  <testcase name="testDetP032" time="14.081" classname="tests.uaua.TestDetskoePitanie"/>
  <testcase name="testDetP041" time="16.526" classname="tests.uaua.TestDetskoePitanie"/>
  <testcase name="testDetP042" time="10.759" classname="tests.uaua.TestDetskoePitanie">
    <failure type="org.openqa.selenium.WebDriverException" message="unknown error: Element is not clickable at point (764, 799). Other element would receive the click: &amp;lt;embed type=&amp;quot;application/x-shockwave-flash&amp;quot; width=&amp;quot;100%&amp;quot; height=&amp;quot;100%&amp;quot; quality=&amp;quot;best&amp;quot; wmode=&amp;quot;opaque&amp;quot; play=&amp;quot;true&amp;quot; loop=&amp;quot;true&amp;quot; menu=&amp;quot;true&amp;quot; allowscriptaccess=&amp;quot;always&amp;quot; flashvars=&amp;quot;ar_xpid=CYd36mgkBHBDvXMxsHIFOhgvAiQWkSLnI&amp;amp;amp;link1=http%3A//ad.adriver.ru/cgi-bin/click.cgi%3Fsid%3D160581%26ad%3D526154%26bid%3D3881933%26bt%3D52%26bn%3D7%26pz%3D0%26xpid%3DCYd36mgkBHBDvXMxsHIFOhgvAiQWkSLnI%26ref%3Dhttp%3A%252f%252fbabyfood.uaua.info%252f%26custom%3D%26rleurl%3D&amp;amp;amp;target=_blank&amp;amp;amp;ar_ph=adriver_banner_977984834&amp;amp;amp;ar_ad=526154&amp;amp;amp;ar_bt=52&amp;amp;amp;ar_bid=3881933&amp;amp;amp;ar_sid=160581&amp;amp;amp;ar_rnd=5043693&amp;amp;amp;ar_nid=0&amp;amp;amp;ar_pass=&amp;amp;amp;ar_geoid=110&amp;amp;amp;ar_ntype=0&amp;amp;amp;ar_sliceid=1572288&amp;amp;amp;ar_comppath=http%3A//un1.adriver.ru/images/0003881/0003881933/0/&amp;amp;amp;ar_rhost=ad.adriver.ru&amp;quot; src=&amp;quot;http://un1.adriver.ru/images/0003881/0003881933/0/banner.swf&amp;quot;&amp;gt;
  (Session info: chrome=43.0.2357.81)
  (Driver info: chromedriver=2.15.322448 (52179c1b310fec1797c81ea9a20326839860b7d3),platform=Windows NT 6.1 SP1 x86_64) (WARNING: The server did not provide any stacktrace information)
Command duration or timeout: 245 milliseconds
Build info: version: &amp;apos;2.45.0&amp;apos;, revision: &amp;apos;32a636c&amp;apos;, time: &amp;apos;2015-03-05 22:01:35&amp;apos;
System info: host: &amp;apos;LogicPower2&amp;apos;, ip: &amp;apos;10.0.10.206&amp;apos;, os.name: &amp;apos;Windows 7&amp;apos;, os.arch: &amp;apos;amd64&amp;apos;, os.version: &amp;apos;6.1&amp;apos;, java.version: &amp;apos;1.8.0_45&amp;apos;
Driver info: org.openqa.selenium.chrome.ChromeDriver
Capabilities [{applicationCacheEnabled=false, rotatable=false, mobileEmulationEnabled=false, chrome={userDataDir=C:\Users\Admin\AppData\Local\Temp\scoped_dir22668_28871}, takesHeapSnapshot=true, databaseEnabled=false, handlesAlerts=true, version=43.0.2357.81, platform=XP, browserConnectionEnabled=false, nativeEvents=true, acceptSslCerts=true, locationContextEnabled=true, webStorageEnabled=true, browserName=chrome, takesScreenshot=true, javascriptEnabled=true, cssSelectorsEnabled=true}]
Session ID: 3d5dff3e43df59553b8c11df515fe204">
      <![CDATA[org.openqa.selenium.WebDriverException: unknown error: Element is not clickable at point (764, 799). Other element would receive the click: <embed type="application/x-shockwave-flash" width="100%" height="100%" quality="best" wmode="opaque" play="true" loop="true" menu="true" allowscriptaccess="always" flashvars="ar_xpid=CYd36mgkBHBDvXMxsHIFOhgvAiQWkSLnI&amp;link1=http%3A//ad.adriver.ru/cgi-bin/click.cgi%3Fsid%3D160581%26ad%3D526154%26bid%3D3881933%26bt%3D52%26bn%3D7%26pz%3D0%26xpid%3DCYd36mgkBHBDvXMxsHIFOhgvAiQWkSLnI%26ref%3Dhttp%3A%252f%252fbabyfood.uaua.info%252f%26custom%3D%26rleurl%3D&amp;target=_blank&amp;ar_ph=adriver_banner_977984834&amp;ar_ad=526154&amp;ar_bt=52&amp;ar_bid=3881933&amp;ar_sid=160581&amp;ar_rnd=5043693&amp;ar_nid=0&amp;ar_pass=&amp;ar_geoid=110&amp;ar_ntype=0&amp;ar_sliceid=1572288&amp;ar_comppath=http%3A//un1.adriver.ru/images/0003881/0003881933/0/&amp;ar_rhost=ad.adriver.ru" src="http://un1.adriver.ru/images/0003881/0003881933/0/banner.swf">
  (Session info: chrome=43.0.2357.81)
  (Driver info: chromedriver=2.15.322448 (52179c1b310fec1797c81ea9a20326839860b7d3),platform=Windows NT 6.1 SP1 x86_64) (WARNING: The server did not provide any stacktrace information)
Command duration or timeout: 245 milliseconds
Build info: version: '2.45.0', revision: '32a636c', time: '2015-03-05 22:01:35'
System info: host: 'LogicPower2', ip: '10.0.10.206', os.name: 'Windows 7', os.arch: 'amd64', os.version: '6.1', java.version: '1.8.0_45'
Driver info: org.openqa.selenium.chrome.ChromeDriver
Capabilities [{applicationCacheEnabled=false, rotatable=false, mobileEmulationEnabled=false, chrome={userDataDir=C:\Users\Admin\AppData\Local\Temp\scoped_dir22668_28871}, takesHeapSnapshot=true, databaseEnabled=false, handlesAlerts=true, version=43.0.2357.81, platform=XP, browserConnectionEnabled=false, nativeEvents=true, acceptSslCerts=true, locationContextEnabled=true, webStorageEnabled=true, browserName=chrome, takesScreenshot=true, javascriptEnabled=true, cssSelectorsEnabled=true}]
Session ID: 3d5dff3e43df59553b8c11df515fe204
	at org.openqa.selenium.remote.ErrorHandler.createThrowable(ErrorHandler.java:204)
	at org.openqa.selenium.remote.ErrorHandler.throwIfResponseFailed(ErrorHandler.java:156)
	at org.openqa.selenium.remote.RemoteWebDriver.execute(RemoteWebDriver.java:599)
	at org.openqa.selenium.remote.RemoteWebElement.execute(RemoteWebElement.java:268)
	at org.openqa.selenium.remote.RemoteWebElement.click(RemoteWebElement.java:79)
	at info.uaua.DetskoePitanieObjects.clickOnPitanieMalushei_Vse(DetskoePitanieObjects.java:167)
	at tests.uaua.TestDetskoePitanie.testDetP042(TestDetskoePitanie.java:186)
	at java.util.concurrent.ThreadPoolExecutor.runWorker(Unknown Source)
	at java.util.concurrent.ThreadPoolExecutor$Worker.run(Unknown Source)
	at java.lang.Thread.run(Unknown Source)
... Removed 14 stack frames]]>
    </failure>
  </testcase> <!-- testDetP042 -->
  <testcase name="testDetP051" time="4.472" classname="tests.uaua.TestDetskoePitanie"/>
  <testcase name="testDetP052" time="5.855" classname="tests.uaua.TestDetskoePitanie">
    <failure type="java.lang.AssertionError" message="null">
      <![CDATA[java.lang.AssertionError: null
	at tests.uaua.TestDetskoePitanie.testDetP052(TestDetskoePitanie.java:216)
	at java.util.concurrent.ThreadPoolExecutor.runWorker(Unknown Source)
	at java.util.concurrent.ThreadPoolExecutor$Worker.run(Unknown Source)
	at java.lang.Thread.run(Unknown Source)
... Removed 12 stack frames]]>
    </failure>
  </testcase> <!-- testDetP052 -->
  <testcase name="testDetP061" time="4.952" classname="tests.uaua.TestDetskoePitanie"/>
  <testcase name="testDetP062" time="60.453" classname="tests.uaua.TestDetskoePitanie">
    <failure type="java.lang.AssertionError" message="null">
      <![CDATA[java.lang.AssertionError: null
	at tests.uaua.TestDetskoePitanie.testDetP062(TestDetskoePitanie.java:237)
	at java.util.concurrent.ThreadPoolExecutor.runWorker(Unknown Source)
	at java.util.concurrent.ThreadPoolExecutor$Worker.run(Unknown Source)
	at java.lang.Thread.run(Unknown Source)
... Removed 12 stack frames]]>
    </failure>
  </testcase> <!-- testDetP062 -->
  <testcase name="testDetP071" time="7.283" classname="tests.uaua.TestDetskoePitanie"/>
  <testcase name="testDetP072" time="15.197" classname="tests.uaua.TestDetskoePitanie"/>
</testsuite> <!-- ChromeTest -->
