<?xml version="1.0" encoding="UTF-8"?>
<!-- Generated by org.testng.reporters.JUnitXMLReporter -->
<testsuite hostname="LogicPower2" name="OperaTest" tests="14" failures="3" timestamp="11 Jun 2015 11:35:27 GMT" time="1400.293" errors="0">
  <testcase name="@AfterMethod takeScreenShotOnFailure" time="0.0" classname="tests.uaua.TestDetskoePitanie">
    <failure type="org.openqa.selenium.TimeoutException" message="timeout: Timed out receiving message from renderer: 600.000
  (Session info: Opera with embedded Chromium 0.1835.52)
  (Driver info: OperaDriver=0.2.0 (ba47709ed9e35ce26dbd960fb5d75be104290d96),platform=Windows NT 6.1 SP1 x86_64) (WARNING: The server did not provide any stacktrace information)
Command duration or timeout: 600.02 seconds
Build info: version: &amp;apos;2.45.0&amp;apos;, revision: &amp;apos;32a636c&amp;apos;, time: &amp;apos;2015-03-05 22:01:35&amp;apos;
System info: host: &amp;apos;LogicPower2&amp;apos;, ip: &amp;apos;10.0.10.206&amp;apos;, os.name: &amp;apos;Windows 7&amp;apos;, os.arch: &amp;apos;amd64&amp;apos;, os.version: &amp;apos;6.1&amp;apos;, java.version: &amp;apos;1.8.0_45&amp;apos;
Driver info: org.openqa.selenium.opera.OperaDriver
Capabilities [{applicationCacheEnabled=false, rotatable=false, mobileEmulationEnabled=false, chrome={userDataDir=C:\Users\Admin\AppData\Local\Temp\scoped_dir22436_5617}, takesHeapSnapshot=true, databaseEnabled=false, handlesAlerts=true, version=0.1835.52, platform=XP, browserConnectionEnabled=false, nativeEvents=true, acceptSslCerts=true, locationContextEnabled=true, webStorageEnabled=true, browserName=chrome, takesScreenshot=true, javascriptEnabled=true, cssSelectorsEnabled=true}]
Session ID: ee334e419270e189d4fa3fe339e01682">
      <![CDATA[org.openqa.selenium.TimeoutException: timeout: Timed out receiving message from renderer: 600.000
  (Session info: Opera with embedded Chromium 0.1835.52)
  (Driver info: OperaDriver=0.2.0 (ba47709ed9e35ce26dbd960fb5d75be104290d96),platform=Windows NT 6.1 SP1 x86_64) (WARNING: The server did not provide any stacktrace information)
Command duration or timeout: 600.02 seconds
Build info: version: '2.45.0', revision: '32a636c', time: '2015-03-05 22:01:35'
System info: host: 'LogicPower2', ip: '10.0.10.206', os.name: 'Windows 7', os.arch: 'amd64', os.version: '6.1', java.version: '1.8.0_45'
Driver info: org.openqa.selenium.opera.OperaDriver
Capabilities [{applicationCacheEnabled=false, rotatable=false, mobileEmulationEnabled=false, chrome={userDataDir=C:\Users\Admin\AppData\Local\Temp\scoped_dir22436_5617}, takesHeapSnapshot=true, databaseEnabled=false, handlesAlerts=true, version=0.1835.52, platform=XP, browserConnectionEnabled=false, nativeEvents=true, acceptSslCerts=true, locationContextEnabled=true, webStorageEnabled=true, browserName=chrome, takesScreenshot=true, javascriptEnabled=true, cssSelectorsEnabled=true}]
Session ID: ee334e419270e189d4fa3fe339e01682
	at org.openqa.selenium.remote.ErrorHandler.createThrowable(ErrorHandler.java:204)
	at org.openqa.selenium.remote.ErrorHandler.throwIfResponseFailed(ErrorHandler.java:156)
	at org.openqa.selenium.remote.RemoteWebDriver.execute(RemoteWebDriver.java:599)
	at org.openqa.selenium.remote.RemoteWebDriver.executeScript(RemoteWebDriver.java:508)
	at tests.uaua.TestDetskoePitanie.takeScreenShotOnFailure(TestDetskoePitanie.java:306)
	at java.util.concurrent.ThreadPoolExecutor.runWorker(Unknown Source)
	at java.util.concurrent.ThreadPoolExecutor$Worker.run(Unknown Source)
	at java.lang.Thread.run(Unknown Source)
... Removed 15 stack frames]]>
    </failure>
  </testcase> <!-- @AfterMethod takeScreenShotOnFailure -->
  <testcase name="@AfterMethod tearDown" time="0.0" classname="tests.uaua.TestDetskoePitanie">
    <skipped/>
  </testcase> <!-- @AfterMethod tearDown -->
  <testcase name="@BeforeMethod beforeTest" time="0.0" classname="tests.uaua.TestDetskoePitanie">
    <skipped/>
  </testcase> <!-- @BeforeMethod beforeTest -->
  <testcase name="@BeforeMethod setUp" time="0.0" classname="tests.uaua.TestDetskoePitanie">
    <skipped/>
  </testcase> <!-- @BeforeMethod setUp -->
  <testcase name="@AfterMethod takeScreenShotOnFailure" time="0.0" classname="tests.uaua.TestDetskoePitanie">
    <skipped/>
  </testcase> <!-- @AfterMethod takeScreenShotOnFailure -->
  <testcase name="@AfterMethod tearDown" time="0.0" classname="tests.uaua.TestDetskoePitanie">
    <skipped/>
  </testcase> <!-- @AfterMethod tearDown -->
  <testcase name="@BeforeMethod beforeTest" time="0.0" classname="tests.uaua.TestDetskoePitanie">
    <skipped/>
  </testcase> <!-- @BeforeMethod beforeTest -->
  <testcase name="@BeforeMethod setUp" time="0.0" classname="tests.uaua.TestDetskoePitanie">
    <skipped/>
  </testcase> <!-- @BeforeMethod setUp -->
  <testcase name="@AfterMethod takeScreenShotOnFailure" time="0.0" classname="tests.uaua.TestDetskoePitanie">
    <skipped/>
  </testcase> <!-- @AfterMethod takeScreenShotOnFailure -->
  <testcase name="@AfterMethod tearDown" time="0.0" classname="tests.uaua.TestDetskoePitanie">
    <skipped/>
  </testcase> <!-- @AfterMethod tearDown -->
  <testcase name="@BeforeMethod beforeTest" time="0.0" classname="tests.uaua.TestDetskoePitanie">
    <skipped/>
  </testcase> <!-- @BeforeMethod beforeTest -->
  <testcase name="@BeforeMethod setUp" time="0.0" classname="tests.uaua.TestDetskoePitanie">
    <skipped/>
  </testcase> <!-- @BeforeMethod setUp -->
  <testcase name="@AfterMethod takeScreenShotOnFailure" time="0.0" classname="tests.uaua.TestDetskoePitanie">
    <skipped/>
  </testcase> <!-- @AfterMethod takeScreenShotOnFailure -->
  <testcase name="@AfterMethod tearDown" time="0.0" classname="tests.uaua.TestDetskoePitanie">
    <skipped/>
  </testcase> <!-- @AfterMethod tearDown -->
  <testcase name="@BeforeMethod beforeTest" time="0.0" classname="tests.uaua.TestDetskoePitanie">
    <skipped/>
  </testcase> <!-- @BeforeMethod beforeTest -->
  <testcase name="@BeforeMethod setUp" time="0.0" classname="tests.uaua.TestDetskoePitanie">
    <skipped/>
  </testcase> <!-- @BeforeMethod setUp -->
  <testcase name="@AfterMethod takeScreenShotOnFailure" time="0.0" classname="tests.uaua.TestDetskoePitanie">
    <skipped/>
  </testcase> <!-- @AfterMethod takeScreenShotOnFailure -->
  <testcase name="@AfterMethod tearDown" time="0.0" classname="tests.uaua.TestDetskoePitanie">
    <skipped/>
  </testcase> <!-- @AfterMethod tearDown -->
  <testcase name="testDetP011" time="8.749" classname="tests.uaua.TestDetskoePitanie"/>
  <testcase name="testDetP012" time="5.93" classname="tests.uaua.TestDetskoePitanie"/>
  <testcase name="testDetP021" time="7.842" classname="tests.uaua.TestDetskoePitanie"/>
  <testcase name="testDetP022" time="10.954" classname="tests.uaua.TestDetskoePitanie"/>
  <testcase name="testDetP03" time="7.231" classname="tests.uaua.TestDetskoePitanie"/>
  <testcase name="testDetP032" time="9.472" classname="tests.uaua.TestDetskoePitanie">
    <failure type="java.lang.AssertionError" message="null">
      <![CDATA[java.lang.AssertionError: null
	at tests.uaua.TestDetskoePitanie.testDetP032(TestDetskoePitanie.java:168)
	at java.util.concurrent.ThreadPoolExecutor.runWorker(Unknown Source)
	at java.util.concurrent.ThreadPoolExecutor$Worker.run(Unknown Source)
	at java.lang.Thread.run(Unknown Source)
... Removed 12 stack frames]]>
    </failure>
  </testcase> <!-- testDetP032 -->
  <testcase name="testDetP041" time="10.747" classname="tests.uaua.TestDetskoePitanie"/>
  <testcase name="testDetP042" time="7.538" classname="tests.uaua.TestDetskoePitanie">
    <failure type="org.openqa.selenium.WebDriverException" message="unknown error: Element is not clickable at point (764, 791). Other element would receive the click: &amp;lt;embed type=&amp;quot;application/x-shockwave-flash&amp;quot; width=&amp;quot;100%&amp;quot; height=&amp;quot;100%&amp;quot; quality=&amp;quot;best&amp;quot; wmode=&amp;quot;opaque&amp;quot; play=&amp;quot;true&amp;quot; loop=&amp;quot;true&amp;quot; menu=&amp;quot;true&amp;quot; allowscriptaccess=&amp;quot;always&amp;quot; flashvars=&amp;quot;ar_xpid=CaJMu-uvYs5VcR5JGB8wGU_DT9pSR7vvo&amp;amp;amp;link1=http%3A//ad.adriver.ru/cgi-bin/click.cgi%3Fsid%3D160581%26ad%3D525130%26bid%3D3871215%26bt%3D52%26bn%3D7%26pz%3D0%26xpid%3DCaJMu-uvYs5VcR5JGB8wGU_DT9pSR7vvo%26ref%3Dhttp%3A%252f%252fbabyfood.uaua.info%252f%26custom%3D%26rleurl%3D&amp;amp;amp;target=_blank&amp;amp;amp;ar_ph=adriver_banner_977984834&amp;amp;amp;ar_ad=525130&amp;amp;amp;ar_bt=52&amp;amp;amp;ar_bid=3871215&amp;amp;amp;ar_sid=160581&amp;amp;amp;ar_rnd=3939773&amp;amp;amp;ar_nid=0&amp;amp;amp;ar_pass=&amp;amp;amp;ar_geoid=110&amp;amp;amp;ar_ntype=0&amp;amp;amp;ar_sliceid=1564972&amp;amp;amp;ar_comppath=http%3A//colo1.adriver.ru/images/0003871/0003871215/0/&amp;amp;amp;ar_rhost=ad.adriver.ru&amp;quot; src=&amp;quot;http://ua.adocean.pl/files/x/xgd/tdshsmz/xajkevmjdv/banner.swf&amp;quot;&amp;gt;
  (Session info: Opera with embedded Chromium 0.1835.52)
  (Driver info: OperaDriver=0.2.0 (ba47709ed9e35ce26dbd960fb5d75be104290d96),platform=Windows NT 6.1 SP1 x86_64) (WARNING: The server did not provide any stacktrace information)
Command duration or timeout: 115 milliseconds
Build info: version: &amp;apos;2.45.0&amp;apos;, revision: &amp;apos;32a636c&amp;apos;, time: &amp;apos;2015-03-05 22:01:35&amp;apos;
System info: host: &amp;apos;LogicPower2&amp;apos;, ip: &amp;apos;10.0.10.206&amp;apos;, os.name: &amp;apos;Windows 7&amp;apos;, os.arch: &amp;apos;amd64&amp;apos;, os.version: &amp;apos;6.1&amp;apos;, java.version: &amp;apos;1.8.0_45&amp;apos;
Driver info: org.openqa.selenium.opera.OperaDriver
Capabilities [{applicationCacheEnabled=false, rotatable=false, mobileEmulationEnabled=false, chrome={userDataDir=C:\Users\Admin\AppData\Local\Temp\scoped_dir24300_18018}, takesHeapSnapshot=true, databaseEnabled=false, handlesAlerts=true, version=0.1835.52, platform=XP, browserConnectionEnabled=false, nativeEvents=true, acceptSslCerts=true, locationContextEnabled=true, webStorageEnabled=true, browserName=chrome, takesScreenshot=true, javascriptEnabled=true, cssSelectorsEnabled=true}]
Session ID: d2395a7b5e91078d7f0f088acb2335c2">
      <![CDATA[org.openqa.selenium.WebDriverException: unknown error: Element is not clickable at point (764, 791). Other element would receive the click: <embed type="application/x-shockwave-flash" width="100%" height="100%" quality="best" wmode="opaque" play="true" loop="true" menu="true" allowscriptaccess="always" flashvars="ar_xpid=CaJMu-uvYs5VcR5JGB8wGU_DT9pSR7vvo&amp;link1=http%3A//ad.adriver.ru/cgi-bin/click.cgi%3Fsid%3D160581%26ad%3D525130%26bid%3D3871215%26bt%3D52%26bn%3D7%26pz%3D0%26xpid%3DCaJMu-uvYs5VcR5JGB8wGU_DT9pSR7vvo%26ref%3Dhttp%3A%252f%252fbabyfood.uaua.info%252f%26custom%3D%26rleurl%3D&amp;target=_blank&amp;ar_ph=adriver_banner_977984834&amp;ar_ad=525130&amp;ar_bt=52&amp;ar_bid=3871215&amp;ar_sid=160581&amp;ar_rnd=3939773&amp;ar_nid=0&amp;ar_pass=&amp;ar_geoid=110&amp;ar_ntype=0&amp;ar_sliceid=1564972&amp;ar_comppath=http%3A//colo1.adriver.ru/images/0003871/0003871215/0/&amp;ar_rhost=ad.adriver.ru" src="http://ua.adocean.pl/files/x/xgd/tdshsmz/xajkevmjdv/banner.swf">
  (Session info: Opera with embedded Chromium 0.1835.52)
  (Driver info: OperaDriver=0.2.0 (ba47709ed9e35ce26dbd960fb5d75be104290d96),platform=Windows NT 6.1 SP1 x86_64) (WARNING: The server did not provide any stacktrace information)
Command duration or timeout: 115 milliseconds
Build info: version: '2.45.0', revision: '32a636c', time: '2015-03-05 22:01:35'
System info: host: 'LogicPower2', ip: '10.0.10.206', os.name: 'Windows 7', os.arch: 'amd64', os.version: '6.1', java.version: '1.8.0_45'
Driver info: org.openqa.selenium.opera.OperaDriver
Capabilities [{applicationCacheEnabled=false, rotatable=false, mobileEmulationEnabled=false, chrome={userDataDir=C:\Users\Admin\AppData\Local\Temp\scoped_dir24300_18018}, takesHeapSnapshot=true, databaseEnabled=false, handlesAlerts=true, version=0.1835.52, platform=XP, browserConnectionEnabled=false, nativeEvents=true, acceptSslCerts=true, locationContextEnabled=true, webStorageEnabled=true, browserName=chrome, takesScreenshot=true, javascriptEnabled=true, cssSelectorsEnabled=true}]
Session ID: d2395a7b5e91078d7f0f088acb2335c2
	at org.openqa.selenium.remote.ErrorHandler.createThrowable(ErrorHandler.java:204)
	at org.openqa.selenium.remote.ErrorHandler.throwIfResponseFailed(ErrorHandler.java:156)
	at org.openqa.selenium.remote.RemoteWebDriver.execute(RemoteWebDriver.java:599)
	at org.openqa.selenium.remote.RemoteWebElement.execute(RemoteWebElement.java:268)
	at org.openqa.selenium.remote.RemoteWebElement.click(RemoteWebElement.java:79)
	at info.uaua.DetskoePitanieObjects.clickOnPitanieMalushei_Vse(DetskoePitanieObjects.java:167)
	at tests.uaua.TestDetskoePitanie.testDetP042(TestDetskoePitanie.java:186)
	at java.util.concurrent.ThreadPoolExecutor.runWorker(Unknown Source)
	at java.util.concurrent.ThreadPoolExecutor$Worker.run(Unknown Source)
	at java.lang.Thread.run(Unknown Source)
... Removed 14 stack frames]]>
    </failure>
  </testcase> <!-- testDetP042 -->
  <testcase name="testDetP051" time="6.394" classname="tests.uaua.TestDetskoePitanie"/>
  <testcase name="testDetP052" time="610.187" classname="tests.uaua.TestDetskoePitanie">
    <failure type="java.lang.AssertionError" message="null">
      <![CDATA[java.lang.AssertionError: null
	at tests.uaua.TestDetskoePitanie.testDetP052(TestDetskoePitanie.java:216)
	at java.util.concurrent.ThreadPoolExecutor.runWorker(Unknown Source)
	at java.util.concurrent.ThreadPoolExecutor$Worker.run(Unknown Source)
	at java.lang.Thread.run(Unknown Source)
... Removed 12 stack frames]]>
    </failure>
  </testcase> <!-- testDetP052 -->
  <testcase name="testDetP061" time="0.0" classname="tests.uaua.TestDetskoePitanie">
    <skipped/>
  </testcase> <!-- testDetP061 -->
  <testcase name="testDetP062" time="0.0" classname="tests.uaua.TestDetskoePitanie">
    <skipped/>
  </testcase> <!-- testDetP062 -->
  <testcase name="testDetP071" time="0.0" classname="tests.uaua.TestDetskoePitanie">
    <skipped/>
  </testcase> <!-- testDetP071 -->
  <testcase name="testDetP072" time="0.0" classname="tests.uaua.TestDetskoePitanie">
    <skipped/>
  </testcase> <!-- testDetP072 -->
</testsuite> <!-- OperaTest -->
