<?xml version="1.0" encoding="UTF-8"?>
<!-- Generated by org.testng.reporters.JUnitXMLReporter -->
<testsuite hostname="LogicPower2" name="FirefoxTest" tests="196" failures="19" timestamp="19 Jun 2015 13:29:53 GMT" time="4802.938" errors="0">
  <testcase name="test1to3M01" time="13.429" classname="tests.uaua.TestMenu"/>
  <testcase name="test1to3M02" time="15.069" classname="tests.uaua.TestMenu"/>
  <testcase name="test1to3M0201" time="32.586" classname="tests.uaua.TestMenu"/>
  <testcase name="test1to3M03" time="14.375" classname="tests.uaua.TestMenu"/>
  <testcase name="test1to3M04" time="11.759" classname="tests.uaua.TestMenu"/>
  <testcase name="test1to3M05" time="17.575" classname="tests.uaua.TestMenu"/>
  <testcase name="test1to3M06" time="15.655" classname="tests.uaua.TestMenu"/>
  <testcase name="test3to6M01" time="0.274" classname="tests.uaua.TestMenu">
    <failure type="java.lang.AssertionError" message="null">
      <![CDATA[java.lang.AssertionError: null
	at tests.uaua.TestMenu.test3to6M01(TestMenu.java:254)
... Removed 27 stack frames]]>
    </failure>
  </testcase> <!-- test3to6M01 -->
  <testcase name="test3to6M02" time="5.843" classname="tests.uaua.TestMenu"/>
  <testcase name="test3to6M0201" time="30.153" classname="tests.uaua.TestMenu">
    <failure type="java.lang.AssertionError" message="null">
      <![CDATA[java.lang.AssertionError: null
	at tests.uaua.TestMenu.test3to6M0201(TestMenu.java:849)
... Removed 27 stack frames]]>
    </failure>
  </testcase> <!-- test3to6M0201 -->
  <testcase name="test3to6M03" time="13.333" classname="tests.uaua.TestMenu"/>
  <testcase name="test3to6M04" time="11.275" classname="tests.uaua.TestMenu"/>
  <testcase name="test3to6M05" time="16.515" classname="tests.uaua.TestMenu"/>
  <testcase name="test3to6M06" time="10.02" classname="tests.uaua.TestMenu"/>
  <testcase name="test6to9M01" time="0.289" classname="tests.uaua.TestMenu">
    <failure type="java.lang.AssertionError" message="null">
      <![CDATA[java.lang.AssertionError: null
	at tests.uaua.TestMenu.test6to9M01(TestMenu.java:176)
... Removed 27 stack frames]]>
    </failure>
  </testcase> <!-- test6to9M01 -->
  <testcase name="test6to9M02" time="5.692" classname="tests.uaua.TestMenu"/>
  <testcase name="test6to9M0201" time="30.264" classname="tests.uaua.TestMenu">
    <failure type="java.lang.AssertionError" message="null">
      <![CDATA[java.lang.AssertionError: null
	at tests.uaua.TestMenu.test6to9M0201(TestMenu.java:944)
... Removed 27 stack frames]]>
    </failure>
  </testcase> <!-- test6to9M0201 -->
  <testcase name="test6to9M03" time="14.092" classname="tests.uaua.TestMenu"/>
  <testcase name="test6to9M04" time="9.601" classname="tests.uaua.TestMenu"/>
  <testcase name="test6to9M05" time="11.945" classname="tests.uaua.TestMenu"/>
  <testcase name="test6to9M06" time="10.806" classname="tests.uaua.TestMenu"/>
  <testcase name="test6to9M07" time="15.983" classname="tests.uaua.TestMenu"/>
  <testcase name="test9to16M01" time="0.118" classname="tests.uaua.TestMenu">
    <failure type="java.lang.AssertionError" message="null">
      <![CDATA[java.lang.AssertionError: null
	at tests.uaua.TestMenu.test9to16M01(TestMenu.java:271)
... Removed 27 stack frames]]>
    </failure>
  </testcase> <!-- test9to16M01 -->
  <testcase name="test9to16M02" time="7.497" classname="tests.uaua.TestMenu"/>
  <testcase name="test9to16M0201" time="30.193" classname="tests.uaua.TestMenu">
    <failure type="java.lang.AssertionError" message="null">
      <![CDATA[java.lang.AssertionError: null
	at tests.uaua.TestMenu.test9to16M0201(TestMenu.java:1054)
... Removed 27 stack frames]]>
    </failure>
  </testcase> <!-- test9to16M0201 -->
  <testcase name="test9to16M03" time="11.882" classname="tests.uaua.TestMenu"/>
  <testcase name="test9to16M04" time="12.863" classname="tests.uaua.TestMenu"/>
  <testcase name="test9to16M05" time="12.173" classname="tests.uaua.TestMenu"/>
  <testcase name="test9to16M06" time="11.41" classname="tests.uaua.TestMenu"/>
  <testcase name="test9to16M07" time="21.488" classname="tests.uaua.TestMenu"/>
  <testcase name="testMG01" time="10.833" classname="tests.uaua.TestMenu"/>
  <testcase name="testMG02" time="6.997" classname="tests.uaua.TestMenu"/>
  <testcase name="testMG0201" time="30.241" classname="tests.uaua.TestMenu">
    <failure type="java.lang.AssertionError" message="null">
      <![CDATA[java.lang.AssertionError: null
	at tests.uaua.TestMenu.testMG0201(TestMenu.java:380)
... Removed 27 stack frames]]>
    </failure>
  </testcase> <!-- testMG0201 -->
  <testcase name="testMG03" time="10.508" classname="tests.uaua.TestMenu"/>
  <testcase name="testMG04" time="15.307" classname="tests.uaua.TestMenu"/>
  <testcase name="testMG05" time="19.021" classname="tests.uaua.TestMenu"/>
  <testcase name="testMM01" time="95.267" classname="tests.uaua.TestMenu"/>
  <testcase name="testMN01" time="13.173" classname="tests.uaua.TestMenu"/>
  <testcase name="testMN02" time="7.027" classname="tests.uaua.TestMenu"/>
  <testcase name="testMN0201" time="30.161" classname="tests.uaua.TestMenu">
    <failure type="java.lang.AssertionError" message="null">
      <![CDATA[java.lang.AssertionError: null
	at tests.uaua.TestMenu.testMN0201(TestMenu.java:553)
... Removed 27 stack frames]]>
    </failure>
  </testcase> <!-- testMN0201 -->
  <testcase name="testMN03" time="11.455" classname="tests.uaua.TestMenu"/>
  <testcase name="testMN04" time="13.487" classname="tests.uaua.TestMenu"/>
  <testcase name="testMN05" time="14.105" classname="tests.uaua.TestMenu"/>
  <testcase name="testMN06" time="13.571" classname="tests.uaua.TestMenu"/>
  <testcase name="testMN07" time="10.559" classname="tests.uaua.TestMenu"/>
  <testcase name="testMP01" time="16.237" classname="tests.uaua.TestMenu"/>
  <testcase name="testMP02" time="17.183" classname="tests.uaua.TestMenu"/>
  <testcase name="testMP03" time="12.928" classname="tests.uaua.TestMenu"/>
  <testcase name="testMP04" time="13.505" classname="tests.uaua.TestMenu"/>
  <testcase name="testMP05" time="9.659" classname="tests.uaua.TestMenu"/>
  <testcase name="testMR01" time="11.498" classname="tests.uaua.TestMenu"/>
  <testcase name="testMR02" time="5.943" classname="tests.uaua.TestMenu"/>
  <testcase name="testMR03" time="14.451" classname="tests.uaua.TestMenu"/>
  <testcase name="testMR04" time="19.888" classname="tests.uaua.TestMenu"/>
  <testcase name="testMR05" time="10.313" classname="tests.uaua.TestMenu"/>
  <testcase name="testMS01" time="9.416" classname="tests.uaua.TestMenu"/>
  <testcase name="testMS02" time="11.29" classname="tests.uaua.TestMenu"/>
  <testcase name="testMS0201" time="30.731" classname="tests.uaua.TestMenu">
    <failure type="java.lang.AssertionError" message="null">
      <![CDATA[java.lang.AssertionError: null
	at tests.uaua.TestMenu.testMS0201(TestMenu.java:662)
... Removed 27 stack frames]]>
    </failure>
  </testcase> <!-- testMS0201 -->
  <testcase name="testMS03" time="11.756" classname="tests.uaua.TestMenu"/>
  <testcase name="testMS04" time="15.038" classname="tests.uaua.TestMenu"/>
  <testcase name="testMS05" time="12.536" classname="tests.uaua.TestMenu"/>
  <testcase name="testMS06" time="13.887" classname="tests.uaua.TestMenu"/>
  <testcase name="testMS07" time="10.052" classname="tests.uaua.TestMenu"/>
  <testcase name="testMS08" time="18.197" classname="tests.uaua.TestMenu"/>
  <testcase name="testMS09" time="15.721" classname="tests.uaua.TestMenu"/>
  <testcase name="testMS10" time="14.158" classname="tests.uaua.TestMenu"/>
  <testcase name="testMS11" time="13.023" classname="tests.uaua.TestMenu"/>
  <testcase name="testMS12" time="11.426" classname="tests.uaua.TestMenu"/>
  <testcase name="testAKB01" time="59.814" classname="tests.uaua.TestServicesRasschetnue"/>
  <testcase name="testAKB02" time="17.145" classname="tests.uaua.TestServicesRasschetnue"/>
  <testcase name="testBBR01" time="126.257" classname="tests.uaua.TestServicesRasschetnue"/>
  <testcase name="testBM01" time="98.412" classname="tests.uaua.TestServicesRasschetnue">
    <failure type="java.lang.AssertionError" message="null">
      <![CDATA[java.lang.AssertionError: null
	at tests.uaua.TestServicesRasschetnue.testBM01(TestServicesRasschetnue.java:286)
... Removed 27 stack frames]]>
    </failure>
  </testcase> <!-- testBM01 -->
  <testcase name="testKP01" time="21.971" classname="tests.uaua.TestServicesRasschetnue"/>
  <testcase name="testPDG01" time="30.675" classname="tests.uaua.TestServicesRasschetnue"/>
  <testcase name="testRDR01" time="40.629" classname="tests.uaua.TestServicesRasschetnue">
    <failure type="java.lang.AssertionError" message="null">
      <![CDATA[java.lang.AssertionError: null
	at tests.uaua.TestServicesRasschetnue.testRDR01(TestServicesRasschetnue.java:151)
... Removed 27 stack frames]]>
    </failure>
  </testcase> <!-- testRDR01 -->
  <testcase name="testRPMP01" time="46.355" classname="tests.uaua.TestServicesRasschetnue"/>
  <testcase name="testSOP01" time="46.749" classname="tests.uaua.TestServicesRasschetnue">
    <failure type="java.lang.AssertionError" message="null">
      <![CDATA[java.lang.AssertionError: null
	at tests.uaua.TestServicesRasschetnue.testSOP01(TestServicesRasschetnue.java:176)
... Removed 27 stack frames]]>
    </failure>
  </testcase> <!-- testSOP01 -->
  <testcase name="testSTP01" time="20.543" classname="tests.uaua.TestServicesRasschetnue"/>
  <testcase name="testCDR01" time="14.124" classname="tests.uaua.TestUaUaCommonService"/>
  <testcase name="testCDR02" time="9.202" classname="tests.uaua.TestUaUaCommonService"/>
  <testcase name="testCDR03" time="9.273" classname="tests.uaua.TestUaUaCommonService"/>
  <testcase name="testCDR04" time="5.791" classname="tests.uaua.TestUaUaCommonService"/>
  <testcase name="testCDR05" time="10.529" classname="tests.uaua.TestUaUaCommonService"/>
  <testcase name="testCDR06" time="6.536" classname="tests.uaua.TestUaUaCommonService"/>
  <testcase name="testDS01" time="15.896" classname="tests.uaua.TestUaUaCommonService"/>
  <testcase name="testDS02" time="7.69" classname="tests.uaua.TestUaUaCommonService"/>
  <testcase name="testDS03" time="8.301" classname="tests.uaua.TestUaUaCommonService"/>
  <testcase name="testDS04" time="6.646" classname="tests.uaua.TestUaUaCommonService"/>
  <testcase name="testDS05" time="11.016" classname="tests.uaua.TestUaUaCommonService"/>
  <testcase name="testDS06" time="4.865" classname="tests.uaua.TestUaUaCommonService"/>
  <testcase name="testDSch01" time="16.734" classname="tests.uaua.TestUaUaCommonService"/>
  <testcase name="testDSch02" time="10.08" classname="tests.uaua.TestUaUaCommonService"/>
  <testcase name="testDSch03" time="11.82" classname="tests.uaua.TestUaUaCommonService"/>
  <testcase name="testDSch04" time="5.491" classname="tests.uaua.TestUaUaCommonService"/>
  <testcase name="testDSch05" time="8.968" classname="tests.uaua.TestUaUaCommonService"/>
  <testcase name="testDSch06" time="4.492" classname="tests.uaua.TestUaUaCommonService"/>
  <testcase name="testDT01" time="16.439" classname="tests.uaua.TestUaUaCommonService"/>
  <testcase name="testDT02" time="9.529" classname="tests.uaua.TestUaUaCommonService"/>
  <testcase name="testDT03" time="10.053" classname="tests.uaua.TestUaUaCommonService"/>
  <testcase name="testDT04" time="5.709" classname="tests.uaua.TestUaUaCommonService"/>
  <testcase name="testDT05" time="9.981" classname="tests.uaua.TestUaUaCommonService"/>
  <testcase name="testDT06" time="4.532" classname="tests.uaua.TestUaUaCommonService"/>
  <testcase name="testKdB01" time="15.388" classname="tests.uaua.TestUaUaCommonService"/>
  <testcase name="testKdB02" time="8.088" classname="tests.uaua.TestUaUaCommonService"/>
  <testcase name="testKdB03" time="15.41" classname="tests.uaua.TestUaUaCommonService"/>
  <testcase name="testKdB04" time="6.097" classname="tests.uaua.TestUaUaCommonService"/>
  <testcase name="testKdB05" time="11.993" classname="tests.uaua.TestUaUaCommonService"/>
  <testcase name="testKdB06" time="3.644" classname="tests.uaua.TestUaUaCommonService"/>
  <testcase name="testMS01" time="34.847" classname="tests.uaua.TestUaUaCommonService"/>
  <testcase name="testMS02" time="15.034" classname="tests.uaua.TestUaUaCommonService"/>
  <testcase name="testMS03" time="12.685" classname="tests.uaua.TestUaUaCommonService"/>
  <testcase name="testMS04" time="5.225" classname="tests.uaua.TestUaUaCommonService"/>
  <testcase name="testMS05" time="10.881" classname="tests.uaua.TestUaUaCommonService"/>
  <testcase name="testMS06" time="4.808" classname="tests.uaua.TestUaUaCommonService"/>
  <testcase name="testOZ01" time="21.541" classname="tests.uaua.TestUaUaCommonService"/>
  <testcase name="testOZ02" time="12.852" classname="tests.uaua.TestUaUaCommonService"/>
  <testcase name="testOZ03" time="18.715" classname="tests.uaua.TestUaUaCommonService"/>
  <testcase name="testOZ04" time="5.958" classname="tests.uaua.TestUaUaCommonService"/>
  <testcase name="testOZ05" time="11.234" classname="tests.uaua.TestUaUaCommonService"/>
  <testcase name="testOZ06" time="3.632" classname="tests.uaua.TestUaUaCommonService"/>
  <testcase name="testRSD01" time="6.621" classname="tests.uaua.TestUaUaCommonService"/>
  <testcase name="testRSD02" time="34.561" classname="tests.uaua.TestUaUaCommonService">
    <failure type="java.lang.AssertionError" message="null">
      <![CDATA[java.lang.AssertionError: null
	at tests.uaua.TestUaUaCommonService.testRSD02(TestUaUaCommonService.java:137)
... Removed 27 stack frames]]>
    </failure>
  </testcase> <!-- testRSD02 -->
  <testcase name="testRSD03" time="10.218" classname="tests.uaua.TestUaUaCommonService"/>
  <testcase name="testRSD04" time="7.454" classname="tests.uaua.TestUaUaCommonService"/>
  <testcase name="testRSD05" time="8.334" classname="tests.uaua.TestUaUaCommonService"/>
  <testcase name="testRod01" time="15.164" classname="tests.uaua.TestUaUaCommonService"/>
  <testcase name="testRod02" time="8.466" classname="tests.uaua.TestUaUaCommonService"/>
  <testcase name="testRod03" time="9.417" classname="tests.uaua.TestUaUaCommonService"/>
  <testcase name="testRod04" time="5.896" classname="tests.uaua.TestUaUaCommonService"/>
  <testcase name="testRod05" time="10.723" classname="tests.uaua.TestUaUaCommonService"/>
  <testcase name="testRod06" time="3.133" classname="tests.uaua.TestUaUaCommonService"/>
  <testcase name="testSDB01" time="7.865" classname="tests.uaua.TestUaUaCommonService"/>
  <testcase name="testSDB02" time="6.553" classname="tests.uaua.TestUaUaCommonService"/>
  <testcase name="testSDB06" time="13.293" classname="tests.uaua.TestUaUaCommonService"/>
  <testcase name="testSDB07" time="8.498" classname="tests.uaua.TestUaUaCommonService"/>
  <testcase name="testSS01" time="14.033" classname="tests.uaua.TestUaUaCommonService"/>
  <testcase name="testSS02" time="14.343" classname="tests.uaua.TestUaUaCommonService"/>
  <testcase name="testSS03" time="8.984" classname="tests.uaua.TestUaUaCommonService"/>
  <testcase name="testSS04" time="4.688" classname="tests.uaua.TestUaUaCommonService"/>
  <testcase name="testSS05" time="10.26" classname="tests.uaua.TestUaUaCommonService"/>
  <testcase name="testSS06" time="3.443" classname="tests.uaua.TestUaUaCommonService"/>
  <testcase name="testSch01" time="16.535" classname="tests.uaua.TestUaUaCommonService"/>
  <testcase name="testSch02" time="8.19" classname="tests.uaua.TestUaUaCommonService"/>
  <testcase name="testSch03" time="33.423" classname="tests.uaua.TestUaUaCommonService">
    <failure type="java.lang.AssertionError" message="null">
      <![CDATA[java.lang.AssertionError: null
	at tests.uaua.TestUaUaCommonService.testSch03(TestUaUaCommonService.java:1161)
... Removed 27 stack frames]]>
    </failure>
  </testcase> <!-- testSch03 -->
  <testcase name="testSch04" time="5.125" classname="tests.uaua.TestUaUaCommonService"/>
  <testcase name="testSch05" time="8.988" classname="tests.uaua.TestUaUaCommonService"/>
  <testcase name="testSch06" time="4.081" classname="tests.uaua.TestUaUaCommonService"/>
  <testcase name="testTF01" time="19.915" classname="tests.uaua.TestUaUaCommonService"/>
  <testcase name="testTF08" time="9.328" classname="tests.uaua.TestUaUaCommonService"/>
  <testcase name="testTF09" time="3.061" classname="tests.uaua.TestUaUaCommonService"/>
  <testcase name="testU01" time="18.106" classname="tests.uaua.TestUaUaCommonService"/>
  <testcase name="testU02" time="9.517" classname="tests.uaua.TestUaUaCommonService"/>
  <testcase name="testU03" time="9.524" classname="tests.uaua.TestUaUaCommonService"/>
  <testcase name="testU04" time="5.179" classname="tests.uaua.TestUaUaCommonService"/>
  <testcase name="testU05" time="10.753" classname="tests.uaua.TestUaUaCommonService"/>
  <testcase name="testU06" time="3.82" classname="tests.uaua.TestUaUaCommonService"/>
  <testcase name="testZhK01" time="12.166" classname="tests.uaua.TestUaUaCommonService"/>
  <testcase name="testZhK02" time="7.262" classname="tests.uaua.TestUaUaCommonService"/>
  <testcase name="testZhK03" time="8.822" classname="tests.uaua.TestUaUaCommonService"/>
  <testcase name="testZhK04" time="5.047" classname="tests.uaua.TestUaUaCommonService"/>
  <testcase name="testZhK05" time="10.262" classname="tests.uaua.TestUaUaCommonService"/>
  <testcase name="testZhK06" time="3.447" classname="tests.uaua.TestUaUaCommonService"/>
  <testcase name="testAd01" time="53.644" classname="tests.uaua.TestObjavlinija"/>
  <testcase name="testAd02" time="83.234" classname="tests.uaua.TestObjavlinija"/>
  <testcase name="testAd03" time="52.914" classname="tests.uaua.TestObjavlinija"/>
  <testcase name="testAd04" time="62.322" classname="tests.uaua.TestObjavlinija"/>
  <testcase name="testAd05" time="36.273" classname="tests.uaua.TestObjavlinija"/>
  <testcase name="testAd06" time="90.217" classname="tests.uaua.TestObjavlinija"/>
  <testcase name="testAd08" time="60.231" classname="tests.uaua.TestObjavlinija">
    <failure type="org.openqa.selenium.NoSuchElementException" message="Unable to locate element: {&amp;quot;method&amp;quot;:&amp;quot;xpath&amp;quot;,&amp;quot;selector&amp;quot;:&amp;quot;.//*[@id=&amp;apos;firstrow0&amp;apos;]&amp;quot;}
Command duration or timeout: 30.15 seconds
For documentation on this error, please visit: http://seleniumhq.org/exceptions/no_such_element.html
Build info: version: &amp;apos;2.45.0&amp;apos;, revision: &amp;apos;32a636c&amp;apos;, time: &amp;apos;2015-03-05 22:01:35&amp;apos;
System info: host: &amp;apos;LogicPower2&amp;apos;, ip: &amp;apos;10.0.10.206&amp;apos;, os.name: &amp;apos;Windows 7&amp;apos;, os.arch: &amp;apos;amd64&amp;apos;, os.version: &amp;apos;6.1&amp;apos;, java.version: &amp;apos;1.8.0_45&amp;apos;
Driver info: org.openqa.selenium.firefox.FirefoxDriver
Capabilities [{applicationCacheEnabled=true, rotatable=false, handlesAlerts=true, databaseEnabled=true, version=38.0.5, platform=WINDOWS, nativeEvents=false, acceptSslCerts=true, webStorageEnabled=true, locationContextEnabled=true, browserName=firefox, takesScreenshot=true, javascriptEnabled=true, cssSelectorsEnabled=true}]
Session ID: a408cc27-b26f-4388-b1d0-baeb5de67168
*** Element info: {Using=xpath, value=.//*[@id=&amp;apos;firstrow0&amp;apos;]}">
      <![CDATA[org.openqa.selenium.NoSuchElementException: Unable to locate element: {"method":"xpath","selector":".//*[@id='firstrow0']"}
Command duration or timeout: 30.15 seconds
For documentation on this error, please visit: http://seleniumhq.org/exceptions/no_such_element.html
Build info: version: '2.45.0', revision: '32a636c', time: '2015-03-05 22:01:35'
System info: host: 'LogicPower2', ip: '10.0.10.206', os.name: 'Windows 7', os.arch: 'amd64', os.version: '6.1', java.version: '1.8.0_45'
Driver info: org.openqa.selenium.firefox.FirefoxDriver
Capabilities [{applicationCacheEnabled=true, rotatable=false, handlesAlerts=true, databaseEnabled=true, version=38.0.5, platform=WINDOWS, nativeEvents=false, acceptSslCerts=true, webStorageEnabled=true, locationContextEnabled=true, browserName=firefox, takesScreenshot=true, javascriptEnabled=true, cssSelectorsEnabled=true}]
Session ID: a408cc27-b26f-4388-b1d0-baeb5de67168
*** Element info: {Using=xpath, value=.//*[@id='firstrow0']}
	at org.openqa.selenium.remote.ErrorHandler.createThrowable(ErrorHandler.java:204)
	at org.openqa.selenium.remote.ErrorHandler.throwIfResponseFailed(ErrorHandler.java:156)
	at org.openqa.selenium.remote.RemoteWebDriver.execute(RemoteWebDriver.java:599)
	at org.openqa.selenium.remote.RemoteWebDriver.findElement(RemoteWebDriver.java:352)
	at org.openqa.selenium.remote.RemoteWebDriver.findElementByXPath(RemoteWebDriver.java:449)
	at org.openqa.selenium.By$ByXPath.findElement(By.java:357)
	at org.openqa.selenium.remote.RemoteWebDriver.findElement(RemoteWebDriver.java:344)
	at info.uaua.ObjavlinijaObjects.findAddedObyavlenia(ObjavlinijaObjects.java:115)
	at tests.uaua.TestObjavlinija.testAd08(TestObjavlinija.java:194)
Caused by: org.openqa.selenium.NoSuchElementException: Unable to locate element: {"method":"xpath","selector":".//*[@id='firstrow0']"}
For documentation on this error, please visit: http://seleniumhq.org/exceptions/no_such_element.html
Build info: version: '2.45.0', revision: '32a636c', time: '2015-03-05 22:01:35'
System info: host: 'LogicPower2', ip: '10.0.10.206', os.name: 'Windows 7', os.arch: 'amd64', os.version: '6.1', java.version: '1.8.0_45'
Driver info: driver.version: unknown
	at <anonymous class>.FirefoxDriver.prototype.findElementInternal_(file:///C:/Users/Admin/AppData/Local/Temp/anonymous5636096345898289174webdriver-profile/extensions/fxdriver@googlecode.com/components/driver-component.js:10271)
	at <anonymous class>.fxdriver.Timer.prototype.setTimeout/<.notify(file:///C:/Users/Admin/AppData/Local/Temp/anonymous5636096345898289174webdriver-profile/extensions/fxdriver@googlecode.com/components/driver-component.js:603)
... Removed 29 stack frames]]>
    </failure>
  </testcase> <!-- testAd08 -->
  <testcase name="testForI01" time="18.979" classname="tests.uaua.TestForum"/>
  <testcase name="testForN01" time="49.901" classname="tests.uaua.TestForum">
    <failure type="java.lang.AssertionError" message="null">
      <![CDATA[java.lang.AssertionError: null
	at tests.uaua.TestForum.testForN01(TestForum.java:228)
... Removed 27 stack frames]]>
    </failure>
  </testcase> <!-- testForN01 -->
  <testcase name="testForP01" time="2.617" classname="tests.uaua.TestForum">
    <failure type="java.lang.AssertionError" message="expected [true] but found [false]">
      <![CDATA[java.lang.AssertionError: expected [true] but found [false]
	at tests.uaua.TestForum.testForP01(TestForum.java:135)
... Removed 29 stack frames]]>
    </failure>
  </testcase> <!-- testForP01 -->
  <testcase name="testForP02" time="32.958" classname="tests.uaua.TestForum">
    <failure type="java.lang.AssertionError" message="null">
      <![CDATA[java.lang.AssertionError: null
	at tests.uaua.TestForum.testForP02(TestForum.java:151)
... Removed 27 stack frames]]>
    </failure>
  </testcase> <!-- testForP02 -->
  <testcase name="testForP03" time="32.893" classname="tests.uaua.TestForum">
    <failure type="java.lang.AssertionError" message="null">
      <![CDATA[java.lang.AssertionError: null
	at tests.uaua.TestForum.testForP03(TestForum.java:174)
... Removed 27 stack frames]]>
    </failure>
  </testcase> <!-- testForP03 -->
  <testcase name="testForP05" time="8.159" classname="tests.uaua.TestForum"/>
  <testcase name="testForS01" time="13.931" classname="tests.uaua.TestForum"/>
  <testcase name="testForU01" time="6.236" classname="tests.uaua.TestForum"/>
  <testcase name="testDetP011" time="7.415" classname="tests.uaua.TestDetskoePitanie"/>
  <testcase name="testDetP012" time="6.241" classname="tests.uaua.TestDetskoePitanie"/>
  <testcase name="testDetP013" time="0.001" classname="tests.uaua.TestDetskoePitanie"/>
  <testcase name="testDetP021" time="11.539" classname="tests.uaua.TestDetskoePitanie"/>
  <testcase name="testDetP022" time="28.163" classname="tests.uaua.TestDetskoePitanie"/>
  <testcase name="testDetP03" time="10.287" classname="tests.uaua.TestDetskoePitanie"/>
  <testcase name="testDetP032" time="22.398" classname="tests.uaua.TestDetskoePitanie"/>
  <testcase name="testDetP041" time="8.213" classname="tests.uaua.TestDetskoePitanie"/>
  <testcase name="testDetP042" time="18.313" classname="tests.uaua.TestDetskoePitanie"/>
  <testcase name="testDetP051" time="9.675" classname="tests.uaua.TestDetskoePitanie"/>
  <testcase name="testDetP052" time="22.04" classname="tests.uaua.TestDetskoePitanie"/>
  <testcase name="testDetP061" time="8.303" classname="tests.uaua.TestDetskoePitanie"/>
  <testcase name="testDetP062" time="20.368" classname="tests.uaua.TestDetskoePitanie"/>
  <testcase name="testDetP071" time="7.778" classname="tests.uaua.TestDetskoePitanie"/>
  <testcase name="testDetP072" time="18.987" classname="tests.uaua.TestDetskoePitanie"/>
  <testcase name="testDetP081" time="9.084" classname="tests.uaua.TestDetskoePitanie"/>
  <testcase name="testDetP082" time="32.922" classname="tests.uaua.TestDetskoePitanie"/>
  <testcase name="testDetP09" time="26.748" classname="tests.uaua.TestDetskoePitanie"/>
  <testcase name="testDetP10" time="4.336" classname="tests.uaua.TestDetskoePitanie"/>
</testsuite> <!-- FirefoxTest -->
