<?xml version="1.0" encoding="UTF-8" ?>
<testsuite tests="196" failures="30" name="TestSuite" time="4,017.705" errors="0" skipped="0">
  <properties>
    <property name="java.runtime.name" value="Java(TM) SE Runtime Environment"/>
    <property name="sun.boot.library.path" value="C:\Program Files\Java\jdk1.8.0_45\jre\bin"/>
    <property name="java.vm.version" value="25.45-b02"/>
    <property name="java.vm.vendor" value="Oracle Corporation"/>
    <property name="java.vendor.url" value="http://java.oracle.com/"/>
    <property name="path.separator" value=";"/>
    <property name="java.vm.name" value="Java HotSpot(TM) 64-Bit Server VM"/>
    <property name="file.encoding.pkg" value="sun.io"/>
    <property name="user.script" value=""/>
    <property name="user.country" value="RU"/>
    <property name="sun.java.launcher" value="SUN_STANDARD"/>
    <property name="sun.os.patch.level" value="Service Pack 1"/>
    <property name="java.vm.specification.name" value="Java Virtual Machine Specification"/>
    <property name="user.dir" value="D:\UaUa\UauaTests"/>
    <property name="java.runtime.version" value="1.8.0_45-b14"/>
    <property name="java.awt.graphicsenv" value="sun.awt.Win32GraphicsEnvironment"/>
    <property name="basedir" value="D:\UaUa\UauaTests"/>
    <property name="java.endorsed.dirs" value="C:\Program Files\Java\jdk1.8.0_45\jre\lib\endorsed"/>
    <property name="os.arch" value="amd64"/>
    <property name="surefire.real.class.path" value="C:\Windows\TEMP\surefirebooter9052730998043930367.jar"/>
    <property name="java.io.tmpdir" value="C:\Windows\TEMP\"/>
    <property name="line.separator" value="
"/>
    <property name="java.vm.specification.vendor" value="Oracle Corporation"/>
    <property name="user.variant" value=""/>
    <property name="os.name" value="Windows 7"/>
    <property name="sun.jnu.encoding" value="Cp1251"/>
    <property name="java.library.path" value="C:\Program Files\Java\jdk1.8.0_45\jre\bin;C:\Windows\Sun\Java\bin;C:\Windows\system32;C:\Windows;C:\Program Files (x86)\Jenkins\tools\hudson.tasks.Maven_MavenInstallation\Maven/bin;C:\Program Files\Java\jdk1.8.0_45/bin;C:\Program Files\Java\jdk1.8.0_45/bin;C:\ProgramData\Oracle\Java\javapath;C:\Windows\system32;C:\Windows;C:\Windows\System32\Wbem;C:\Windows\System32\WindowsPowerShell\v1.0\;C:\Program Files\7-Zip;C:\Program Files (x86)\Skype\Phone\;C:\Program Files\Apache Software Foundation\apache-maven-3.3.3\bin;C:\Git\cmd;;."/>
    <property name="surefire.test.class.path" value="D:\UaUa\UauaTests\target\test-classes;D:\UaUa\UauaTests\target\classes;C:\Windows\system32\config\systemprofile\.m2\repository\org\testng\testng\6.8.8\testng-6.8.8.jar;C:\Windows\system32\config\systemprofile\.m2\repository\org\beanshell\bsh\2.0b4\bsh-2.0b4.jar;C:\Windows\system32\config\systemprofile\.m2\repository\com\beust\jcommander\1.27\jcommander-1.27.jar;C:\Windows\system32\config\systemprofile\.m2\repository\org\seleniumhq\selenium\selenium-java\2.45.0\selenium-java-2.45.0.jar;C:\Windows\system32\config\systemprofile\.m2\repository\org\seleniumhq\selenium\selenium-chrome-driver\2.45.0\selenium-chrome-driver-2.45.0.jar;C:\Windows\system32\config\systemprofile\.m2\repository\org\seleniumhq\selenium\selenium-htmlunit-driver\2.45.0\selenium-htmlunit-driver-2.45.0.jar;C:\Windows\system32\config\systemprofile\.m2\repository\net\sourceforge\htmlunit\htmlunit\2.15\htmlunit-2.15.jar;C:\Windows\system32\config\systemprofile\.m2\repository\xalan\xalan\2.7.1\xalan-2.7.1.jar;C:\Windows\system32\config\systemprofile\.m2\repository\xalan\serializer\2.7.1\serializer-2.7.1.jar;C:\Windows\system32\config\systemprofile\.m2\repository\commons-collections\commons-collections\3.2.1\commons-collections-3.2.1.jar;C:\Windows\system32\config\systemprofile\.m2\repository\org\apache\commons\commons-lang3\3.3.2\commons-lang3-3.3.2.jar;C:\Windows\system32\config\systemprofile\.m2\repository\net\sourceforge\htmlunit\htmlunit-core-js\2.15\htmlunit-core-js-2.15.jar;C:\Windows\system32\config\systemprofile\.m2\repository\xerces\xercesImpl\2.11.0\xercesImpl-2.11.0.jar;C:\Windows\system32\config\systemprofile\.m2\repository\xml-apis\xml-apis\1.4.01\xml-apis-1.4.01.jar;C:\Windows\system32\config\systemprofile\.m2\repository\net\sourceforge\nekohtml\nekohtml\1.9.21\nekohtml-1.9.21.jar;C:\Windows\system32\config\systemprofile\.m2\repository\net\sourceforge\cssparser\cssparser\0.9.14\cssparser-0.9.14.jar;C:\Windows\system32\config\systemprofile\.m2\repository\org\w3c\css\sac\1.3\sac-1.3.jar;C:\Windows\system32\config\systemprofile\.m2\repository\org\eclipse\jetty\jetty-websocket\8.1.15.v20140411\jetty-websocket-8.1.15.v20140411.jar;C:\Windows\system32\config\systemprofile\.m2\repository\org\eclipse\jetty\jetty-util\8.1.15.v20140411\jetty-util-8.1.15.v20140411.jar;C:\Windows\system32\config\systemprofile\.m2\repository\org\seleniumhq\selenium\selenium-ie-driver\2.45.0\selenium-ie-driver-2.45.0.jar;C:\Windows\system32\config\systemprofile\.m2\repository\net\java\dev\jna\jna\3.4.0\jna-3.4.0.jar;C:\Windows\system32\config\systemprofile\.m2\repository\net\java\dev\jna\platform\3.4.0\platform-3.4.0.jar;C:\Windows\system32\config\systemprofile\.m2\repository\org\seleniumhq\selenium\selenium-safari-driver\2.45.0\selenium-safari-driver-2.45.0.jar;C:\Windows\system32\config\systemprofile\.m2\repository\org\seleniumhq\selenium\selenium-support\2.45.0\selenium-support-2.45.0.jar;C:\Windows\system32\config\systemprofile\.m2\repository\org\webbitserver\webbit\0.4.14\webbit-0.4.14.jar;C:\Windows\system32\config\systemprofile\.m2\repository\io\netty\netty\3.5.2.Final\netty-3.5.2.Final.jar;C:\Windows\system32\config\systemprofile\.m2\repository\org\seleniumhq\selenium\selenium-leg-rc\2.45.0\selenium-leg-rc-2.45.0.jar;C:\Windows\system32\config\systemprofile\.m2\repository\org\seleniumhq\selenium\selenium-firefox-driver\2.45.0\selenium-firefox-driver-2.45.0.jar;C:\Windows\system32\config\systemprofile\.m2\repository\org\seleniumhq\selenium\selenium-remote-driver\2.45.0\selenium-remote-driver-2.45.0.jar;C:\Windows\system32\config\systemprofile\.m2\repository\cglib\cglib-nodep\2.1_3\cglib-nodep-2.1_3.jar;C:\Windows\system32\config\systemprofile\.m2\repository\com\google\code\gson\gson\2.3.1\gson-2.3.1.jar;C:\Windows\system32\config\systemprofile\.m2\repository\org\seleniumhq\selenium\selenium-api\2.45.0\selenium-api-2.45.0.jar;C:\Windows\system32\config\systemprofile\.m2\repository\com\google\guava\guava\18.0\guava-18.0.jar;C:\Windows\system32\config\systemprofile\.m2\repository\commons-io\commons-io\2.4\commons-io-2.4.jar;C:\Windows\system32\config\systemprofile\.m2\repository\org\apache\commons\commons-exec\1.1\commons-exec-1.1.jar;C:\Windows\system32\config\systemprofile\.m2\repository\org\seleniumhq\selenium\selenium-server\2.45.0\selenium-server-2.45.0.jar;C:\Windows\system32\config\systemprofile\.m2\repository\org\bouncycastle\bcprov-jdk15on\1.48\bcprov-jdk15on-1.48.jar;C:\Windows\system32\config\systemprofile\.m2\repository\org\bouncycastle\bcpkix-jdk15on\1.48\bcpkix-jdk15on-1.48.jar;C:\Windows\system32\config\systemprofile\.m2\repository\mx4j\mx4j-tools\3.0.1\mx4j-tools-3.0.1.jar;C:\Windows\system32\config\systemprofile\.m2\repository\org\mortbay\jetty\servlet-api-2.5\6.1.9\servlet-api-2.5-6.1.9.jar;C:\Windows\system32\config\systemprofile\.m2\repository\org\seleniumhq\selenium\jetty-repacked\7.6.1\jetty-repacked-7.6.1.jar;C:\Windows\system32\config\systemprofile\.m2\repository\org\seleniumhq\selenium\jetty-rc-repacked\5\jetty-rc-repacked-5.jar;C:\Windows\system32\config\systemprofile\.m2\repository\net\jcip\jcip-annotations\1.0\jcip-annotations-1.0.jar;C:\Windows\system32\config\systemprofile\.m2\repository\org\yaml\snakeyaml\1.8\snakeyaml-1.8.jar;C:\Windows\system32\config\systemprofile\.m2\repository\commons-codec\commons-codec\1.9\commons-codec-1.9.jar;C:\Windows\system32\config\systemprofile\.m2\repository\net\lightbody\bmp\browsermob-proxy\2.0-beta-9\browsermob-proxy-2.0-beta-9.jar;C:\Windows\system32\config\systemprofile\.m2\repository\org\slf4j\slf4j-api\1.5.3\slf4j-api-1.5.3.jar;C:\Windows\system32\config\systemprofile\.m2\repository\org\slf4j\slf4j-jdk14\1.5.3\slf4j-jdk14-1.5.3.jar;C:\Windows\system32\config\systemprofile\.m2\repository\com\google\sitebricks\sitebricks\0.8.3\sitebricks-0.8.3.jar;C:\Windows\system32\config\systemprofile\.m2\repository\org\mvel\mvel2\2.0.18\mvel2-2.0.18.jar;C:\Windows\system32\config\systemprofile\.m2\repository\com\intellij\annotations\7.0.3\annotations-7.0.3.jar;C:\Windows\system32\config\systemprofile\.m2\repository\commons-httpclient\commons-httpclient\3.1\commons-httpclient-3.1.jar;C:\Windows\system32\config\systemprofile\.m2\repository\commons-lang\commons-lang\2.5\commons-lang-2.5.jar;C:\Windows\system32\config\systemprofile\.m2\repository\dom4j\dom4j\1.6.1\dom4j-1.6.1.jar;C:\Windows\system32\config\systemprofile\.m2\repository\jaxen\jaxen\1.1.1\jaxen-1.1.1.jar;C:\Windows\system32\config\systemprofile\.m2\repository\jdom\jdom\1.0\jdom-1.0.jar;C:\Windows\system32\config\systemprofile\.m2\repository\xom\xom\1.0\xom-1.0.jar;C:\Windows\system32\config\systemprofile\.m2\repository\xerces\xmlParserAPIs\2.6.2\xmlParserAPIs-2.6.2.jar;C:\Windows\system32\config\systemprofile\.m2\repository\com\ibm\icu\icu4j\2.6.1\icu4j-2.6.1.jar;C:\Windows\system32\config\systemprofile\.m2\repository\saxpath\saxpath\1.0-FCS\saxpath-1.0-FCS.jar;C:\Windows\system32\config\systemprofile\.m2\repository\javax\servlet\servlet-api\2.5\servlet-api-2.5.jar;C:\Windows\system32\config\systemprofile\.m2\repository\com\thoughtworks\xstream\xstream\1.3.1\xstream-1.3.1.jar;C:\Windows\system32\config\systemprofile\.m2\repository\xpp3\xpp3_min\1.1.4c\xpp3_min-1.1.4c.jar;C:\Windows\system32\config\systemprofile\.m2\repository\org\jsoup\jsoup\1.4.1\jsoup-1.4.1.jar;C:\Windows\system32\config\systemprofile\.m2\repository\org\freemarker\freemarker\2.3.10\freemarker-2.3.10.jar;C:\Windows\system32\config\systemprofile\.m2\repository\com\google\inject\extensions\guice-multibindings\3.0\guice-multibindings-3.0.jar;C:\Windows\system32\config\systemprofile\.m2\repository\org\codehaus\jackson\jackson-core-asl\1.7.1\jackson-core-asl-1.7.1.jar;C:\Windows\system32\config\systemprofile\.m2\repository\org\codehaus\jackson\jackson-mapper-asl\1.7.1\jackson-mapper-asl-1.7.1.jar;C:\Windows\system32\config\systemprofile\.m2\repository\org\apache\httpcomponents\httpmime\4.2.3\httpmime-4.2.3.jar;C:\Windows\system32\config\systemprofile\.m2\repository\net\sf\jopt-simple\jopt-simple\3.2\jopt-simple-3.2.jar;C:\Windows\system32\config\systemprofile\.m2\repository\org\apache\ant\ant\1.8.2\ant-1.8.2.jar;C:\Windows\system32\config\systemprofile\.m2\repository\org\apache\ant\ant-launcher\1.8.2\ant-launcher-1.8.2.jar;C:\Windows\system32\config\systemprofile\.m2\repository\org\eclipse\jetty\jetty-server\7.3.0.v20110203\jetty-server-7.3.0.v20110203.jar;C:\Windows\system32\config\systemprofile\.m2\repository\org\eclipse\jetty\jetty-continuation\7.3.0.v20110203\jetty-continuation-7.3.0.v20110203.jar;C:\Windows\system32\config\systemprofile\.m2\repository\org\eclipse\jetty\jetty-http\7.3.0.v20110203\jetty-http-7.3.0.v20110203.jar;C:\Windows\system32\config\systemprofile\.m2\repository\org\eclipse\jetty\jetty-io\7.3.0.v20110203\jetty-io-7.3.0.v20110203.jar;C:\Windows\system32\config\systemprofile\.m2\repository\org\eclipse\jetty\jetty-servlet\7.3.0.v20110203\jetty-servlet-7.3.0.v20110203.jar;C:\Windows\system32\config\systemprofile\.m2\repository\org\eclipse\jetty\jetty-security\7.3.0.v20110203\jetty-security-7.3.0.v20110203.jar;C:\Windows\system32\config\systemprofile\.m2\repository\com\google\inject\guice\3.0\guice-3.0.jar;C:\Windows\system32\config\systemprofile\.m2\repository\javax\inject\javax.inject\1\javax.inject-1.jar;C:\Windows\system32\config\systemprofile\.m2\repository\aopalliance\aopalliance\1.0\aopalliance-1.0.jar;C:\Windows\system32\config\systemprofile\.m2\repository\com\google\inject\extensions\guice-servlet\3.0\guice-servlet-3.0.jar;C:\Windows\system32\config\systemprofile\.m2\repository\net\sf\uadetector\uadetector-resources\2013.10\uadetector-resources-2013.10.jar;C:\Windows\system32\config\systemprofile\.m2\repository\net\sf\uadetector\uadetector-core\0.9.10\uadetector-core-0.9.10.jar;C:\Windows\system32\config\systemprofile\.m2\repository\net\sf\qualitycheck\quality-check\1.3\quality-check-1.3.jar;C:\Windows\system32\config\systemprofile\.m2\repository\com\google\code\findbugs\jsr305\2.0.1\jsr305-2.0.1.jar;C:\Windows\system32\config\systemprofile\.m2\repository\javax\annotation\jsr250-api\1.0\jsr250-api-1.0.jar;C:\Windows\system32\config\systemprofile\.m2\repository\org\apache\httpcomponents\httpclient\4.3.6\httpclient-4.3.6.jar;C:\Windows\system32\config\systemprofile\.m2\repository\org\apache\httpcomponents\httpcore\4.3.3\httpcore-4.3.3.jar;C:\Windows\system32\config\systemprofile\.m2\repository\commons-logging\commons-logging\1.1.3\commons-logging-1.1.3.jar;"/>
    <property name="java.specification.name" value="Java Platform API Specification"/>
    <property name="java.class.version" value="52.0"/>
    <property name="sun.management.compiler" value="HotSpot 64-Bit Tiered Compilers"/>
    <property name="os.version" value="6.1"/>
    <property name="user.home" value="C:\Windows\system32\config\systemprofile"/>
    <property name="user.timezone" value="Europe/Helsinki"/>
    <property name="java.awt.printerjob" value="sun.awt.windows.WPrinterJob"/>
    <property name="java.specification.version" value="1.8"/>
    <property name="file.encoding" value="Cp1251"/>
    <property name="user.name" value="LOGICPOWER2$"/>
    <property name="java.class.path" value="D:\UaUa\UauaTests\target\test-classes;D:\UaUa\UauaTests\target\classes;C:\Windows\system32\config\systemprofile\.m2\repository\org\testng\testng\6.8.8\testng-6.8.8.jar;C:\Windows\system32\config\systemprofile\.m2\repository\org\beanshell\bsh\2.0b4\bsh-2.0b4.jar;C:\Windows\system32\config\systemprofile\.m2\repository\com\beust\jcommander\1.27\jcommander-1.27.jar;C:\Windows\system32\config\systemprofile\.m2\repository\org\seleniumhq\selenium\selenium-java\2.45.0\selenium-java-2.45.0.jar;C:\Windows\system32\config\systemprofile\.m2\repository\org\seleniumhq\selenium\selenium-chrome-driver\2.45.0\selenium-chrome-driver-2.45.0.jar;C:\Windows\system32\config\systemprofile\.m2\repository\org\seleniumhq\selenium\selenium-htmlunit-driver\2.45.0\selenium-htmlunit-driver-2.45.0.jar;C:\Windows\system32\config\systemprofile\.m2\repository\net\sourceforge\htmlunit\htmlunit\2.15\htmlunit-2.15.jar;C:\Windows\system32\config\systemprofile\.m2\repository\xalan\xalan\2.7.1\xalan-2.7.1.jar;C:\Windows\system32\config\systemprofile\.m2\repository\xalan\serializer\2.7.1\serializer-2.7.1.jar;C:\Windows\system32\config\systemprofile\.m2\repository\commons-collections\commons-collections\3.2.1\commons-collections-3.2.1.jar;C:\Windows\system32\config\systemprofile\.m2\repository\org\apache\commons\commons-lang3\3.3.2\commons-lang3-3.3.2.jar;C:\Windows\system32\config\systemprofile\.m2\repository\net\sourceforge\htmlunit\htmlunit-core-js\2.15\htmlunit-core-js-2.15.jar;C:\Windows\system32\config\systemprofile\.m2\repository\xerces\xercesImpl\2.11.0\xercesImpl-2.11.0.jar;C:\Windows\system32\config\systemprofile\.m2\repository\xml-apis\xml-apis\1.4.01\xml-apis-1.4.01.jar;C:\Windows\system32\config\systemprofile\.m2\repository\net\sourceforge\nekohtml\nekohtml\1.9.21\nekohtml-1.9.21.jar;C:\Windows\system32\config\systemprofile\.m2\repository\net\sourceforge\cssparser\cssparser\0.9.14\cssparser-0.9.14.jar;C:\Windows\system32\config\systemprofile\.m2\repository\org\w3c\css\sac\1.3\sac-1.3.jar;C:\Windows\system32\config\systemprofile\.m2\repository\org\eclipse\jetty\jetty-websocket\8.1.15.v20140411\jetty-websocket-8.1.15.v20140411.jar;C:\Windows\system32\config\systemprofile\.m2\repository\org\eclipse\jetty\jetty-util\8.1.15.v20140411\jetty-util-8.1.15.v20140411.jar;C:\Windows\system32\config\systemprofile\.m2\repository\org\seleniumhq\selenium\selenium-ie-driver\2.45.0\selenium-ie-driver-2.45.0.jar;C:\Windows\system32\config\systemprofile\.m2\repository\net\java\dev\jna\jna\3.4.0\jna-3.4.0.jar;C:\Windows\system32\config\systemprofile\.m2\repository\net\java\dev\jna\platform\3.4.0\platform-3.4.0.jar;C:\Windows\system32\config\systemprofile\.m2\repository\org\seleniumhq\selenium\selenium-safari-driver\2.45.0\selenium-safari-driver-2.45.0.jar;C:\Windows\system32\config\systemprofile\.m2\repository\org\seleniumhq\selenium\selenium-support\2.45.0\selenium-support-2.45.0.jar;C:\Windows\system32\config\systemprofile\.m2\repository\org\webbitserver\webbit\0.4.14\webbit-0.4.14.jar;C:\Windows\system32\config\systemprofile\.m2\repository\io\netty\netty\3.5.2.Final\netty-3.5.2.Final.jar;C:\Windows\system32\config\systemprofile\.m2\repository\org\seleniumhq\selenium\selenium-leg-rc\2.45.0\selenium-leg-rc-2.45.0.jar;C:\Windows\system32\config\systemprofile\.m2\repository\org\seleniumhq\selenium\selenium-firefox-driver\2.45.0\selenium-firefox-driver-2.45.0.jar;C:\Windows\system32\config\systemprofile\.m2\repository\org\seleniumhq\selenium\selenium-remote-driver\2.45.0\selenium-remote-driver-2.45.0.jar;C:\Windows\system32\config\systemprofile\.m2\repository\cglib\cglib-nodep\2.1_3\cglib-nodep-2.1_3.jar;C:\Windows\system32\config\systemprofile\.m2\repository\com\google\code\gson\gson\2.3.1\gson-2.3.1.jar;C:\Windows\system32\config\systemprofile\.m2\repository\org\seleniumhq\selenium\selenium-api\2.45.0\selenium-api-2.45.0.jar;C:\Windows\system32\config\systemprofile\.m2\repository\com\google\guava\guava\18.0\guava-18.0.jar;C:\Windows\system32\config\systemprofile\.m2\repository\commons-io\commons-io\2.4\commons-io-2.4.jar;C:\Windows\system32\config\systemprofile\.m2\repository\org\apache\commons\commons-exec\1.1\commons-exec-1.1.jar;C:\Windows\system32\config\systemprofile\.m2\repository\org\seleniumhq\selenium\selenium-server\2.45.0\selenium-server-2.45.0.jar;C:\Windows\system32\config\systemprofile\.m2\repository\org\bouncycastle\bcprov-jdk15on\1.48\bcprov-jdk15on-1.48.jar;C:\Windows\system32\config\systemprofile\.m2\repository\org\bouncycastle\bcpkix-jdk15on\1.48\bcpkix-jdk15on-1.48.jar;C:\Windows\system32\config\systemprofile\.m2\repository\mx4j\mx4j-tools\3.0.1\mx4j-tools-3.0.1.jar;C:\Windows\system32\config\systemprofile\.m2\repository\org\mortbay\jetty\servlet-api-2.5\6.1.9\servlet-api-2.5-6.1.9.jar;C:\Windows\system32\config\systemprofile\.m2\repository\org\seleniumhq\selenium\jetty-repacked\7.6.1\jetty-repacked-7.6.1.jar;C:\Windows\system32\config\systemprofile\.m2\repository\org\seleniumhq\selenium\jetty-rc-repacked\5\jetty-rc-repacked-5.jar;C:\Windows\system32\config\systemprofile\.m2\repository\net\jcip\jcip-annotations\1.0\jcip-annotations-1.0.jar;C:\Windows\system32\config\systemprofile\.m2\repository\org\yaml\snakeyaml\1.8\snakeyaml-1.8.jar;C:\Windows\system32\config\systemprofile\.m2\repository\commons-codec\commons-codec\1.9\commons-codec-1.9.jar;C:\Windows\system32\config\systemprofile\.m2\repository\net\lightbody\bmp\browsermob-proxy\2.0-beta-9\browsermob-proxy-2.0-beta-9.jar;C:\Windows\system32\config\systemprofile\.m2\repository\org\slf4j\slf4j-api\1.5.3\slf4j-api-1.5.3.jar;C:\Windows\system32\config\systemprofile\.m2\repository\org\slf4j\slf4j-jdk14\1.5.3\slf4j-jdk14-1.5.3.jar;C:\Windows\system32\config\systemprofile\.m2\repository\com\google\sitebricks\sitebricks\0.8.3\sitebricks-0.8.3.jar;C:\Windows\system32\config\systemprofile\.m2\repository\org\mvel\mvel2\2.0.18\mvel2-2.0.18.jar;C:\Windows\system32\config\systemprofile\.m2\repository\com\intellij\annotations\7.0.3\annotations-7.0.3.jar;C:\Windows\system32\config\systemprofile\.m2\repository\commons-httpclient\commons-httpclient\3.1\commons-httpclient-3.1.jar;C:\Windows\system32\config\systemprofile\.m2\repository\commons-lang\commons-lang\2.5\commons-lang-2.5.jar;C:\Windows\system32\config\systemprofile\.m2\repository\dom4j\dom4j\1.6.1\dom4j-1.6.1.jar;C:\Windows\system32\config\systemprofile\.m2\repository\jaxen\jaxen\1.1.1\jaxen-1.1.1.jar;C:\Windows\system32\config\systemprofile\.m2\repository\jdom\jdom\1.0\jdom-1.0.jar;C:\Windows\system32\config\systemprofile\.m2\repository\xom\xom\1.0\xom-1.0.jar;C:\Windows\system32\config\systemprofile\.m2\repository\xerces\xmlParserAPIs\2.6.2\xmlParserAPIs-2.6.2.jar;C:\Windows\system32\config\systemprofile\.m2\repository\com\ibm\icu\icu4j\2.6.1\icu4j-2.6.1.jar;C:\Windows\system32\config\systemprofile\.m2\repository\saxpath\saxpath\1.0-FCS\saxpath-1.0-FCS.jar;C:\Windows\system32\config\systemprofile\.m2\repository\javax\servlet\servlet-api\2.5\servlet-api-2.5.jar;C:\Windows\system32\config\systemprofile\.m2\repository\com\thoughtworks\xstream\xstream\1.3.1\xstream-1.3.1.jar;C:\Windows\system32\config\systemprofile\.m2\repository\xpp3\xpp3_min\1.1.4c\xpp3_min-1.1.4c.jar;C:\Windows\system32\config\systemprofile\.m2\repository\org\jsoup\jsoup\1.4.1\jsoup-1.4.1.jar;C:\Windows\system32\config\systemprofile\.m2\repository\org\freemarker\freemarker\2.3.10\freemarker-2.3.10.jar;C:\Windows\system32\config\systemprofile\.m2\repository\com\google\inject\extensions\guice-multibindings\3.0\guice-multibindings-3.0.jar;C:\Windows\system32\config\systemprofile\.m2\repository\org\codehaus\jackson\jackson-core-asl\1.7.1\jackson-core-asl-1.7.1.jar;C:\Windows\system32\config\systemprofile\.m2\repository\org\codehaus\jackson\jackson-mapper-asl\1.7.1\jackson-mapper-asl-1.7.1.jar;C:\Windows\system32\config\systemprofile\.m2\repository\org\apache\httpcomponents\httpmime\4.2.3\httpmime-4.2.3.jar;C:\Windows\system32\config\systemprofile\.m2\repository\net\sf\jopt-simple\jopt-simple\3.2\jopt-simple-3.2.jar;C:\Windows\system32\config\systemprofile\.m2\repository\org\apache\ant\ant\1.8.2\ant-1.8.2.jar;C:\Windows\system32\config\systemprofile\.m2\repository\org\apache\ant\ant-launcher\1.8.2\ant-launcher-1.8.2.jar;C:\Windows\system32\config\systemprofile\.m2\repository\org\eclipse\jetty\jetty-server\7.3.0.v20110203\jetty-server-7.3.0.v20110203.jar;C:\Windows\system32\config\systemprofile\.m2\repository\org\eclipse\jetty\jetty-continuation\7.3.0.v20110203\jetty-continuation-7.3.0.v20110203.jar;C:\Windows\system32\config\systemprofile\.m2\repository\org\eclipse\jetty\jetty-http\7.3.0.v20110203\jetty-http-7.3.0.v20110203.jar;C:\Windows\system32\config\systemprofile\.m2\repository\org\eclipse\jetty\jetty-io\7.3.0.v20110203\jetty-io-7.3.0.v20110203.jar;C:\Windows\system32\config\systemprofile\.m2\repository\org\eclipse\jetty\jetty-servlet\7.3.0.v20110203\jetty-servlet-7.3.0.v20110203.jar;C:\Windows\system32\config\systemprofile\.m2\repository\org\eclipse\jetty\jetty-security\7.3.0.v20110203\jetty-security-7.3.0.v20110203.jar;C:\Windows\system32\config\systemprofile\.m2\repository\com\google\inject\guice\3.0\guice-3.0.jar;C:\Windows\system32\config\systemprofile\.m2\repository\javax\inject\javax.inject\1\javax.inject-1.jar;C:\Windows\system32\config\systemprofile\.m2\repository\aopalliance\aopalliance\1.0\aopalliance-1.0.jar;C:\Windows\system32\config\systemprofile\.m2\repository\com\google\inject\extensions\guice-servlet\3.0\guice-servlet-3.0.jar;C:\Windows\system32\config\systemprofile\.m2\repository\net\sf\uadetector\uadetector-resources\2013.10\uadetector-resources-2013.10.jar;C:\Windows\system32\config\systemprofile\.m2\repository\net\sf\uadetector\uadetector-core\0.9.10\uadetector-core-0.9.10.jar;C:\Windows\system32\config\systemprofile\.m2\repository\net\sf\qualitycheck\quality-check\1.3\quality-check-1.3.jar;C:\Windows\system32\config\systemprofile\.m2\repository\com\google\code\findbugs\jsr305\2.0.1\jsr305-2.0.1.jar;C:\Windows\system32\config\systemprofile\.m2\repository\javax\annotation\jsr250-api\1.0\jsr250-api-1.0.jar;C:\Windows\system32\config\systemprofile\.m2\repository\org\apache\httpcomponents\httpclient\4.3.6\httpclient-4.3.6.jar;C:\Windows\system32\config\systemprofile\.m2\repository\org\apache\httpcomponents\httpcore\4.3.3\httpcore-4.3.3.jar;C:\Windows\system32\config\systemprofile\.m2\repository\commons-logging\commons-logging\1.1.3\commons-logging-1.1.3.jar;"/>
    <property name="java.vm.specification.version" value="1.8"/>
    <property name="sun.arch.data.model" value="64"/>
    <property name="java.home" value="C:\Program Files\Java\jdk1.8.0_45\jre"/>
    <property name="sun.java.command" value="C:\Windows\TEMP\surefirebooter9052730998043930367.jar C:\Windows\TEMP\surefire5523513525414892958tmp C:\Windows\TEMP\surefire8300510938004841865tmp"/>
    <property name="java.specification.vendor" value="Oracle Corporation"/>
    <property name="user.language" value="ru"/>
    <property name="awt.toolkit" value="sun.awt.windows.WToolkit"/>
    <property name="java.vm.info" value="mixed mode"/>
    <property name="java.version" value="1.8.0_45"/>
    <property name="java.ext.dirs" value="C:\Program Files\Java\jdk1.8.0_45\jre\lib\ext;C:\Windows\Sun\Java\lib\ext"/>
    <property name="sun.boot.class.path" value="C:\Program Files\Java\jdk1.8.0_45\jre\lib\resources.jar;C:\Program Files\Java\jdk1.8.0_45\jre\lib\rt.jar;C:\Program Files\Java\jdk1.8.0_45\jre\lib\sunrsasign.jar;C:\Program Files\Java\jdk1.8.0_45\jre\lib\jsse.jar;C:\Program Files\Java\jdk1.8.0_45\jre\lib\jce.jar;C:\Program Files\Java\jdk1.8.0_45\jre\lib\charsets.jar;C:\Program Files\Java\jdk1.8.0_45\jre\lib\jfr.jar;C:\Program Files\Java\jdk1.8.0_45\jre\classes"/>
    <property name="java.vendor" value="Oracle Corporation"/>
    <property name="localRepository" value="C:\Windows\system32\config\systemprofile\.m2\repository"/>
    <property name="file.separator" value="\"/>
    <property name="java.vendor.url.bug" value="http://bugreport.sun.com/bugreport/"/>
    <property name="sun.cpu.endian" value="little"/>
    <property name="sun.io.unicode.encoding" value="UnicodeLittle"/>
    <property name="sun.desktop" value="windows"/>
    <property name="sun.cpu.isalist" value="amd64"/>
  </properties>
  <testcase classname="tests.uaua.TestObjavlinija" name="testAd01" time="67.724"/>
  <testcase classname="tests.uaua.TestObjavlinija" name="testAd02" time="40.605"/>
  <testcase classname="tests.uaua.TestObjavlinija" name="testAd03" time="49.295"/>
  <testcase classname="tests.uaua.TestObjavlinija" name="testAd04" time="52.936"/>
  <testcase classname="tests.uaua.TestObjavlinija" name="testAd05" time="34.248"/>
  <testcase classname="tests.uaua.TestObjavlinija" name="testAd06" time="58.061">
    <failure message="expected:&lt;116&gt; but was:&lt;118&gt;" type="java.lang.AssertionError">java.lang.AssertionError: expected:&lt;116&gt; but was:&lt;118&gt;
	at org.testng.AssertJUnit.fail(AssertJUnit.java:59)
	at org.testng.AssertJUnit.failNotEquals(AssertJUnit.java:364)
	at org.testng.AssertJUnit.assertEquals(AssertJUnit.java:80)
	at org.testng.AssertJUnit.assertEquals(AssertJUnit.java:245)
	at org.testng.AssertJUnit.assertEquals(AssertJUnit.java:252)
	at info.uaua.ObjavlinijaObjects.findAddedObyavlenia(ObjavlinijaObjects.java:89)
	at tests.uaua.TestObjavlinija.testAd06(TestObjavlinija.java:182)
</failure>
  </testcase>
  <testcase classname="tests.uaua.TestObjavlinija" name="testAd08" time="10.531">
    <failure message="expected:&lt;116&gt; but was:&lt;118&gt;" type="java.lang.AssertionError">java.lang.AssertionError: expected:&lt;116&gt; but was:&lt;118&gt;
	at org.testng.AssertJUnit.fail(AssertJUnit.java:59)
	at org.testng.AssertJUnit.failNotEquals(AssertJUnit.java:364)
	at org.testng.AssertJUnit.assertEquals(AssertJUnit.java:80)
	at org.testng.AssertJUnit.assertEquals(AssertJUnit.java:245)
	at org.testng.AssertJUnit.assertEquals(AssertJUnit.java:252)
	at info.uaua.ObjavlinijaObjects.findAddedObyavlenia(ObjavlinijaObjects.java:89)
	at tests.uaua.TestObjavlinija.testAd08(TestObjavlinija.java:192)
</failure>
  </testcase>
  <testcase classname="tests.uaua.TestServicesRasschetnue" name="testAKB01" time="33.839"/>
  <testcase classname="tests.uaua.TestServicesRasschetnue" name="testAKB02" time="15.908"/>
  <testcase classname="tests.uaua.TestServicesRasschetnue" name="testBBR01" time="176.223"/>
  <testcase classname="tests.uaua.TestServicesRasschetnue" name="testBM01" time="375.289"/>
  <testcase classname="tests.uaua.TestServicesRasschetnue" name="testKP01" time="15.704"/>
  <testcase classname="tests.uaua.TestServicesRasschetnue" name="testPDG01" time="17.45"/>
  <testcase classname="tests.uaua.TestServicesRasschetnue" name="testRDR01" time="34.601"/>
  <testcase classname="tests.uaua.TestServicesRasschetnue" name="testRPMP01" time="19.717">
    <failure message="null" type="java.lang.AssertionError">java.lang.AssertionError: null
	at org.testng.Assert.fail(Assert.java:94)
	at org.testng.Assert.fail(Assert.java:101)
	at tests.uaua.TestServicesRasschetnue.testRPMP01(TestServicesRasschetnue.java:211)
</failure>
  </testcase>
  <testcase classname="tests.uaua.TestServicesRasschetnue" name="testSOP01" time="36.013"/>
  <testcase classname="tests.uaua.TestServicesRasschetnue" name="testSTP01" time="17.129"/>
  <testcase classname="tests.uaua.TestUaUaCommonService" name="testCDR01" time="13.215"/>
  <testcase classname="tests.uaua.TestUaUaCommonService" name="testCDR02" time="11.072"/>
  <testcase classname="tests.uaua.TestUaUaCommonService" name="testCDR03" time="4.128">
    <failure message="null" type="java.lang.AssertionError">java.lang.AssertionError: null
	at org.testng.Assert.fail(Assert.java:94)
	at org.testng.Assert.fail(Assert.java:101)
	at tests.uaua.TestUaUaCommonService.testCDR03(TestUaUaCommonService.java:1071)
</failure>
  </testcase>
  <testcase classname="tests.uaua.TestUaUaCommonService" name="testCDR04" time="4.516"/>
  <testcase classname="tests.uaua.TestUaUaCommonService" name="testCDR05" time="9.102"/>
  <testcase classname="tests.uaua.TestUaUaCommonService" name="testCDR06" time="3.532"/>
  <testcase classname="tests.uaua.TestUaUaCommonService" name="testDS01" time="14.015"/>
  <testcase classname="tests.uaua.TestUaUaCommonService" name="testDS02" time="11.842"/>
  <testcase classname="tests.uaua.TestUaUaCommonService" name="testDS03" time="8.134"/>
  <testcase classname="tests.uaua.TestUaUaCommonService" name="testDS04" time="6.521"/>
  <testcase classname="tests.uaua.TestUaUaCommonService" name="testDS05" time="10.512"/>
  <testcase classname="tests.uaua.TestUaUaCommonService" name="testDS06" time="3.404"/>
  <testcase classname="tests.uaua.TestUaUaCommonService" name="testDSch01" time="14.777"/>
  <testcase classname="tests.uaua.TestUaUaCommonService" name="testDSch02" time="10.646"/>
  <testcase classname="tests.uaua.TestUaUaCommonService" name="testDSch03" time="3.861">
    <failure message="null" type="java.lang.AssertionError">java.lang.AssertionError: null
	at org.testng.Assert.fail(Assert.java:94)
	at org.testng.Assert.fail(Assert.java:101)
	at tests.uaua.TestUaUaCommonService.testDSch03(TestUaUaCommonService.java:1255)
</failure>
  </testcase>
  <testcase classname="tests.uaua.TestUaUaCommonService" name="testDSch04" time="4.787"/>
  <testcase classname="tests.uaua.TestUaUaCommonService" name="testDSch05" time="10.841"/>
  <testcase classname="tests.uaua.TestUaUaCommonService" name="testDSch06" time="5.087"/>
  <testcase classname="tests.uaua.TestUaUaCommonService" name="testDT01" time="13.16"/>
  <testcase classname="tests.uaua.TestUaUaCommonService" name="testDT02" time="11.413"/>
  <testcase classname="tests.uaua.TestUaUaCommonService" name="testDT03" time="10.428"/>
  <testcase classname="tests.uaua.TestUaUaCommonService" name="testDT04" time="8.543"/>
  <testcase classname="tests.uaua.TestUaUaCommonService" name="testDT05" time="14.908"/>
  <testcase classname="tests.uaua.TestUaUaCommonService" name="testDT06" time="3.838"/>
  <testcase classname="tests.uaua.TestUaUaCommonService" name="testKdB01" time="14.228"/>
  <testcase classname="tests.uaua.TestUaUaCommonService" name="testKdB02" time="9.476"/>
  <testcase classname="tests.uaua.TestUaUaCommonService" name="testKdB03" time="9.932"/>
  <testcase classname="tests.uaua.TestUaUaCommonService" name="testKdB04" time="6.062"/>
  <testcase classname="tests.uaua.TestUaUaCommonService" name="testKdB05" time="10.495"/>
  <testcase classname="tests.uaua.TestUaUaCommonService" name="testKdB06" time="4.483"/>
  <testcase classname="tests.uaua.TestUaUaCommonService" name="testMS01" time="22.021"/>
  <testcase classname="tests.uaua.TestUaUaCommonService" name="testMS02" time="9.388"/>
  <testcase classname="tests.uaua.TestUaUaCommonService" name="testMS03" time="9.877"/>
  <testcase classname="tests.uaua.TestUaUaCommonService" name="testMS04" time="5.834"/>
  <testcase classname="tests.uaua.TestUaUaCommonService" name="testMS05" time="13.441"/>
  <testcase classname="tests.uaua.TestUaUaCommonService" name="testMS06" time="4.106"/>
  <testcase classname="tests.uaua.TestUaUaCommonService" name="testOZ01" time="15.859"/>
  <testcase classname="tests.uaua.TestUaUaCommonService" name="testOZ02" time="8.823"/>
  <testcase classname="tests.uaua.TestUaUaCommonService" name="testOZ03" time="10.579"/>
  <testcase classname="tests.uaua.TestUaUaCommonService" name="testOZ04" time="4.72"/>
  <testcase classname="tests.uaua.TestUaUaCommonService" name="testOZ05" time="11.665"/>
  <testcase classname="tests.uaua.TestUaUaCommonService" name="testOZ06" time="4.994"/>
  <testcase classname="tests.uaua.TestUaUaCommonService" name="testRSD01" time="7.895"/>
  <testcase classname="tests.uaua.TestUaUaCommonService" name="testRSD02" time="6.481">
    <failure message="expected:&lt;613&gt; but was:&lt;2&gt;" type="java.lang.AssertionError">java.lang.AssertionError: expected:&lt;613&gt; but was:&lt;2&gt;
	at org.testng.AssertJUnit.fail(AssertJUnit.java:59)
	at org.testng.AssertJUnit.failNotEquals(AssertJUnit.java:364)
	at org.testng.AssertJUnit.assertEquals(AssertJUnit.java:80)
	at org.testng.AssertJUnit.assertEquals(AssertJUnit.java:245)
	at org.testng.AssertJUnit.assertEquals(AssertJUnit.java:252)
	at tests.uaua.TestUaUaCommonService.testRSD02(TestUaUaCommonService.java:135)
</failure>
  </testcase>
  <testcase classname="tests.uaua.TestUaUaCommonService" name="testRSD03" time="13.824"/>
  <testcase classname="tests.uaua.TestUaUaCommonService" name="testRSD04" time="6.858"/>
  <testcase classname="tests.uaua.TestUaUaCommonService" name="testRSD05" time="9.235"/>
  <testcase classname="tests.uaua.TestUaUaCommonService" name="testRod01" time="13.471"/>
  <testcase classname="tests.uaua.TestUaUaCommonService" name="testRod02" time="9.959"/>
  <testcase classname="tests.uaua.TestUaUaCommonService" name="testRod03" time="3.191">
    <failure message="null" type="java.lang.AssertionError">java.lang.AssertionError: null
	at org.testng.Assert.fail(Assert.java:94)
	at org.testng.Assert.fail(Assert.java:101)
	at tests.uaua.TestUaUaCommonService.testRod03(TestUaUaCommonService.java:1349)
</failure>
  </testcase>
  <testcase classname="tests.uaua.TestUaUaCommonService" name="testRod04" time="4.35"/>
  <testcase classname="tests.uaua.TestUaUaCommonService" name="testRod05" time="10.555"/>
  <testcase classname="tests.uaua.TestUaUaCommonService" name="testRod06" time="3.41"/>
  <testcase classname="tests.uaua.TestUaUaCommonService" name="testSDB01" time="9.424"/>
  <testcase classname="tests.uaua.TestUaUaCommonService" name="testSDB02" time="6.292"/>
  <testcase classname="tests.uaua.TestUaUaCommonService" name="testSDB06" time="15.928"/>
  <testcase classname="tests.uaua.TestUaUaCommonService" name="testSDB07" time="9.162"/>
  <testcase classname="tests.uaua.TestUaUaCommonService" name="testSS01" time="14.323"/>
  <testcase classname="tests.uaua.TestUaUaCommonService" name="testSS02" time="8.997"/>
  <testcase classname="tests.uaua.TestUaUaCommonService" name="testSS03" time="3.925">
    <failure message="null" type="java.lang.AssertionError">java.lang.AssertionError: null
	at org.testng.Assert.fail(Assert.java:94)
	at org.testng.Assert.fail(Assert.java:101)
	at tests.uaua.TestUaUaCommonService.testSS03(TestUaUaCommonService.java:884)
</failure>
  </testcase>
  <testcase classname="tests.uaua.TestUaUaCommonService" name="testSS04" time="5.402"/>
  <testcase classname="tests.uaua.TestUaUaCommonService" name="testSS05" time="11.101"/>
  <testcase classname="tests.uaua.TestUaUaCommonService" name="testSS06" time="5.263"/>
  <testcase classname="tests.uaua.TestUaUaCommonService" name="testSch01" time="38.313">
    <failure message="null" type="java.lang.AssertionError">java.lang.AssertionError: null
	at org.testng.Assert.fail(Assert.java:94)
	at org.testng.Assert.fail(Assert.java:101)
	at tests.uaua.TestUaUaCommonService.testSch01(TestUaUaCommonService.java:1129)
</failure>
  </testcase>
  <testcase classname="tests.uaua.TestUaUaCommonService" name="testSch02" time="8.691"/>
  <testcase classname="tests.uaua.TestUaUaCommonService" name="testSch03" time="4.194">
    <failure message="null" type="java.lang.AssertionError">java.lang.AssertionError: null
	at org.testng.Assert.fail(Assert.java:94)
	at org.testng.Assert.fail(Assert.java:101)
	at tests.uaua.TestUaUaCommonService.testSch03(TestUaUaCommonService.java:1162)
</failure>
    <system-err>org.openqa.selenium.ElementNotVisibleException: Element is not currently visible and so may not be interacted with
Command duration or timeout: 311 milliseconds
Build info: version: &apos;2.45.0&apos;, revision: &apos;5017cb8e7ca8e37638dc3091b2440b90a1d8686f&apos;, time: &apos;2015-02-27 09:10:26&apos;
System info: host: &apos;LogicPower2&apos;, ip: &apos;169.254.119.146&apos;, os.name: &apos;Windows 7&apos;, os.arch: &apos;amd64&apos;, os.version: &apos;6.1&apos;, java.version: &apos;1.8.0_45&apos;
Driver info: org.openqa.selenium.firefox.FirefoxDriver
Capabilities [{applicationCacheEnabled=true, rotatable=false, handlesAlerts=true, databaseEnabled=true, version=40.0.2, platform=WINDOWS, nativeEvents=false, acceptSslCerts=true, webStorageEnabled=true, locationContextEnabled=true, browserName=firefox, takesScreenshot=true, javascriptEnabled=true, cssSelectorsEnabled=true}]
Session ID: 4dae331a-f5c4-48b1-a31d-b1806d0b3018
	at sun.reflect.NativeConstructorAccessorImpl.newInstance0(Native Method)
	at sun.reflect.NativeConstructorAccessorImpl.newInstance(NativeConstructorAccessorImpl.java:62)
	at sun.reflect.DelegatingConstructorAccessorImpl.newInstance(DelegatingConstructorAccessorImpl.java:45)
	at java.lang.reflect.Constructor.newInstance(Constructor.java:422)
	at org.openqa.selenium.remote.ErrorHandler.createThrowable(ErrorHandler.java:204)
	at org.openqa.selenium.remote.ErrorHandler.throwIfResponseFailed(ErrorHandler.java:156)
	at org.openqa.selenium.remote.RemoteWebDriver.execute(RemoteWebDriver.java:599)
	at org.openqa.selenium.remote.RemoteWebElement.execute(RemoteWebElement.java:268)
	at org.openqa.selenium.remote.RemoteWebElement.click(RemoteWebElement.java:79)
	at info.uaua.ServiceSchools.clickOnSchools_Service(ServiceSchools.java:26)
	at tests.uaua.TestUaUaCommonService.testSch03(TestUaUaCommonService.java:1155)
	at sun.reflect.NativeMethodAccessorImpl.invoke0(Native Method)
	at sun.reflect.NativeMethodAccessorImpl.invoke(NativeMethodAccessorImpl.java:62)
	at sun.reflect.DelegatingMethodAccessorImpl.invoke(DelegatingMethodAccessorImpl.java:43)
	at java.lang.reflect.Method.invoke(Method.java:497)
	at org.testng.internal.MethodInvocationHelper.invokeMethod(MethodInvocationHelper.java:84)
	at org.testng.internal.Invoker.invokeMethod(Invoker.java:714)
	at org.testng.internal.Invoker.invokeTestMethod(Invoker.java:901)
	at org.testng.internal.Invoker.invokeTestMethods(Invoker.java:1231)
	at org.testng.internal.TestMethodWorker.invokeTestMethods(TestMethodWorker.java:127)
	at org.testng.internal.TestMethodWorker.run(TestMethodWorker.java:111)
	at org.testng.TestRunner.privateRun(TestRunner.java:767)
	at org.testng.TestRunner.run(TestRunner.java:617)
	at org.testng.SuiteRunner.runTest(SuiteRunner.java:348)
	at org.testng.SuiteRunner.runSequentially(SuiteRunner.java:343)
	at org.testng.SuiteRunner.privateRun(SuiteRunner.java:305)
	at org.testng.SuiteRunner.run(SuiteRunner.java:254)
	at org.testng.SuiteRunnerWorker.runSuite(SuiteRunnerWorker.java:52)
	at org.testng.SuiteRunnerWorker.run(SuiteRunnerWorker.java:86)
	at org.testng.TestNG.runSuitesSequentially(TestNG.java:1224)
	at org.testng.TestNG.runSuitesSequentially(TestNG.java:1220)
	at org.testng.TestNG.runSuitesLocally(TestNG.java:1149)
	at org.testng.TestNG.run(TestNG.java:1057)
	at org.apache.maven.surefire.testng.TestNGExecutor.run(TestNGExecutor.java:74)
	at org.apache.maven.surefire.testng.TestNGXmlTestSuite.execute(TestNGXmlTestSuite.java:92)
	at org.apache.maven.surefire.Surefire.run(Surefire.java:177)
	at sun.reflect.NativeMethodAccessorImpl.invoke0(Native Method)
	at sun.reflect.NativeMethodAccessorImpl.invoke(NativeMethodAccessorImpl.java:62)
	at sun.reflect.DelegatingMethodAccessorImpl.invoke(DelegatingMethodAccessorImpl.java:43)
	at java.lang.reflect.Method.invoke(Method.java:497)
	at org.apache.maven.surefire.booter.SurefireBooter.runSuitesInProcess(SurefireBooter.java:345)
	at org.apache.maven.surefire.booter.SurefireBooter.main(SurefireBooter.java:1009)
</system-err>
  </testcase>
  <testcase classname="tests.uaua.TestUaUaCommonService" name="testSch04" time="6.503"/>
  <testcase classname="tests.uaua.TestUaUaCommonService" name="testSch05" time="12.373"/>
  <testcase classname="tests.uaua.TestUaUaCommonService" name="testSch06" time="6.841"/>
  <testcase classname="tests.uaua.TestUaUaCommonService" name="testTF01" time="18.215"/>
  <testcase classname="tests.uaua.TestUaUaCommonService" name="testTF08" time="12.029"/>
  <testcase classname="tests.uaua.TestUaUaCommonService" name="testTF09" time="5.643"/>
  <testcase classname="tests.uaua.TestUaUaCommonService" name="testU01" time="15.74"/>
  <testcase classname="tests.uaua.TestUaUaCommonService" name="testU02" time="9.894"/>
  <testcase classname="tests.uaua.TestUaUaCommonService" name="testU03" time="3.386">
    <failure message="null" type="java.lang.AssertionError">java.lang.AssertionError: null
	at org.testng.Assert.fail(Assert.java:94)
	at org.testng.Assert.fail(Assert.java:101)
	at tests.uaua.TestUaUaCommonService.testU03(TestUaUaCommonService.java:977)
</failure>
  </testcase>
  <testcase classname="tests.uaua.TestUaUaCommonService" name="testU04" time="5.958"/>
  <testcase classname="tests.uaua.TestUaUaCommonService" name="testU05" time="12.118"/>
  <testcase classname="tests.uaua.TestUaUaCommonService" name="testU06" time="5.208"/>
  <testcase classname="tests.uaua.TestUaUaCommonService" name="testZhK01" time="17.105"/>
  <testcase classname="tests.uaua.TestUaUaCommonService" name="testZhK02" time="12.637"/>
  <testcase classname="tests.uaua.TestUaUaCommonService" name="testZhK03" time="10.071"/>
  <testcase classname="tests.uaua.TestUaUaCommonService" name="testZhK04" time="4.619"/>
  <testcase classname="tests.uaua.TestUaUaCommonService" name="testZhK05" time="8.073"/>
  <testcase classname="tests.uaua.TestUaUaCommonService" name="testZhK06" time="2.88"/>
  <testcase classname="tests.uaua.TestMenu" name="test1to3M01" time="7.652"/>
  <testcase classname="tests.uaua.TestMenu" name="test1to3M02" time="0.932">
    <failure message="null" type="java.lang.AssertionError">java.lang.AssertionError: null
	at org.testng.Assert.fail(Assert.java:94)
	at org.testng.Assert.fail(Assert.java:101)
	at tests.uaua.TestMenu.test1to3M02(TestMenu.java:413)
</failure>
  </testcase>
  <testcase classname="tests.uaua.TestMenu" name="test1to3M0201" time="14.931"/>
  <testcase classname="tests.uaua.TestMenu" name="test1to3M03" time="31.42">
    <failure message="null" type="java.lang.AssertionError">java.lang.AssertionError: null
	at org.testng.Assert.fail(Assert.java:94)
	at org.testng.Assert.fail(Assert.java:101)
	at tests.uaua.TestMenu.test1to3M03(TestMenu.java:446)
</failure>
  </testcase>
  <testcase classname="tests.uaua.TestMenu" name="test1to3M04" time="7.627"/>
  <testcase classname="tests.uaua.TestMenu" name="test1to3M05" time="0.573">
    <failure message="null" type="java.lang.AssertionError">java.lang.AssertionError: null
	at org.testng.Assert.fail(Assert.java:94)
	at org.testng.Assert.fail(Assert.java:101)
	at tests.uaua.TestMenu.test1to3M05(TestMenu.java:476)
</failure>
  </testcase>
  <testcase classname="tests.uaua.TestMenu" name="test1to3M06" time="8.817"/>
  <testcase classname="tests.uaua.TestMenu" name="test3to6M01" time="0.678">
    <failure message="null" type="java.lang.AssertionError">java.lang.AssertionError: null
	at org.testng.Assert.fail(Assert.java:94)
	at org.testng.Assert.fail(Assert.java:101)
	at tests.uaua.TestMenu.test3to6M01(TestMenu.java:258)
</failure>
    <system-err>org.openqa.selenium.ElementNotVisibleException: Element is not currently visible and so may not be interacted with
Command duration or timeout: 211 milliseconds
Build info: version: &apos;2.45.0&apos;, revision: &apos;5017cb8e7ca8e37638dc3091b2440b90a1d8686f&apos;, time: &apos;2015-02-27 09:10:26&apos;
System info: host: &apos;LogicPower2&apos;, ip: &apos;169.254.119.146&apos;, os.name: &apos;Windows 7&apos;, os.arch: &apos;amd64&apos;, os.version: &apos;6.1&apos;, java.version: &apos;1.8.0_45&apos;
Driver info: org.openqa.selenium.firefox.FirefoxDriver
Capabilities [{applicationCacheEnabled=true, rotatable=false, handlesAlerts=true, databaseEnabled=true, version=40.0.2, platform=WINDOWS, nativeEvents=false, acceptSslCerts=true, webStorageEnabled=true, locationContextEnabled=true, browserName=firefox, takesScreenshot=true, javascriptEnabled=true, cssSelectorsEnabled=true}]
Session ID: 183abf48-bb1b-4003-9b0f-e6faef323889
	at sun.reflect.NativeConstructorAccessorImpl.newInstance0(Native Method)
	at sun.reflect.NativeConstructorAccessorImpl.newInstance(NativeConstructorAccessorImpl.java:62)
	at sun.reflect.DelegatingConstructorAccessorImpl.newInstance(DelegatingConstructorAccessorImpl.java:45)
	at java.lang.reflect.Constructor.newInstance(Constructor.java:422)
	at org.openqa.selenium.remote.ErrorHandler.createThrowable(ErrorHandler.java:204)
	at org.openqa.selenium.remote.ErrorHandler.throwIfResponseFailed(ErrorHandler.java:156)
	at org.openqa.selenium.remote.RemoteWebDriver.execute(RemoteWebDriver.java:599)
	at org.openqa.selenium.remote.RemoteWebElement.execute(RemoteWebElement.java:268)
	at org.openqa.selenium.remote.RemoteWebElement.click(RemoteWebElement.java:79)
	at info.uaua.MenuObjects.clickService_3to6(MenuObjects.java:190)
	at tests.uaua.TestMenu.test3to6M01(TestMenu.java:251)
	at sun.reflect.NativeMethodAccessorImpl.invoke0(Native Method)
	at sun.reflect.NativeMethodAccessorImpl.invoke(NativeMethodAccessorImpl.java:62)
	at sun.reflect.DelegatingMethodAccessorImpl.invoke(DelegatingMethodAccessorImpl.java:43)
	at java.lang.reflect.Method.invoke(Method.java:497)
	at org.testng.internal.MethodInvocationHelper.invokeMethod(MethodInvocationHelper.java:84)
	at org.testng.internal.Invoker.invokeMethod(Invoker.java:714)
	at org.testng.internal.Invoker.invokeTestMethod(Invoker.java:901)
	at org.testng.internal.Invoker.invokeTestMethods(Invoker.java:1231)
	at org.testng.internal.TestMethodWorker.invokeTestMethods(TestMethodWorker.java:127)
	at org.testng.internal.TestMethodWorker.run(TestMethodWorker.java:111)
	at org.testng.TestRunner.privateRun(TestRunner.java:767)
	at org.testng.TestRunner.run(TestRunner.java:617)
	at org.testng.SuiteRunner.runTest(SuiteRunner.java:348)
	at org.testng.SuiteRunner.runSequentially(SuiteRunner.java:343)
	at org.testng.SuiteRunner.privateRun(SuiteRunner.java:305)
	at org.testng.SuiteRunner.run(SuiteRunner.java:254)
	at org.testng.SuiteRunnerWorker.runSuite(SuiteRunnerWorker.java:52)
	at org.testng.SuiteRunnerWorker.run(SuiteRunnerWorker.java:86)
	at org.testng.TestNG.runSuitesSequentially(TestNG.java:1224)
	at org.testng.TestNG.runSuitesSequentially(TestNG.java:1220)
	at org.testng.TestNG.runSuitesLocally(TestNG.java:1149)
	at org.testng.TestNG.run(TestNG.java:1057)
	at org.apache.maven.surefire.testng.TestNGExecutor.run(TestNGExecutor.java:74)
	at org.apache.maven.surefire.testng.TestNGXmlTestSuite.execute(TestNGXmlTestSuite.java:92)
	at org.apache.maven.surefire.Surefire.run(Surefire.java:177)
	at sun.reflect.NativeMethodAccessorImpl.invoke0(Native Method)
	at sun.reflect.NativeMethodAccessorImpl.invoke(NativeMethodAccessorImpl.java:62)
	at sun.reflect.DelegatingMethodAccessorImpl.invoke(DelegatingMethodAccessorImpl.java:43)
	at java.lang.reflect.Method.invoke(Method.java:497)
	at org.apache.maven.surefire.booter.SurefireBooter.runSuitesInProcess(SurefireBooter.java:345)
	at org.apache.maven.surefire.booter.SurefireBooter.main(SurefireBooter.java:1009)
</system-err>
  </testcase>
  <testcase classname="tests.uaua.TestMenu" name="test3to6M02" time="7.205"/>
  <testcase classname="tests.uaua.TestMenu" name="test3to6M0201" time="30.218">
    <failure message="null" type="java.lang.AssertionError">java.lang.AssertionError: null
	at org.testng.Assert.fail(Assert.java:94)
	at org.testng.Assert.fail(Assert.java:101)
	at tests.uaua.TestMenu.test3to6M0201(TestMenu.java:855)
</failure>
  </testcase>
  <testcase classname="tests.uaua.TestMenu" name="test3to6M03" time="9.189"/>
  <testcase classname="tests.uaua.TestMenu" name="test3to6M04" time="0.874">
    <failure message="null" type="java.lang.AssertionError">java.lang.AssertionError: null
	at org.testng.Assert.fail(Assert.java:94)
	at org.testng.Assert.fail(Assert.java:101)
	at tests.uaua.TestMenu.test3to6M04(TestMenu.java:885)
</failure>
  </testcase>
  <testcase classname="tests.uaua.TestMenu" name="test3to6M05" time="0.771">
    <failure message="null" type="java.lang.AssertionError">java.lang.AssertionError: null
	at org.testng.Assert.fail(Assert.java:94)
	at org.testng.Assert.fail(Assert.java:101)
	at tests.uaua.TestMenu.test3to6M05(TestMenu.java:900)
</failure>
  </testcase>
  <testcase classname="tests.uaua.TestMenu" name="test3to6M06" time="8.676"/>
  <testcase classname="tests.uaua.TestMenu" name="test6to9M01" time="0.519">
    <failure message="null" type="java.lang.AssertionError">java.lang.AssertionError: null
	at org.testng.Assert.fail(Assert.java:94)
	at org.testng.Assert.fail(Assert.java:101)
	at tests.uaua.TestMenu.test6to9M01(TestMenu.java:180)
</failure>
  </testcase>
  <testcase classname="tests.uaua.TestMenu" name="test6to9M02" time="5.592"/>
  <testcase classname="tests.uaua.TestMenu" name="test6to9M0201" time="30.233">
    <failure message="null" type="java.lang.AssertionError">java.lang.AssertionError: null
	at org.testng.Assert.fail(Assert.java:94)
	at org.testng.Assert.fail(Assert.java:101)
	at tests.uaua.TestMenu.test6to9M0201(TestMenu.java:933)
</failure>
  </testcase>
  <testcase classname="tests.uaua.TestMenu" name="test6to9M03" time="8.333"/>
  <testcase classname="tests.uaua.TestMenu" name="test6to9M04" time="9.172"/>
  <testcase classname="tests.uaua.TestMenu" name="test6to9M05" time="8.888"/>
  <testcase classname="tests.uaua.TestMenu" name="test6to9M06" time="1.289">
    <failure message="null" type="java.lang.AssertionError">java.lang.AssertionError: null
	at org.testng.Assert.fail(Assert.java:94)
	at org.testng.Assert.fail(Assert.java:101)
	at tests.uaua.TestMenu.test6to9M06(TestMenu.java:1012)
</failure>
  </testcase>
  <testcase classname="tests.uaua.TestMenu" name="test6to9M07" time="8.33"/>
  <testcase classname="tests.uaua.TestMenu" name="test9to16M01" time="6.788"/>
  <testcase classname="tests.uaua.TestMenu" name="test9to16M02" time="6.701"/>
  <testcase classname="tests.uaua.TestMenu" name="test9to16M0201" time="30.178">
    <failure message="null" type="java.lang.AssertionError">java.lang.AssertionError: null
	at org.testng.Assert.fail(Assert.java:94)
	at org.testng.Assert.fail(Assert.java:101)
	at tests.uaua.TestMenu.test9to16M0201(TestMenu.java:1044)
</failure>
  </testcase>
  <testcase classname="tests.uaua.TestMenu" name="test9to16M03" time="8.889"/>
  <testcase classname="tests.uaua.TestMenu" name="test9to16M04" time="9.283"/>
  <testcase classname="tests.uaua.TestMenu" name="test9to16M05" time="8.951"/>
  <testcase classname="tests.uaua.TestMenu" name="test9to16M06" time="8.978"/>
  <testcase classname="tests.uaua.TestMenu" name="test9to16M07" time="8.35"/>
  <testcase classname="tests.uaua.TestMenu" name="testMG01" time="8.088"/>
  <testcase classname="tests.uaua.TestMenu" name="testMG02" time="5.899"/>
  <testcase classname="tests.uaua.TestMenu" name="testMG0201" time="30.275">
    <failure message="null" type="java.lang.AssertionError">java.lang.AssertionError: null
	at org.testng.Assert.fail(Assert.java:94)
	at org.testng.Assert.fail(Assert.java:101)
	at tests.uaua.TestMenu.testMG0201(TestMenu.java:364)
</failure>
  </testcase>
  <testcase classname="tests.uaua.TestMenu" name="testMG03" time="8.407"/>
  <testcase classname="tests.uaua.TestMenu" name="testMG04" time="8.796"/>
  <testcase classname="tests.uaua.TestMenu" name="testMG05" time="7.462"/>
  <testcase classname="tests.uaua.TestMenu" name="testMM01" time="71.867"/>
  <testcase classname="tests.uaua.TestMenu" name="testMN01" time="7.981"/>
  <testcase classname="tests.uaua.TestMenu" name="testMN02" time="5.528"/>
  <testcase classname="tests.uaua.TestMenu" name="testMN0201" time="30.293">
    <failure message="null" type="java.lang.AssertionError">java.lang.AssertionError: null
	at org.testng.Assert.fail(Assert.java:94)
	at org.testng.Assert.fail(Assert.java:101)
	at tests.uaua.TestMenu.testMN0201(TestMenu.java:539)
</failure>
    <system-err>org.openqa.selenium.NoSuchElementException: Unable to locate element: {&quot;method&quot;:&quot;xpath&quot;,&quot;selector&quot;:&quot;.//*[@id=&apos;open_login_popup&apos;]&quot;}
Command duration or timeout: 30.27 seconds
For documentation on this error, please visit: http://seleniumhq.org/exceptions/no_such_element.html
Build info: version: &apos;2.45.0&apos;, revision: &apos;5017cb8e7ca8e37638dc3091b2440b90a1d8686f&apos;, time: &apos;2015-02-27 09:10:26&apos;
System info: host: &apos;LogicPower2&apos;, ip: &apos;169.254.119.146&apos;, os.name: &apos;Windows 7&apos;, os.arch: &apos;amd64&apos;, os.version: &apos;6.1&apos;, java.version: &apos;1.8.0_45&apos;
Driver info: org.openqa.selenium.firefox.FirefoxDriver
Capabilities [{applicationCacheEnabled=true, rotatable=false, handlesAlerts=true, databaseEnabled=true, version=40.0.2, platform=WINDOWS, nativeEvents=false, acceptSslCerts=true, webStorageEnabled=true, locationContextEnabled=true, browserName=firefox, takesScreenshot=true, javascriptEnabled=true, cssSelectorsEnabled=true}]
Session ID: 183abf48-bb1b-4003-9b0f-e6faef323889
*** Element info: {Using=xpath, value=.//*[@id=&apos;open_login_popup&apos;]}
	at sun.reflect.NativeConstructorAccessorImpl.newInstance0(Native Method)
	at sun.reflect.NativeConstructorAccessorImpl.newInstance(NativeConstructorAccessorImpl.java:62)
	at sun.reflect.DelegatingConstructorAccessorImpl.newInstance(DelegatingConstructorAccessorImpl.java:45)
	at java.lang.reflect.Constructor.newInstance(Constructor.java:422)
	at org.openqa.selenium.remote.ErrorHandler.createThrowable(ErrorHandler.java:204)
	at org.openqa.selenium.remote.ErrorHandler.throwIfResponseFailed(ErrorHandler.java:156)
	at org.openqa.selenium.remote.RemoteWebDriver.execute(RemoteWebDriver.java:599)
	at org.openqa.selenium.remote.RemoteWebDriver.findElement(RemoteWebDriver.java:352)
	at org.openqa.selenium.remote.RemoteWebDriver.findElementByXPath(RemoteWebDriver.java:449)
	at org.openqa.selenium.By$ByXPath.findElement(By.java:357)
	at org.openqa.selenium.remote.RemoteWebDriver.findElement(RemoteWebDriver.java:344)
	at data.CommonMethods.correctMailAutorisation(CommonMethods.java:18)
	at tests.uaua.TestMenu.testMN0201(TestMenu.java:528)
	at sun.reflect.NativeMethodAccessorImpl.invoke0(Native Method)
	at sun.reflect.NativeMethodAccessorImpl.invoke(NativeMethodAccessorImpl.java:62)
	at sun.reflect.DelegatingMethodAccessorImpl.invoke(DelegatingMethodAccessorImpl.java:43)
	at java.lang.reflect.Method.invoke(Method.java:497)
	at org.testng.internal.MethodInvocationHelper.invokeMethod(MethodInvocationHelper.java:84)
	at org.testng.internal.Invoker.invokeMethod(Invoker.java:714)
	at org.testng.internal.Invoker.invokeTestMethod(Invoker.java:901)
	at org.testng.internal.Invoker.invokeTestMethods(Invoker.java:1231)
	at org.testng.internal.TestMethodWorker.invokeTestMethods(TestMethodWorker.java:127)
	at org.testng.internal.TestMethodWorker.run(TestMethodWorker.java:111)
	at org.testng.TestRunner.privateRun(TestRunner.java:767)
	at org.testng.TestRunner.run(TestRunner.java:617)
	at org.testng.SuiteRunner.runTest(SuiteRunner.java:348)
	at org.testng.SuiteRunner.runSequentially(SuiteRunner.java:343)
	at org.testng.SuiteRunner.privateRun(SuiteRunner.java:305)
	at org.testng.SuiteRunner.run(SuiteRunner.java:254)
	at org.testng.SuiteRunnerWorker.runSuite(SuiteRunnerWorker.java:52)
	at org.testng.SuiteRunnerWorker.run(SuiteRunnerWorker.java:86)
	at org.testng.TestNG.runSuitesSequentially(TestNG.java:1224)
	at org.testng.TestNG.runSuitesSequentially(TestNG.java:1220)
	at org.testng.TestNG.runSuitesLocally(TestNG.java:1149)
	at org.testng.TestNG.run(TestNG.java:1057)
	at org.apache.maven.surefire.testng.TestNGExecutor.run(TestNGExecutor.java:74)
	at org.apache.maven.surefire.testng.TestNGXmlTestSuite.execute(TestNGXmlTestSuite.java:92)
	at org.apache.maven.surefire.Surefire.run(Surefire.java:177)
	at sun.reflect.NativeMethodAccessorImpl.invoke0(Native Method)
	at sun.reflect.NativeMethodAccessorImpl.invoke(NativeMethodAccessorImpl.java:62)
	at sun.reflect.DelegatingMethodAccessorImpl.invoke(DelegatingMethodAccessorImpl.java:43)
	at java.lang.reflect.Method.invoke(Method.java:497)
	at org.apache.maven.surefire.booter.SurefireBooter.runSuitesInProcess(SurefireBooter.java:345)
	at org.apache.maven.surefire.booter.SurefireBooter.main(SurefireBooter.java:1009)
Caused by: org.openqa.selenium.NoSuchElementException: Unable to locate element: {&quot;method&quot;:&quot;xpath&quot;,&quot;selector&quot;:&quot;.//*[@id=&apos;open_login_popup&apos;]&quot;}
For documentation on this error, please visit: http://seleniumhq.org/exceptions/no_such_element.html
Build info: version: &apos;2.45.0&apos;, revision: &apos;5017cb8e7ca8e37638dc3091b2440b90a1d8686f&apos;, time: &apos;2015-02-27 09:10:26&apos;
System info: host: &apos;LogicPower2&apos;, ip: &apos;169.254.119.146&apos;, os.name: &apos;Windows 7&apos;, os.arch: &apos;amd64&apos;, os.version: &apos;6.1&apos;, java.version: &apos;1.8.0_45&apos;
Driver info: driver.version: unknown
	at &lt;anonymous class&gt;.FirefoxDriver.prototype.findElementInternal_(file:///C:/Windows/TEMP/anonymous6108725465982392160webdriver-profile/extensions/fxdriver@googlecode.com/components/driver-component.js:10271)
	at &lt;anonymous class&gt;.fxdriver.Timer.prototype.setTimeout/&lt;.notify(file:///C:/Windows/TEMP/anonymous6108725465982392160webdriver-profile/extensions/fxdriver@googlecode.com/components/driver-component.js:603)
</system-err>
  </testcase>
  <testcase classname="tests.uaua.TestMenu" name="testMN03" time="8.188"/>
  <testcase classname="tests.uaua.TestMenu" name="testMN04" time="8.64"/>
  <testcase classname="tests.uaua.TestMenu" name="testMN05" time="0.703">
    <failure message="null" type="java.lang.AssertionError">java.lang.AssertionError: null
	at org.testng.Assert.fail(Assert.java:94)
	at org.testng.Assert.fail(Assert.java:101)
	at tests.uaua.TestMenu.testMN05(TestMenu.java:602)
</failure>
  </testcase>
  <testcase classname="tests.uaua.TestMenu" name="testMN06" time="12.013"/>
  <testcase classname="tests.uaua.TestMenu" name="testMN07" time="8.608"/>
  <testcase classname="tests.uaua.TestMenu" name="testMP01" time="7.507"/>
  <testcase classname="tests.uaua.TestMenu" name="testMP02" time="6.2"/>
  <testcase classname="tests.uaua.TestMenu" name="testMP03" time="10.978"/>
  <testcase classname="tests.uaua.TestMenu" name="testMP04" time="8.543"/>
  <testcase classname="tests.uaua.TestMenu" name="testMP05" time="8.043"/>
  <testcase classname="tests.uaua.TestMenu" name="testMR01" time="7.382"/>
  <testcase classname="tests.uaua.TestMenu" name="testMR02" time="6.285"/>
  <testcase classname="tests.uaua.TestMenu" name="testMR03" time="8.369"/>
  <testcase classname="tests.uaua.TestMenu" name="testMR04" time="8.499"/>
  <testcase classname="tests.uaua.TestMenu" name="testMR05" time="8.415"/>
  <testcase classname="tests.uaua.TestMenu" name="testMS01" time="7.589"/>
  <testcase classname="tests.uaua.TestMenu" name="testMS02" time="5.856"/>
  <testcase classname="tests.uaua.TestMenu" name="testMS0201" time="30.31">
    <failure message="null" type="java.lang.AssertionError">java.lang.AssertionError: null
	at org.testng.Assert.fail(Assert.java:94)
	at org.testng.Assert.fail(Assert.java:101)
	at tests.uaua.TestMenu.testMS0201(TestMenu.java:649)
</failure>
  </testcase>
  <testcase classname="tests.uaua.TestMenu" name="testMS03" time="7.431"/>
  <testcase classname="tests.uaua.TestMenu" name="testMS04" time="7.669"/>
  <testcase classname="tests.uaua.TestMenu" name="testMS05" time="7.607"/>
  <testcase classname="tests.uaua.TestMenu" name="testMS06" time="8.443"/>
  <testcase classname="tests.uaua.TestMenu" name="testMS07" time="8.497"/>
  <testcase classname="tests.uaua.TestMenu" name="testMS08" time="9.699"/>
  <testcase classname="tests.uaua.TestMenu" name="testMS09" time="9.26"/>
  <testcase classname="tests.uaua.TestMenu" name="testMS10" time="7.334"/>
  <testcase classname="tests.uaua.TestMenu" name="testMS11" time="7.082"/>
  <testcase classname="tests.uaua.TestMenu" name="testMS12" time="7.983"/>
  <testcase classname="tests.uaua.TestForum" name="testForI01" time="10.506"/>
  <testcase classname="tests.uaua.TestForum" name="testForN01" time="16.134">
    <failure message="expected:&lt;1&gt; but was:&lt;3&gt;" type="java.lang.AssertionError">java.lang.AssertionError: expected:&lt;1&gt; but was:&lt;3&gt;
	at org.testng.AssertJUnit.assertEquals(AssertJUnit.java:101)
	at org.testng.AssertJUnit.assertEquals(AssertJUnit.java:108)
	at tests.uaua.TestForum.testForN01(TestForum.java:215)
</failure>
  </testcase>
  <testcase classname="tests.uaua.TestForum" name="testForP01" time="2.827">
    <failure message="expected [true] but found [false]" type="java.lang.AssertionError">java.lang.AssertionError: expected [true] but found [false]
	at org.testng.Assert.fail(Assert.java:94)
	at org.testng.Assert.failNotEquals(Assert.java:494)
	at org.testng.Assert.assertTrue(Assert.java:42)
	at org.testng.Assert.assertTrue(Assert.java:52)
	at tests.uaua.TestForum.testForP01(TestForum.java:124)
</failure>
  </testcase>
  <testcase classname="tests.uaua.TestForum" name="testForP02" time="33.525">
    <failure message="null" type="java.lang.AssertionError">java.lang.AssertionError: null
	at org.testng.Assert.fail(Assert.java:94)
	at org.testng.Assert.fail(Assert.java:101)
	at tests.uaua.TestForum.testForP02(TestForum.java:145)
</failure>
    <system-err>org.openqa.selenium.NoSuchElementException: Unable to locate element: {&quot;method&quot;:&quot;xpath&quot;,&quot;selector&quot;:&quot;.//*[@id=&apos;Head&apos;]//a[@href=&apos;http://www.uaua.info/user/login/&apos;]&quot;}
Command duration or timeout: 30.40 seconds
For documentation on this error, please visit: http://seleniumhq.org/exceptions/no_such_element.html
Build info: version: &apos;2.45.0&apos;, revision: &apos;5017cb8e7ca8e37638dc3091b2440b90a1d8686f&apos;, time: &apos;2015-02-27 09:10:26&apos;
System info: host: &apos;LogicPower2&apos;, ip: &apos;169.254.119.146&apos;, os.name: &apos;Windows 7&apos;, os.arch: &apos;amd64&apos;, os.version: &apos;6.1&apos;, java.version: &apos;1.8.0_45&apos;
Driver info: org.openqa.selenium.firefox.FirefoxDriver
Capabilities [{applicationCacheEnabled=true, rotatable=false, handlesAlerts=true, databaseEnabled=true, version=40.0.2, platform=WINDOWS, nativeEvents=false, acceptSslCerts=true, webStorageEnabled=true, locationContextEnabled=true, browserName=firefox, takesScreenshot=true, javascriptEnabled=true, cssSelectorsEnabled=true}]
Session ID: 05cc6c0e-64af-4610-a1bc-129d1d44eb30
*** Element info: {Using=xpath, value=.//*[@id=&apos;Head&apos;]//a[@href=&apos;http://www.uaua.info/user/login/&apos;]}
	at sun.reflect.NativeConstructorAccessorImpl.newInstance0(Native Method)
	at sun.reflect.NativeConstructorAccessorImpl.newInstance(NativeConstructorAccessorImpl.java:62)
	at sun.reflect.DelegatingConstructorAccessorImpl.newInstance(DelegatingConstructorAccessorImpl.java:45)
	at java.lang.reflect.Constructor.newInstance(Constructor.java:422)
	at org.openqa.selenium.remote.ErrorHandler.createThrowable(ErrorHandler.java:204)
	at org.openqa.selenium.remote.ErrorHandler.throwIfResponseFailed(ErrorHandler.java:156)
	at org.openqa.selenium.remote.RemoteWebDriver.execute(RemoteWebDriver.java:599)
	at org.openqa.selenium.remote.RemoteWebDriver.findElement(RemoteWebDriver.java:352)
	at org.openqa.selenium.remote.RemoteWebDriver.findElementByXPath(RemoteWebDriver.java:449)
	at org.openqa.selenium.By$ByXPath.findElement(By.java:357)
	at org.openqa.selenium.remote.RemoteWebDriver.findElement(RemoteWebDriver.java:344)
	at info.uaua.ForumObjects.correctMailAutorisationOnForum(ForumObjects.java:163)
	at tests.uaua.TestForum.testForP02(TestForum.java:135)
	at sun.reflect.NativeMethodAccessorImpl.invoke0(Native Method)
	at sun.reflect.NativeMethodAccessorImpl.invoke(NativeMethodAccessorImpl.java:62)
	at sun.reflect.DelegatingMethodAccessorImpl.invoke(DelegatingMethodAccessorImpl.java:43)
	at java.lang.reflect.Method.invoke(Method.java:497)
	at org.testng.internal.MethodInvocationHelper.invokeMethod(MethodInvocationHelper.java:84)
	at org.testng.internal.Invoker.invokeMethod(Invoker.java:714)
	at org.testng.internal.Invoker.invokeTestMethod(Invoker.java:901)
	at org.testng.internal.Invoker.invokeTestMethods(Invoker.java:1231)
	at org.testng.internal.TestMethodWorker.invokeTestMethods(TestMethodWorker.java:127)
	at org.testng.internal.TestMethodWorker.run(TestMethodWorker.java:111)
	at org.testng.TestRunner.privateRun(TestRunner.java:767)
	at org.testng.TestRunner.run(TestRunner.java:617)
	at org.testng.SuiteRunner.runTest(SuiteRunner.java:348)
	at org.testng.SuiteRunner.runSequentially(SuiteRunner.java:343)
	at org.testng.SuiteRunner.privateRun(SuiteRunner.java:305)
	at org.testng.SuiteRunner.run(SuiteRunner.java:254)
	at org.testng.SuiteRunnerWorker.runSuite(SuiteRunnerWorker.java:52)
	at org.testng.SuiteRunnerWorker.run(SuiteRunnerWorker.java:86)
	at org.testng.TestNG.runSuitesSequentially(TestNG.java:1224)
	at org.testng.TestNG.runSuitesSequentially(TestNG.java:1220)
	at org.testng.TestNG.runSuitesLocally(TestNG.java:1149)
	at org.testng.TestNG.run(TestNG.java:1057)
	at org.apache.maven.surefire.testng.TestNGExecutor.run(TestNGExecutor.java:74)
	at org.apache.maven.surefire.testng.TestNGXmlTestSuite.execute(TestNGXmlTestSuite.java:92)
	at org.apache.maven.surefire.Surefire.run(Surefire.java:177)
	at sun.reflect.NativeMethodAccessorImpl.invoke0(Native Method)
	at sun.reflect.NativeMethodAccessorImpl.invoke(NativeMethodAccessorImpl.java:62)
	at sun.reflect.DelegatingMethodAccessorImpl.invoke(DelegatingMethodAccessorImpl.java:43)
	at java.lang.reflect.Method.invoke(Method.java:497)
	at org.apache.maven.surefire.booter.SurefireBooter.runSuitesInProcess(SurefireBooter.java:345)
	at org.apache.maven.surefire.booter.SurefireBooter.main(SurefireBooter.java:1009)
Caused by: org.openqa.selenium.NoSuchElementException: Unable to locate element: {&quot;method&quot;:&quot;xpath&quot;,&quot;selector&quot;:&quot;.//*[@id=&apos;Head&apos;]//a[@href=&apos;http://www.uaua.info/user/login/&apos;]&quot;}
For documentation on this error, please visit: http://seleniumhq.org/exceptions/no_such_element.html
Build info: version: &apos;2.45.0&apos;, revision: &apos;5017cb8e7ca8e37638dc3091b2440b90a1d8686f&apos;, time: &apos;2015-02-27 09:10:26&apos;
System info: host: &apos;LogicPower2&apos;, ip: &apos;169.254.119.146&apos;, os.name: &apos;Windows 7&apos;, os.arch: &apos;amd64&apos;, os.version: &apos;6.1&apos;, java.version: &apos;1.8.0_45&apos;
Driver info: driver.version: unknown
	at &lt;anonymous class&gt;.FirefoxDriver.prototype.findElementInternal_(file:///C:/Windows/TEMP/anonymous6730857269266988704webdriver-profile/extensions/fxdriver@googlecode.com/components/driver-component.js:10271)
	at &lt;anonymous class&gt;.fxdriver.Timer.prototype.setTimeout/&lt;.notify(file:///C:/Windows/TEMP/anonymous6730857269266988704webdriver-profile/extensions/fxdriver@googlecode.com/components/driver-component.js:603)
</system-err>
  </testcase>
  <testcase classname="tests.uaua.TestForum" name="testForP03" time="33.712">
    <failure message="null" type="java.lang.AssertionError">java.lang.AssertionError: null
	at org.testng.Assert.fail(Assert.java:94)
	at org.testng.Assert.fail(Assert.java:101)
	at tests.uaua.TestForum.testForP03(TestForum.java:168)
</failure>
  </testcase>
  <testcase classname="tests.uaua.TestForum" name="testForP05" time="9.076"/>
  <testcase classname="tests.uaua.TestForum" name="testForS01" time="11.657"/>
  <testcase classname="tests.uaua.TestForum" name="testForU01" time="5.773"/>
  <testcase classname="tests.uaua.TestDetskoePitanie" name="testDetP011" time="6.001"/>
  <testcase classname="tests.uaua.TestDetskoePitanie" name="testDetP012" time="5.403"/>
  <testcase classname="tests.uaua.TestDetskoePitanie" name="testDetP013" time="0"/>
  <testcase classname="tests.uaua.TestDetskoePitanie" name="testDetP021" time="8.403"/>
  <testcase classname="tests.uaua.TestDetskoePitanie" name="testDetP022" time="19.394"/>
  <testcase classname="tests.uaua.TestDetskoePitanie" name="testDetP03" time="8.991"/>
  <testcase classname="tests.uaua.TestDetskoePitanie" name="testDetP032" time="23.351"/>
  <testcase classname="tests.uaua.TestDetskoePitanie" name="testDetP041" time="7.727"/>
  <testcase classname="tests.uaua.TestDetskoePitanie" name="testDetP042" time="17.533"/>
  <testcase classname="tests.uaua.TestDetskoePitanie" name="testDetP051" time="7.804"/>
  <testcase classname="tests.uaua.TestDetskoePitanie" name="testDetP052" time="19.618"/>
  <testcase classname="tests.uaua.TestDetskoePitanie" name="testDetP061" time="8.498"/>
  <testcase classname="tests.uaua.TestDetskoePitanie" name="testDetP062" time="17.095"/>
  <testcase classname="tests.uaua.TestDetskoePitanie" name="testDetP071" time="8.12"/>
  <testcase classname="tests.uaua.TestDetskoePitanie" name="testDetP072" time="15.35"/>
  <testcase classname="tests.uaua.TestDetskoePitanie" name="testDetP081" time="6.961"/>
  <testcase classname="tests.uaua.TestDetskoePitanie" name="testDetP082" time="15.659"/>
  <testcase classname="tests.uaua.TestDetskoePitanie" name="testDetP09" time="16.489"/>
  <testcase classname="tests.uaua.TestDetskoePitanie" name="testDetP10" time="3.746"/>
</testsuite>