<?xml version="1.0" encoding="UTF-8"?>
<!-- Generated by org.testng.reporters.JUnitXMLReporter -->
<testsuite hostname="LogicPower2" name="FirefoxTest" tests="197" failures="31" timestamp="1 Jul 2015 11:37:25 GMT" time="4616.089" errors="0">
  <testcase name="test1to3M01" time="10.286" classname="tests.uaua.TestMenu"/>
  <testcase name="test1to3M02" time="38.96" classname="tests.uaua.TestMenu">
    <failure type="java.lang.AssertionError" message="null">
      <![CDATA[java.lang.AssertionError: null
	at tests.uaua.TestMenu.test1to3M02(TestMenu.java:413)
... Removed 27 stack frames]]>
    </failure>
  </testcase> <!-- test1to3M02 -->
  <testcase name="test1to3M0201" time="24.608" classname="tests.uaua.TestMenu"/>
  <testcase name="test1to3M03" time="9.086" classname="tests.uaua.TestMenu"/>
  <testcase name="test1to3M04" time="11.223" classname="tests.uaua.TestMenu"/>
  <testcase name="test1to3M05" time="8.567" classname="tests.uaua.TestMenu"/>
  <testcase name="test1to3M06" time="8.542" classname="tests.uaua.TestMenu"/>
  <testcase name="test3to6M01" time="0.1" classname="tests.uaua.TestMenu">
    <failure type="java.lang.AssertionError" message="null">
      <![CDATA[java.lang.AssertionError: null
	at tests.uaua.TestMenu.test3to6M01(TestMenu.java:256)
... Removed 27 stack frames]]>
    </failure>
  </testcase> <!-- test3to6M01 -->
  <testcase name="test3to6M02" time="39.269" classname="tests.uaua.TestMenu">
    <failure type="java.lang.AssertionError" message="null">
      <![CDATA[java.lang.AssertionError: null
	at tests.uaua.TestMenu.test3to6M02(TestMenu.java:833)
... Removed 27 stack frames]]>
    </failure>
  </testcase> <!-- test3to6M02 -->
  <testcase name="test3to6M0201" time="30.18" classname="tests.uaua.TestMenu">
    <failure type="java.lang.AssertionError" message="null">
      <![CDATA[java.lang.AssertionError: null
	at tests.uaua.TestMenu.test3to6M0201(TestMenu.java:851)
... Removed 27 stack frames]]>
    </failure>
  </testcase> <!-- test3to6M0201 -->
  <testcase name="test3to6M03" time="10.078" classname="tests.uaua.TestMenu"/>
  <testcase name="test3to6M04" time="8.662" classname="tests.uaua.TestMenu"/>
  <testcase name="test3to6M05" time="9.465" classname="tests.uaua.TestMenu"/>
  <testcase name="test3to6M06" time="9.396" classname="tests.uaua.TestMenu"/>
  <testcase name="test6to9M01" time="0.106" classname="tests.uaua.TestMenu">
    <failure type="java.lang.AssertionError" message="null">
      <![CDATA[java.lang.AssertionError: null
	at tests.uaua.TestMenu.test6to9M01(TestMenu.java:178)
... Removed 27 stack frames]]>
    </failure>
  </testcase> <!-- test6to9M01 -->
  <testcase name="test6to9M02" time="36.47" classname="tests.uaua.TestMenu">
    <failure type="java.lang.AssertionError" message="null">
      <![CDATA[java.lang.AssertionError: null
	at tests.uaua.TestMenu.test6to9M02(TestMenu.java:928)
... Removed 27 stack frames]]>
    </failure>
  </testcase> <!-- test6to9M02 -->
  <testcase name="test6to9M0201" time="30.191" classname="tests.uaua.TestMenu">
    <failure type="java.lang.AssertionError" message="null">
      <![CDATA[java.lang.AssertionError: null
	at tests.uaua.TestMenu.test6to9M0201(TestMenu.java:946)
... Removed 27 stack frames]]>
    </failure>
  </testcase> <!-- test6to9M0201 -->
  <testcase name="test6to9M03" time="9.058" classname="tests.uaua.TestMenu"/>
  <testcase name="test6to9M04" time="9.318" classname="tests.uaua.TestMenu"/>
  <testcase name="test6to9M05" time="10.504" classname="tests.uaua.TestMenu"/>
  <testcase name="test6to9M06" time="9.065" classname="tests.uaua.TestMenu"/>
  <testcase name="test6to9M07" time="8.673" classname="tests.uaua.TestMenu"/>
  <testcase name="test9to16M01" time="0.462" classname="tests.uaua.TestMenu">
    <failure type="java.lang.AssertionError" message="null">
      <![CDATA[java.lang.AssertionError: null
	at tests.uaua.TestMenu.test9to16M01(TestMenu.java:273)
... Removed 27 stack frames]]>
    </failure>
  </testcase> <!-- test9to16M01 -->
  <testcase name="test9to16M02" time="36.148" classname="tests.uaua.TestMenu">
    <failure type="java.lang.AssertionError" message="null">
      <![CDATA[java.lang.AssertionError: null
	at tests.uaua.TestMenu.test9to16M02(TestMenu.java:1039)
... Removed 27 stack frames]]>
    </failure>
  </testcase> <!-- test9to16M02 -->
  <testcase name="test9to16M0201" time="30.206" classname="tests.uaua.TestMenu">
    <failure type="java.lang.AssertionError" message="null">
      <![CDATA[java.lang.AssertionError: null
	at tests.uaua.TestMenu.test9to16M0201(TestMenu.java:1056)
... Removed 27 stack frames]]>
    </failure>
  </testcase> <!-- test9to16M0201 -->
  <testcase name="test9to16M03" time="8.436" classname="tests.uaua.TestMenu"/>
  <testcase name="test9to16M04" time="10.398" classname="tests.uaua.TestMenu"/>
  <testcase name="test9to16M05" time="9.52" classname="tests.uaua.TestMenu"/>
  <testcase name="test9to16M06" time="10.214" classname="tests.uaua.TestMenu"/>
  <testcase name="test9to16M07" time="8.905" classname="tests.uaua.TestMenu"/>
  <testcase name="testMG01" time="9.538" classname="tests.uaua.TestMenu"/>
  <testcase name="testMG02" time="36.155" classname="tests.uaua.TestMenu">
    <failure type="java.lang.AssertionError" message="null">
      <![CDATA[java.lang.AssertionError: null
	at tests.uaua.TestMenu.testMG02(TestMenu.java:365)
... Removed 27 stack frames]]>
    </failure>
  </testcase> <!-- testMG02 -->
  <testcase name="testMG0201" time="30.147" classname="tests.uaua.TestMenu">
    <failure type="java.lang.AssertionError" message="null">
      <![CDATA[java.lang.AssertionError: null
	at tests.uaua.TestMenu.testMG0201(TestMenu.java:382)
... Removed 27 stack frames]]>
    </failure>
  </testcase> <!-- testMG0201 -->
  <testcase name="testMG03" time="9.859" classname="tests.uaua.TestMenu"/>
  <testcase name="testMG04" time="10.032" classname="tests.uaua.TestMenu"/>
  <testcase name="testMG05" time="10.058" classname="tests.uaua.TestMenu"/>
  <testcase name="testMM01" time="77.78" classname="tests.uaua.TestMenu"/>
  <testcase name="testMN01" time="7.523" classname="tests.uaua.TestMenu"/>
  <testcase name="testMN02" time="35.885" classname="tests.uaua.TestMenu">
    <failure type="java.lang.AssertionError" message="null">
      <![CDATA[java.lang.AssertionError: null
	at tests.uaua.TestMenu.testMN02(TestMenu.java:537)
... Removed 27 stack frames]]>
    </failure>
  </testcase> <!-- testMN02 -->
  <testcase name="testMN0201" time="30.162" classname="tests.uaua.TestMenu">
    <failure type="java.lang.AssertionError" message="null">
      <![CDATA[java.lang.AssertionError: null
	at tests.uaua.TestMenu.testMN0201(TestMenu.java:555)
... Removed 27 stack frames]]>
    </failure>
  </testcase> <!-- testMN0201 -->
  <testcase name="testMN03" time="10.073" classname="tests.uaua.TestMenu"/>
  <testcase name="testMN04" time="10.289" classname="tests.uaua.TestMenu"/>
  <testcase name="testMN05" time="10.637" classname="tests.uaua.TestMenu"/>
  <testcase name="testMN06" time="10.377" classname="tests.uaua.TestMenu"/>
  <testcase name="testMN07" time="11.381" classname="tests.uaua.TestMenu"/>
  <testcase name="testMP01" time="11.675" classname="tests.uaua.TestMenu"/>
  <testcase name="testMP02" time="37.704" classname="tests.uaua.TestMenu">
    <failure type="java.lang.AssertionError" message="null">
      <![CDATA[java.lang.AssertionError: null
	at tests.uaua.TestMenu.testMP02(TestMenu.java:114)
... Removed 27 stack frames]]>
    </failure>
  </testcase> <!-- testMP02 -->
  <testcase name="testMP03" time="12.146" classname="tests.uaua.TestMenu"/>
  <testcase name="testMP04" time="10.548" classname="tests.uaua.TestMenu"/>
  <testcase name="testMP05" time="7.851" classname="tests.uaua.TestMenu"/>
  <testcase name="testMR01" time="8.933" classname="tests.uaua.TestMenu"/>
  <testcase name="testMR02" time="36.987" classname="tests.uaua.TestMenu">
    <failure type="java.lang.AssertionError" message="null">
      <![CDATA[java.lang.AssertionError: null
	at tests.uaua.TestMenu.testMR02(TestMenu.java:304)
... Removed 27 stack frames]]>
    </failure>
  </testcase> <!-- testMR02 -->
  <testcase name="testMR03" time="8.811" classname="tests.uaua.TestMenu"/>
  <testcase name="testMR04" time="8.789" classname="tests.uaua.TestMenu"/>
  <testcase name="testMR05" time="8.835" classname="tests.uaua.TestMenu"/>
  <testcase name="testMS01" time="7.453" classname="tests.uaua.TestMenu"/>
  <testcase name="testMS02" time="36.523" classname="tests.uaua.TestMenu">
    <failure type="java.lang.AssertionError" message="null">
      <![CDATA[java.lang.AssertionError: null
	at tests.uaua.TestMenu.testMS02(TestMenu.java:647)
... Removed 27 stack frames]]>
    </failure>
  </testcase> <!-- testMS02 -->
  <testcase name="testMS0201" time="30.161" classname="tests.uaua.TestMenu">
    <failure type="java.lang.AssertionError" message="null">
      <![CDATA[java.lang.AssertionError: null
	at tests.uaua.TestMenu.testMS0201(TestMenu.java:664)
... Removed 27 stack frames]]>
    </failure>
  </testcase> <!-- testMS0201 -->
  <testcase name="testMS03" time="15.193" classname="tests.uaua.TestMenu"/>
  <testcase name="testMS04" time="9.036" classname="tests.uaua.TestMenu"/>
  <testcase name="testMS05" time="9.273" classname="tests.uaua.TestMenu"/>
  <testcase name="testMS06" time="8.368" classname="tests.uaua.TestMenu"/>
  <testcase name="testMS07" time="9.166" classname="tests.uaua.TestMenu"/>
  <testcase name="testMS08" time="10.152" classname="tests.uaua.TestMenu"/>
  <testcase name="testMS09" time="12.46" classname="tests.uaua.TestMenu"/>
  <testcase name="testMS10" time="9.919" classname="tests.uaua.TestMenu"/>
  <testcase name="testMS11" time="10.551" classname="tests.uaua.TestMenu"/>
  <testcase name="testMS12" time="12.842" classname="tests.uaua.TestMenu"/>
  <testcase name="testAKB01" time="38.371" classname="tests.uaua.TestServicesRasschetnue"/>
  <testcase name="testAKB02" time="19.305" classname="tests.uaua.TestServicesRasschetnue"/>
  <testcase name="testBBR01" time="112.69" classname="tests.uaua.TestServicesRasschetnue"/>
  <testcase name="testBM01" time="329.282" classname="tests.uaua.TestServicesRasschetnue">
    <failure type="java.lang.AssertionError" message="expected:&amp;lt;668,000.00 грн.&amp;gt; but was:&amp;lt;668,000.00&amp;gt;">
      <![CDATA[java.lang.AssertionError: expected:<668,000.00 грн.> but was:<668,000.00>
	at tests.uaua.TestServicesRasschetnue.testBM01(TestServicesRasschetnue.java:285)
... Removed 27 stack frames]]>
    </failure>
  </testcase> <!-- testBM01 -->
  <testcase name="testKP01" time="14.912" classname="tests.uaua.TestServicesRasschetnue"/>
  <testcase name="testPDG01" time="15.912" classname="tests.uaua.TestServicesRasschetnue"/>
  <testcase name="testRDR01" time="39.932" classname="tests.uaua.TestServicesRasschetnue">
    <failure type="java.lang.AssertionError" message="null">
      <![CDATA[java.lang.AssertionError: null
	at tests.uaua.TestServicesRasschetnue.testRDR01(TestServicesRasschetnue.java:153)
... Removed 27 stack frames]]>
    </failure>
  </testcase> <!-- testRDR01 -->
  <testcase name="testRPMP01" time="37.432" classname="tests.uaua.TestServicesRasschetnue"/>
  <testcase name="testSOP01" time="35.389" classname="tests.uaua.TestServicesRasschetnue">
    <failure type="java.lang.AssertionError" message="null">
      <![CDATA[java.lang.AssertionError: null
	at tests.uaua.TestServicesRasschetnue.testSOP01(TestServicesRasschetnue.java:178)
... Removed 27 stack frames]]>
    </failure>
  </testcase> <!-- testSOP01 -->
  <testcase name="testSTP01" time="17.856" classname="tests.uaua.TestServicesRasschetnue"/>
  <testcase name="testCDR01" time="14.27" classname="tests.uaua.TestUaUaCommonService"/>
  <testcase name="testCDR02" time="10.716" classname="tests.uaua.TestUaUaCommonService"/>
  <testcase name="testCDR03" time="3.715" classname="tests.uaua.TestUaUaCommonService">
    <failure type="java.lang.AssertionError" message="null">
      <![CDATA[java.lang.AssertionError: null
	at tests.uaua.TestUaUaCommonService.testCDR03(TestUaUaCommonService.java:1073)
... Removed 27 stack frames]]>
    </failure>
  </testcase> <!-- testCDR03 -->
  <testcase name="testCDR04" time="5.753" classname="tests.uaua.TestUaUaCommonService"/>
  <testcase name="testCDR05" time="8.624" classname="tests.uaua.TestUaUaCommonService"/>
  <testcase name="testCDR06" time="4.313" classname="tests.uaua.TestUaUaCommonService"/>
  <testcase name="testDS01" time="14.964" classname="tests.uaua.TestUaUaCommonService"/>
  <testcase name="testDS02" time="6.613" classname="tests.uaua.TestUaUaCommonService"/>
  <testcase name="testDS03" time="6.932" classname="tests.uaua.TestUaUaCommonService"/>
  <testcase name="testDS04" time="5.441" classname="tests.uaua.TestUaUaCommonService"/>
  <testcase name="testDS05" time="8.472" classname="tests.uaua.TestUaUaCommonService"/>
  <testcase name="testDS06" time="3.248" classname="tests.uaua.TestUaUaCommonService"/>
  <testcase name="testDSch01" time="13.554" classname="tests.uaua.TestUaUaCommonService"/>
  <testcase name="testDSch02" time="8.613" classname="tests.uaua.TestUaUaCommonService"/>
  <testcase name="testDSch03" time="9.287" classname="tests.uaua.TestUaUaCommonService"/>
  <testcase name="testDSch04" time="5.112" classname="tests.uaua.TestUaUaCommonService"/>
  <testcase name="testDSch05" time="7.986" classname="tests.uaua.TestUaUaCommonService"/>
  <testcase name="testDSch06" time="3.902" classname="tests.uaua.TestUaUaCommonService"/>
  <testcase name="testDT01" time="13.577" classname="tests.uaua.TestUaUaCommonService"/>
  <testcase name="testDT02" time="7.976" classname="tests.uaua.TestUaUaCommonService"/>
  <testcase name="testDT03" time="10.3" classname="tests.uaua.TestUaUaCommonService"/>
  <testcase name="testDT04" time="6.912" classname="tests.uaua.TestUaUaCommonService"/>
  <testcase name="testDT05" time="9.973" classname="tests.uaua.TestUaUaCommonService"/>
  <testcase name="testDT06" time="4.394" classname="tests.uaua.TestUaUaCommonService"/>
  <testcase name="testKdB01" time="13.943" classname="tests.uaua.TestUaUaCommonService"/>
  <testcase name="testKdB02" time="10.023" classname="tests.uaua.TestUaUaCommonService"/>
  <testcase name="testKdB03" time="9.359" classname="tests.uaua.TestUaUaCommonService"/>
  <testcase name="testKdB04" time="5.436" classname="tests.uaua.TestUaUaCommonService"/>
  <testcase name="testKdB05" time="12.844" classname="tests.uaua.TestUaUaCommonService"/>
  <testcase name="testKdB06" time="5.19" classname="tests.uaua.TestUaUaCommonService"/>
  <testcase name="testMS01" time="16.698" classname="tests.uaua.TestUaUaCommonService"/>
  <testcase name="testMS02" time="8.146" classname="tests.uaua.TestUaUaCommonService"/>
  <testcase name="testMS03" time="9.576" classname="tests.uaua.TestUaUaCommonService"/>
  <testcase name="testMS04" time="5.701" classname="tests.uaua.TestUaUaCommonService"/>
  <testcase name="testMS05" time="8.415" classname="tests.uaua.TestUaUaCommonService"/>
  <testcase name="testMS06" time="3.056" classname="tests.uaua.TestUaUaCommonService"/>
  <testcase name="testOZ01" time="13.679" classname="tests.uaua.TestUaUaCommonService"/>
  <testcase name="testOZ02" time="8.667" classname="tests.uaua.TestUaUaCommonService"/>
  <testcase name="testOZ03" time="9.983" classname="tests.uaua.TestUaUaCommonService"/>
  <testcase name="testOZ04" time="6.29" classname="tests.uaua.TestUaUaCommonService"/>
  <testcase name="testOZ05" time="10.989" classname="tests.uaua.TestUaUaCommonService"/>
  <testcase name="testOZ06" time="3.76" classname="tests.uaua.TestUaUaCommonService"/>
  <testcase name="testRSD01" time="6.514" classname="tests.uaua.TestUaUaCommonService"/>
  <testcase name="testRSD02" time="5.294" classname="tests.uaua.TestUaUaCommonService"/>
  <testcase name="testRSD03" time="36.012" classname="tests.uaua.TestUaUaCommonService">
    <failure type="java.lang.AssertionError" message="null">
      <![CDATA[java.lang.AssertionError: null
	at tests.uaua.TestUaUaCommonService.testRSD03(TestUaUaCommonService.java:160)
... Removed 27 stack frames]]>
    </failure>
  </testcase> <!-- testRSD03 -->
  <testcase name="testRSD04" time="7.032" classname="tests.uaua.TestUaUaCommonService"/>
  <testcase name="testRSD05" time="8.809" classname="tests.uaua.TestUaUaCommonService"/>
  <testcase name="testRod01" time="13.149" classname="tests.uaua.TestUaUaCommonService"/>
  <testcase name="testRod02" time="8.769" classname="tests.uaua.TestUaUaCommonService"/>
  <testcase name="testRod03" time="8.356" classname="tests.uaua.TestUaUaCommonService"/>
  <testcase name="testRod04" time="5.025" classname="tests.uaua.TestUaUaCommonService"/>
  <testcase name="testRod05" time="7.743" classname="tests.uaua.TestUaUaCommonService"/>
  <testcase name="testRod06" time="3.849" classname="tests.uaua.TestUaUaCommonService"/>
  <testcase name="testSDB01" time="8.987" classname="tests.uaua.TestUaUaCommonService"/>
  <testcase name="testSDB02" time="6.515" classname="tests.uaua.TestUaUaCommonService"/>
  <testcase name="testSDB06" time="13.415" classname="tests.uaua.TestUaUaCommonService"/>
  <testcase name="testSDB07" time="10.458" classname="tests.uaua.TestUaUaCommonService"/>
  <testcase name="testSS01" time="13.809" classname="tests.uaua.TestUaUaCommonService"/>
  <testcase name="testSS02" time="9.087" classname="tests.uaua.TestUaUaCommonService"/>
  <testcase name="testSS03" time="8.348" classname="tests.uaua.TestUaUaCommonService"/>
  <testcase name="testSS04" time="4.554" classname="tests.uaua.TestUaUaCommonService"/>
  <testcase name="testSS05" time="8.816" classname="tests.uaua.TestUaUaCommonService"/>
  <testcase name="testSS06" time="3.782" classname="tests.uaua.TestUaUaCommonService"/>
  <testcase name="testSch01" time="16.354" classname="tests.uaua.TestUaUaCommonService"/>
  <testcase name="testSch02" time="7.705" classname="tests.uaua.TestUaUaCommonService"/>
  <testcase name="testSch03" time="33.248" classname="tests.uaua.TestUaUaCommonService">
    <failure type="java.lang.AssertionError" message="null">
      <![CDATA[java.lang.AssertionError: null
	at tests.uaua.TestUaUaCommonService.testSch03(TestUaUaCommonService.java:1163)
... Removed 27 stack frames]]>
    </failure>
  </testcase> <!-- testSch03 -->
  <testcase name="testSch04" time="5.726" classname="tests.uaua.TestUaUaCommonService"/>
  <testcase name="testSch05" time="10.923" classname="tests.uaua.TestUaUaCommonService"/>
  <testcase name="testSch06" time="3.615" classname="tests.uaua.TestUaUaCommonService"/>
  <testcase name="testTF01" time="14.857" classname="tests.uaua.TestUaUaCommonService"/>
  <testcase name="testTF08" time="9.302" classname="tests.uaua.TestUaUaCommonService"/>
  <testcase name="testTF09" time="3.762" classname="tests.uaua.TestUaUaCommonService"/>
  <testcase name="testU01" time="13.819" classname="tests.uaua.TestUaUaCommonService"/>
  <testcase name="testU02" time="10.028" classname="tests.uaua.TestUaUaCommonService"/>
  <testcase name="testU03" time="9.853" classname="tests.uaua.TestUaUaCommonService"/>
  <testcase name="testU04" time="5.03" classname="tests.uaua.TestUaUaCommonService"/>
  <testcase name="testU05" time="9.658" classname="tests.uaua.TestUaUaCommonService"/>
  <testcase name="testU06" time="3.938" classname="tests.uaua.TestUaUaCommonService"/>
  <testcase name="testZhK01" time="16.935" classname="tests.uaua.TestUaUaCommonService"/>
  <testcase name="testZhK02" time="10.143" classname="tests.uaua.TestUaUaCommonService"/>
  <testcase name="testZhK03" time="9.18" classname="tests.uaua.TestUaUaCommonService"/>
  <testcase name="testZhK04" time="5.305" classname="tests.uaua.TestUaUaCommonService"/>
  <testcase name="testZhK05" time="8.289" classname="tests.uaua.TestUaUaCommonService"/>
  <testcase name="testZhK06" time="3.536" classname="tests.uaua.TestUaUaCommonService"/>
  <testcase name="testAd01" time="48.109" classname="tests.uaua.TestObjavlinija"/>
  <testcase name="testAd02" time="44.603" classname="tests.uaua.TestObjavlinija"/>
  <testcase name="testAd03" time="47.509" classname="tests.uaua.TestObjavlinija"/>
  <testcase name="testAd04" time="63.745" classname="tests.uaua.TestObjavlinija"/>
  <testcase name="testAd05" time="33.437" classname="tests.uaua.TestObjavlinija"/>
  <testcase name="testAd06" time="94.159" classname="tests.uaua.TestObjavlinija"/>
  <testcase name="testAd08" time="59.399" classname="tests.uaua.TestObjavlinija">
    <failure type="org.openqa.selenium.NoSuchElementException" message="Unable to locate element: {&amp;quot;method&amp;quot;:&amp;quot;xpath&amp;quot;,&amp;quot;selector&amp;quot;:&amp;quot;.//*[@id=&amp;apos;firstrow0&amp;apos;]&amp;quot;}
Command duration or timeout: 30.22 seconds
For documentation on this error, please visit: http://seleniumhq.org/exceptions/no_such_element.html
Build info: version: &amp;apos;2.45.0&amp;apos;, revision: &amp;apos;32a636c&amp;apos;, time: &amp;apos;2015-03-05 22:01:35&amp;apos;
System info: host: &amp;apos;LogicPower2&amp;apos;, ip: &amp;apos;10.0.10.206&amp;apos;, os.name: &amp;apos;Windows 7&amp;apos;, os.arch: &amp;apos;amd64&amp;apos;, os.version: &amp;apos;6.1&amp;apos;, java.version: &amp;apos;1.8.0_45&amp;apos;
Driver info: org.openqa.selenium.firefox.FirefoxDriver
Capabilities [{applicationCacheEnabled=true, rotatable=false, handlesAlerts=true, databaseEnabled=true, version=38.0.5, platform=WINDOWS, nativeEvents=false, acceptSslCerts=true, webStorageEnabled=true, locationContextEnabled=true, browserName=firefox, takesScreenshot=true, javascriptEnabled=true, cssSelectorsEnabled=true}]
Session ID: b7ded224-14c0-45d8-bbd9-0fb9e2dcfa92
*** Element info: {Using=xpath, value=.//*[@id=&amp;apos;firstrow0&amp;apos;]}">
      <![CDATA[org.openqa.selenium.NoSuchElementException: Unable to locate element: {"method":"xpath","selector":".//*[@id='firstrow0']"}
Command duration or timeout: 30.22 seconds
For documentation on this error, please visit: http://seleniumhq.org/exceptions/no_such_element.html
Build info: version: '2.45.0', revision: '32a636c', time: '2015-03-05 22:01:35'
System info: host: 'LogicPower2', ip: '10.0.10.206', os.name: 'Windows 7', os.arch: 'amd64', os.version: '6.1', java.version: '1.8.0_45'
Driver info: org.openqa.selenium.firefox.FirefoxDriver
Capabilities [{applicationCacheEnabled=true, rotatable=false, handlesAlerts=true, databaseEnabled=true, version=38.0.5, platform=WINDOWS, nativeEvents=false, acceptSslCerts=true, webStorageEnabled=true, locationContextEnabled=true, browserName=firefox, takesScreenshot=true, javascriptEnabled=true, cssSelectorsEnabled=true}]
Session ID: b7ded224-14c0-45d8-bbd9-0fb9e2dcfa92
*** Element info: {Using=xpath, value=.//*[@id='firstrow0']}
	at org.openqa.selenium.remote.ErrorHandler.createThrowable(ErrorHandler.java:204)
	at org.openqa.selenium.remote.ErrorHandler.throwIfResponseFailed(ErrorHandler.java:156)
	at org.openqa.selenium.remote.RemoteWebDriver.execute(RemoteWebDriver.java:599)
	at org.openqa.selenium.remote.RemoteWebDriver.findElement(RemoteWebDriver.java:352)
	at org.openqa.selenium.remote.RemoteWebDriver.findElementByXPath(RemoteWebDriver.java:449)
	at org.openqa.selenium.By$ByXPath.findElement(By.java:357)
	at org.openqa.selenium.remote.RemoteWebDriver.findElement(RemoteWebDriver.java:344)
	at info.uaua.ObjavlinijaObjects.findAddedObyavlenia(ObjavlinijaObjects.java:115)
	at tests.uaua.TestObjavlinija.testAd08(TestObjavlinija.java:196)
Caused by: org.openqa.selenium.NoSuchElementException: Unable to locate element: {"method":"xpath","selector":".//*[@id='firstrow0']"}
For documentation on this error, please visit: http://seleniumhq.org/exceptions/no_such_element.html
Build info: version: '2.45.0', revision: '32a636c', time: '2015-03-05 22:01:35'
System info: host: 'LogicPower2', ip: '10.0.10.206', os.name: 'Windows 7', os.arch: 'amd64', os.version: '6.1', java.version: '1.8.0_45'
Driver info: driver.version: unknown
	at <anonymous class>.FirefoxDriver.prototype.findElementInternal_(file:///C:/Users/Admin/AppData/Local/Temp/anonymous3629747957572420623webdriver-profile/extensions/fxdriver@googlecode.com/components/driver-component.js:10271)
	at <anonymous class>.fxdriver.Timer.prototype.setTimeout/<.notify(file:///C:/Users/Admin/AppData/Local/Temp/anonymous3629747957572420623webdriver-profile/extensions/fxdriver@googlecode.com/components/driver-component.js:603)
... Removed 28 stack frames]]>
    </failure>
  </testcase> <!-- testAd08 -->
  <testcase name="testAd07" time="3.562" classname="tests.uaua.TestObjavlinija">
    <failure type="java.lang.AssertionError" message="expected:&amp;lt;teste&amp;gt; but was:&amp;lt;test:!@#$%^&amp;amp;*()_+/.,&amp;gt;&amp;lt;]`&amp;gt;">
      <![CDATA[java.lang.AssertionError: expected:<teste> but was:<test:!@#$%^&*()_+/.,><]`>
	at tests.uaua.TestObjavlinija.testAd07(TestObjavlinija.java:223)
... Removed 27 stack frames]]>
    </failure>
  </testcase> <!-- testAd07 -->
  <testcase name="testForI01" time="19.137" classname="tests.uaua.TestForum"/>
  <testcase name="testForN01" time="14.48" classname="tests.uaua.TestForum">
    <failure type="java.lang.AssertionError" message="expected:&amp;lt;1&amp;gt; but was:&amp;lt;2&amp;gt;">
      <![CDATA[java.lang.AssertionError: expected:<1> but was:<2>
	at tests.uaua.TestForum.testForN01(TestForum.java:224)
... Removed 27 stack frames]]>
    </failure>
  </testcase> <!-- testForN01 -->
  <testcase name="testForP01" time="3.948" classname="tests.uaua.TestForum">
    <failure type="java.lang.AssertionError" message="expected [true] but found [false]">
      <![CDATA[java.lang.AssertionError: expected [true] but found [false]
	at tests.uaua.TestForum.testForP01(TestForum.java:138)
... Removed 29 stack frames]]>
    </failure>
  </testcase> <!-- testForP01 -->
  <testcase name="testForP02" time="32.41" classname="tests.uaua.TestForum">
    <failure type="java.lang.AssertionError" message="null">
      <![CDATA[java.lang.AssertionError: null
	at tests.uaua.TestForum.testForP02(TestForum.java:154)
... Removed 27 stack frames]]>
    </failure>
  </testcase> <!-- testForP02 -->
  <testcase name="testForP03" time="32.726" classname="tests.uaua.TestForum">
    <failure type="java.lang.AssertionError" message="null">
      <![CDATA[java.lang.AssertionError: null
	at tests.uaua.TestForum.testForP03(TestForum.java:177)
... Removed 27 stack frames]]>
    </failure>
  </testcase> <!-- testForP03 -->
  <testcase name="testForP05" time="38.43" classname="tests.uaua.TestForum">
    <failure type="java.lang.AssertionError" message="null">
      <![CDATA[java.lang.AssertionError: null
	at tests.uaua.TestForum.testForP05(TestForum.java:211)
... Removed 27 stack frames]]>
    </failure>
  </testcase> <!-- testForP05 -->
  <testcase name="testForS01" time="15.198" classname="tests.uaua.TestForum"/>
  <testcase name="testForU01" time="8.62" classname="tests.uaua.TestForum"/>
  <testcase name="testDetP011" time="6.864" classname="tests.uaua.TestDetskoePitanie"/>
  <testcase name="testDetP012" time="4.741" classname="tests.uaua.TestDetskoePitanie"/>
  <testcase name="testDetP013" time="0.0" classname="tests.uaua.TestDetskoePitanie"/>
  <testcase name="testDetP021" time="15.736" classname="tests.uaua.TestDetskoePitanie"/>
  <testcase name="testDetP022" time="19.786" classname="tests.uaua.TestDetskoePitanie"/>
  <testcase name="testDetP03" time="9.297" classname="tests.uaua.TestDetskoePitanie"/>
  <testcase name="testDetP032" time="22.64" classname="tests.uaua.TestDetskoePitanie"/>
  <testcase name="testDetP041" time="7.795" classname="tests.uaua.TestDetskoePitanie"/>
  <testcase name="testDetP042" time="17.112" classname="tests.uaua.TestDetskoePitanie"/>
  <testcase name="testDetP051" time="8.044" classname="tests.uaua.TestDetskoePitanie"/>
  <testcase name="testDetP052" time="18.572" classname="tests.uaua.TestDetskoePitanie"/>
  <testcase name="testDetP061" time="7.178" classname="tests.uaua.TestDetskoePitanie"/>
  <testcase name="testDetP062" time="16.532" classname="tests.uaua.TestDetskoePitanie"/>
  <testcase name="testDetP071" time="9.019" classname="tests.uaua.TestDetskoePitanie"/>
  <testcase name="testDetP072" time="16.772" classname="tests.uaua.TestDetskoePitanie"/>
  <testcase name="testDetP081" time="8.941" classname="tests.uaua.TestDetskoePitanie"/>
  <testcase name="testDetP082" time="19.824" classname="tests.uaua.TestDetskoePitanie"/>
  <testcase name="testDetP09" time="27.089" classname="tests.uaua.TestDetskoePitanie"/>
  <testcase name="testDetP10" time="3.591" classname="tests.uaua.TestDetskoePitanie"/>
</testsuite> <!-- FirefoxTest -->
