<?xml version="1.0" encoding="UTF-8"?>
<!-- Generated by org.testng.reporters.JUnitReportReporter -->
<testsuite hostname="LogicPower2" name="tests.uaua.TestUaUaCommonService" tests="84" failures="0" timestamp="19 Jun 2015 13:29:53 GMT" time="1355.096" errors="2">
  <testcase name="testMS05" time="17.363" classname="tests.uaua.TestUaUaCommonService"/>
  <testcase name="testDS06" time="9.687" classname="tests.uaua.TestUaUaCommonService"/>
  <testcase name="testSch04" time="10.048" classname="tests.uaua.TestUaUaCommonService"/>
  <testcase name="testDS04" time="13.179" classname="tests.uaua.TestUaUaCommonService"/>
  <testcase name="testDSch03" time="18.915" classname="tests.uaua.TestUaUaCommonService"/>
  <testcase name="testTF09" time="9.144" classname="tests.uaua.TestUaUaCommonService"/>
  <testcase name="testMS04" time="10.660" classname="tests.uaua.TestUaUaCommonService"/>
  <testcase name="testMS03" time="17.631" classname="tests.uaua.TestUaUaCommonService"/>
  <testcase name="testDSch02" time="14.497" classname="tests.uaua.TestUaUaCommonService"/>
  <testcase name="testZhK01" time="17.077" classname="tests.uaua.TestUaUaCommonService"/>
  <testcase name="testDS01" time="21.242" classname="tests.uaua.TestUaUaCommonService"/>
  <testcase name="testDS05" time="16.145" classname="tests.uaua.TestUaUaCommonService"/>
  <testcase name="testRSD02" time="39.405" classname="tests.uaua.TestUaUaCommonService">
    <error type="java.lang.AssertionError" message="null">
      <![CDATA[java.lang.AssertionError: null
	at org.testng.Assert.fail(Assert.java:94)
	at org.testng.Assert.fail(Assert.java:101)
	at tests.uaua.TestUaUaCommonService.testRSD02(TestUaUaCommonService.java:137)
	at sun.reflect.NativeMethodAccessorImpl.invoke0(Native Method)
	at sun.reflect.NativeMethodAccessorImpl.invoke(Unknown Source)
	at sun.reflect.DelegatingMethodAccessorImpl.invoke(Unknown Source)
	at java.lang.reflect.Method.invoke(Unknown Source)
	at org.testng.internal.MethodInvocationHelper.invokeMethod(MethodInvocationHelper.java:84)
	at org.testng.internal.Invoker.invokeMethod(Invoker.java:714)
	at org.testng.internal.Invoker.invokeTestMethod(Invoker.java:901)
	at org.testng.internal.Invoker.invokeTestMethods(Invoker.java:1231)
	at org.testng.internal.TestMethodWorker.invokeTestMethods(TestMethodWorker.java:127)
	at org.testng.internal.TestMethodWorker.run(TestMethodWorker.java:111)
	at org.testng.TestRunner.privateRun(TestRunner.java:767)
	at org.testng.TestRunner.run(TestRunner.java:617)
	at org.testng.SuiteRunner.runTest(SuiteRunner.java:334)
	at org.testng.SuiteRunner.runSequentially(SuiteRunner.java:329)
	at org.testng.SuiteRunner.privateRun(SuiteRunner.java:291)
	at org.testng.SuiteRunner.run(SuiteRunner.java:240)
	at org.testng.SuiteRunnerWorker.runSuite(SuiteRunnerWorker.java:52)
	at org.testng.SuiteRunnerWorker.run(SuiteRunnerWorker.java:86)
	at org.testng.TestNG.runSuitesSequentially(TestNG.java:1224)
	at org.testng.TestNG.runSuitesSequentially(TestNG.java:1220)
	at org.testng.TestNG.runSuitesLocally(TestNG.java:1149)
	at org.testng.TestNG.run(TestNG.java:1057)
	at org.testng.remote.RemoteTestNG.run(RemoteTestNG.java:111)
	at org.testng.remote.RemoteTestNG.initAndRun(RemoteTestNG.java:204)
	at org.testng.remote.RemoteTestNG.main(RemoteTestNG.java:175)
]]>
    </error>
  </testcase> <!-- testRSD02 -->
  <testcase name="testDSch01" time="28.844" classname="tests.uaua.TestUaUaCommonService"/>
  <testcase name="testRod06" time="8.788" classname="tests.uaua.TestUaUaCommonService"/>
  <testcase name="testZhK02" time="11.991" classname="tests.uaua.TestUaUaCommonService"/>
  <testcase name="testDT01" time="21.812" classname="tests.uaua.TestUaUaCommonService"/>
  <testcase name="testU03" time="16.699" classname="tests.uaua.TestUaUaCommonService"/>
  <testcase name="testKdB04" time="12.628" classname="tests.uaua.TestUaUaCommonService"/>
  <testcase name="testDSch04" time="10.855" classname="tests.uaua.TestUaUaCommonService"/>
  <testcase name="testSS04" time="9.982" classname="tests.uaua.TestUaUaCommonService"/>
  <testcase name="testZhK04" time="11.494" classname="tests.uaua.TestUaUaCommonService"/>
  <testcase name="testKdB06" time="9.094" classname="tests.uaua.TestUaUaCommonService"/>
  <testcase name="testMS06" time="10.055" classname="tests.uaua.TestUaUaCommonService"/>
  <testcase name="testSch02" time="13.083" classname="tests.uaua.TestUaUaCommonService"/>
  <testcase name="testMS02" time="20.308" classname="tests.uaua.TestUaUaCommonService"/>
  <testcase name="testU01" time="22.555" classname="tests.uaua.TestUaUaCommonService"/>
  <testcase name="testU06" time="8.304" classname="tests.uaua.TestUaUaCommonService"/>
  <testcase name="testSS06" time="9.258" classname="tests.uaua.TestUaUaCommonService"/>
  <testcase name="testRSD03" time="14.927" classname="tests.uaua.TestUaUaCommonService"/>
  <testcase name="testRod05" time="22.048" classname="tests.uaua.TestUaUaCommonService"/>
  <testcase name="testDT06" time="17.036" classname="tests.uaua.TestUaUaCommonService"/>
  <testcase name="testRod04" time="11.653" classname="tests.uaua.TestUaUaCommonService"/>
  <testcase name="testU04" time="11.744" classname="tests.uaua.TestUaUaCommonService"/>
  <testcase name="testSch03" time="38.177" classname="tests.uaua.TestUaUaCommonService">
    <error type="java.lang.AssertionError" message="null">
      <![CDATA[java.lang.AssertionError: null
	at org.testng.Assert.fail(Assert.java:94)
	at org.testng.Assert.fail(Assert.java:101)
	at tests.uaua.TestUaUaCommonService.testSch03(TestUaUaCommonService.java:1161)
	at sun.reflect.NativeMethodAccessorImpl.invoke0(Native Method)
	at sun.reflect.NativeMethodAccessorImpl.invoke(Unknown Source)
	at sun.reflect.DelegatingMethodAccessorImpl.invoke(Unknown Source)
	at java.lang.reflect.Method.invoke(Unknown Source)
	at org.testng.internal.MethodInvocationHelper.invokeMethod(MethodInvocationHelper.java:84)
	at org.testng.internal.Invoker.invokeMethod(Invoker.java:714)
	at org.testng.internal.Invoker.invokeTestMethod(Invoker.java:901)
	at org.testng.internal.Invoker.invokeTestMethods(Invoker.java:1231)
	at org.testng.internal.TestMethodWorker.invokeTestMethods(TestMethodWorker.java:127)
	at org.testng.internal.TestMethodWorker.run(TestMethodWorker.java:111)
	at org.testng.TestRunner.privateRun(TestRunner.java:767)
	at org.testng.TestRunner.run(TestRunner.java:617)
	at org.testng.SuiteRunner.runTest(SuiteRunner.java:334)
	at org.testng.SuiteRunner.runSequentially(SuiteRunner.java:329)
	at org.testng.SuiteRunner.privateRun(SuiteRunner.java:291)
	at org.testng.SuiteRunner.run(SuiteRunner.java:240)
	at org.testng.SuiteRunnerWorker.runSuite(SuiteRunnerWorker.java:52)
	at org.testng.SuiteRunnerWorker.run(SuiteRunnerWorker.java:86)
	at org.testng.TestNG.runSuitesSequentially(TestNG.java:1224)
	at org.testng.TestNG.runSuitesSequentially(TestNG.java:1220)
	at org.testng.TestNG.runSuitesLocally(TestNG.java:1149)
	at org.testng.TestNG.run(TestNG.java:1057)
	at org.testng.remote.RemoteTestNG.run(RemoteTestNG.java:111)
	at org.testng.remote.RemoteTestNG.initAndRun(RemoteTestNG.java:204)
	at org.testng.remote.RemoteTestNG.main(RemoteTestNG.java:175)
]]>
    </error>
  </testcase> <!-- testSch03 -->
  <testcase name="testCDR04" time="13.735" classname="tests.uaua.TestUaUaCommonService"/>
  <testcase name="testSch01" time="22.577" classname="tests.uaua.TestUaUaCommonService"/>
  <testcase name="testSch05" time="13.618" classname="tests.uaua.TestUaUaCommonService"/>
  <testcase name="testZhK06" time="8.317" classname="tests.uaua.TestUaUaCommonService"/>
  <testcase name="testSS03" time="27.381" classname="tests.uaua.TestUaUaCommonService"/>
  <testcase name="testSDB01" time="12.908" classname="tests.uaua.TestUaUaCommonService"/>
  <testcase name="testTF01" time="25.182" classname="tests.uaua.TestUaUaCommonService"/>
  <testcase name="testCDR01" time="19.014" classname="tests.uaua.TestUaUaCommonService"/>
  <testcase name="testDSch06" time="10.281" classname="tests.uaua.TestUaUaCommonService"/>
  <testcase name="testKdB05" time="16.569" classname="tests.uaua.TestUaUaCommonService"/>
  <testcase name="testKdB02" time="14.008" classname="tests.uaua.TestUaUaCommonService"/>
  <testcase name="testCDR03" time="17.022" classname="tests.uaua.TestUaUaCommonService"/>
  <testcase name="testOZ05" time="16.058" classname="tests.uaua.TestUaUaCommonService"/>
  <testcase name="testKdB01" time="20.857" classname="tests.uaua.TestUaUaCommonService"/>
  <testcase name="testRSD01" time="12.603" classname="tests.uaua.TestUaUaCommonService"/>
  <testcase name="testTF08" time="14.549" classname="tests.uaua.TestUaUaCommonService"/>
  <testcase name="testCDR05" time="15.782" classname="tests.uaua.TestUaUaCommonService"/>
  <testcase name="testSS02" time="19.516" classname="tests.uaua.TestUaUaCommonService"/>
  <testcase name="testSS05" time="15.004" classname="tests.uaua.TestUaUaCommonService"/>
  <testcase name="testDS03" time="12.804" classname="tests.uaua.TestUaUaCommonService"/>
  <testcase name="testDT04" time="11.160" classname="tests.uaua.TestUaUaCommonService"/>
  <testcase name="testZhK03" time="17.657" classname="tests.uaua.TestUaUaCommonService"/>
  <testcase name="testSDB02" time="11.152" classname="tests.uaua.TestUaUaCommonService"/>
  <testcase name="testU05" time="15.633" classname="tests.uaua.TestUaUaCommonService"/>
  <testcase name="testMS01" time="40.150" classname="tests.uaua.TestUaUaCommonService"/>
  <testcase name="testOZ03" time="23.658" classname="tests.uaua.TestUaUaCommonService"/>
  <testcase name="testSS01" time="19.028" classname="tests.uaua.TestUaUaCommonService"/>
  <testcase name="testCDR06" time="13.546" classname="tests.uaua.TestUaUaCommonService"/>
  <testcase name="testKdB03" time="20.679" classname="tests.uaua.TestUaUaCommonService"/>
  <testcase name="testDT03" time="15.362" classname="tests.uaua.TestUaUaCommonService"/>
  <testcase name="testDT05" time="15.013" classname="tests.uaua.TestUaUaCommonService"/>
  <testcase name="testOZ01" time="27.060" classname="tests.uaua.TestUaUaCommonService"/>
  <testcase name="testCDR02" time="14.559" classname="tests.uaua.TestUaUaCommonService"/>
  <testcase name="testRod02" time="13.110" classname="tests.uaua.TestUaUaCommonService"/>
  <testcase name="testSDB06" time="18.219" classname="tests.uaua.TestUaUaCommonService"/>
  <testcase name="testRod03" time="15.429" classname="tests.uaua.TestUaUaCommonService"/>
  <testcase name="testRod01" time="21.296" classname="tests.uaua.TestUaUaCommonService"/>
  <testcase name="testSDB07" time="12.934" classname="tests.uaua.TestUaUaCommonService"/>
  <testcase name="testDSch05" time="14.002" classname="tests.uaua.TestUaUaCommonService"/>
  <testcase name="testSch06" time="9.905" classname="tests.uaua.TestUaUaCommonService"/>
  <testcase name="testDS02" time="13.015" classname="tests.uaua.TestUaUaCommonService"/>
  <testcase name="testOZ06" time="8.240" classname="tests.uaua.TestUaUaCommonService"/>
  <testcase name="testZhK05" time="16.446" classname="tests.uaua.TestUaUaCommonService"/>
  <testcase name="testRSD05" time="13.532" classname="tests.uaua.TestUaUaCommonService"/>
  <testcase name="testU02" time="14.920" classname="tests.uaua.TestUaUaCommonService"/>
  <testcase name="testOZ04" time="10.739" classname="tests.uaua.TestUaUaCommonService"/>
  <testcase name="testRSD04" time="12.007" classname="tests.uaua.TestUaUaCommonService"/>
  <testcase name="testOZ02" time="18.230" classname="tests.uaua.TestUaUaCommonService"/>
  <testcase name="testDT02" time="14.302" classname="tests.uaua.TestUaUaCommonService"/>
</testsuite> <!-- tests.uaua.TestUaUaCommonService -->
