<?xml version="1.0" encoding="UTF-8"?>
<!-- Generated by org.testng.reporters.JUnitReportReporter -->
<testsuite hostname="LogicPower2" name="tests.uaua.TestUaUaCommonService" tests="84" failures="0" timestamp="1 Jul 2015 11:37:25 GMT" time="1217.903" errors="3">
  <testcase name="testSS03" time="13.399" classname="tests.uaua.TestUaUaCommonService"/>
  <testcase name="testOZ02" time="12.720" classname="tests.uaua.TestUaUaCommonService"/>
  <testcase name="testSch01" time="21.131" classname="tests.uaua.TestUaUaCommonService"/>
  <testcase name="testRSD03" time="45.613" classname="tests.uaua.TestUaUaCommonService">
    <error type="java.lang.AssertionError" message="null">
      <![CDATA[java.lang.AssertionError: null
	at org.testng.Assert.fail(Assert.java:94)
	at org.testng.Assert.fail(Assert.java:101)
	at tests.uaua.TestUaUaCommonService.testRSD03(TestUaUaCommonService.java:160)
	at sun.reflect.NativeMethodAccessorImpl.invoke0(Native Method)
	at sun.reflect.NativeMethodAccessorImpl.invoke(Unknown Source)
	at sun.reflect.DelegatingMethodAccessorImpl.invoke(Unknown Source)
	at java.lang.reflect.Method.invoke(Unknown Source)
	at org.testng.internal.MethodInvocationHelper.invokeMethod(MethodInvocationHelper.java:84)
	at org.testng.internal.Invoker.invokeMethod(Invoker.java:714)
	at org.testng.internal.Invoker.invokeTestMethod(Invoker.java:901)
	at org.testng.internal.Invoker.invokeTestMethods(Invoker.java:1231)
	at org.testng.internal.TestMethodWorker.invokeTestMethods(TestMethodWorker.java:127)
	at org.testng.internal.TestMethodWorker.run(TestMethodWorker.java:111)
	at org.testng.TestRunner.privateRun(TestRunner.java:767)
	at org.testng.TestRunner.run(TestRunner.java:617)
	at org.testng.SuiteRunner.runTest(SuiteRunner.java:334)
	at org.testng.SuiteRunner.runSequentially(SuiteRunner.java:329)
	at org.testng.SuiteRunner.privateRun(SuiteRunner.java:291)
	at org.testng.SuiteRunner.run(SuiteRunner.java:240)
	at org.testng.SuiteRunnerWorker.runSuite(SuiteRunnerWorker.java:52)
	at org.testng.SuiteRunnerWorker.run(SuiteRunnerWorker.java:86)
	at org.testng.TestNG.runSuitesSequentially(TestNG.java:1224)
	at org.testng.TestNG.runSuitesSequentially(TestNG.java:1220)
	at org.testng.TestNG.runSuitesLocally(TestNG.java:1149)
	at org.testng.TestNG.run(TestNG.java:1057)
	at org.testng.remote.RemoteTestNG.run(RemoteTestNG.java:111)
	at org.testng.remote.RemoteTestNG.initAndRun(RemoteTestNG.java:204)
	at org.testng.remote.RemoteTestNG.main(RemoteTestNG.java:175)
]]>
    </error>
  </testcase> <!-- testRSD03 -->
  <testcase name="testRod04" time="9.412" classname="tests.uaua.TestUaUaCommonService"/>
  <testcase name="testCDR01" time="19.090" classname="tests.uaua.TestUaUaCommonService"/>
  <testcase name="testRSD05" time="15.087" classname="tests.uaua.TestUaUaCommonService"/>
  <testcase name="testCDR03" time="10.808" classname="tests.uaua.TestUaUaCommonService">
    <error type="java.lang.AssertionError" message="null">
      <![CDATA[java.lang.AssertionError: null
	at org.testng.Assert.fail(Assert.java:94)
	at org.testng.Assert.fail(Assert.java:101)
	at tests.uaua.TestUaUaCommonService.testCDR03(TestUaUaCommonService.java:1073)
	at sun.reflect.NativeMethodAccessorImpl.invoke0(Native Method)
	at sun.reflect.NativeMethodAccessorImpl.invoke(Unknown Source)
	at sun.reflect.DelegatingMethodAccessorImpl.invoke(Unknown Source)
	at java.lang.reflect.Method.invoke(Unknown Source)
	at org.testng.internal.MethodInvocationHelper.invokeMethod(MethodInvocationHelper.java:84)
	at org.testng.internal.Invoker.invokeMethod(Invoker.java:714)
	at org.testng.internal.Invoker.invokeTestMethod(Invoker.java:901)
	at org.testng.internal.Invoker.invokeTestMethods(Invoker.java:1231)
	at org.testng.internal.TestMethodWorker.invokeTestMethods(TestMethodWorker.java:127)
	at org.testng.internal.TestMethodWorker.run(TestMethodWorker.java:111)
	at org.testng.TestRunner.privateRun(TestRunner.java:767)
	at org.testng.TestRunner.run(TestRunner.java:617)
	at org.testng.SuiteRunner.runTest(SuiteRunner.java:334)
	at org.testng.SuiteRunner.runSequentially(SuiteRunner.java:329)
	at org.testng.SuiteRunner.privateRun(SuiteRunner.java:291)
	at org.testng.SuiteRunner.run(SuiteRunner.java:240)
	at org.testng.SuiteRunnerWorker.runSuite(SuiteRunnerWorker.java:52)
	at org.testng.SuiteRunnerWorker.run(SuiteRunnerWorker.java:86)
	at org.testng.TestNG.runSuitesSequentially(TestNG.java:1224)
	at org.testng.TestNG.runSuitesSequentially(TestNG.java:1220)
	at org.testng.TestNG.runSuitesLocally(TestNG.java:1149)
	at org.testng.TestNG.run(TestNG.java:1057)
	at org.testng.remote.RemoteTestNG.run(RemoteTestNG.java:111)
	at org.testng.remote.RemoteTestNG.initAndRun(RemoteTestNG.java:204)
	at org.testng.remote.RemoteTestNG.main(RemoteTestNG.java:175)
]]>
    </error>
  </testcase> <!-- testCDR03 -->
  <testcase name="testDSch02" time="13.309" classname="tests.uaua.TestUaUaCommonService"/>
  <testcase name="testCDR06" time="9.724" classname="tests.uaua.TestUaUaCommonService"/>
  <testcase name="testCDR02" time="17.220" classname="tests.uaua.TestUaUaCommonService"/>
  <testcase name="testDSch03" time="14.058" classname="tests.uaua.TestUaUaCommonService"/>
  <testcase name="testRSD04" time="20.889" classname="tests.uaua.TestUaUaCommonService"/>
  <testcase name="testRod03" time="13.608" classname="tests.uaua.TestUaUaCommonService"/>
  <testcase name="testMS03" time="15.019" classname="tests.uaua.TestUaUaCommonService"/>
  <testcase name="testSch06" time="11.170" classname="tests.uaua.TestUaUaCommonService"/>
  <testcase name="testU05" time="15.190" classname="tests.uaua.TestUaUaCommonService"/>
  <testcase name="testSS02" time="14.185" classname="tests.uaua.TestUaUaCommonService"/>
  <testcase name="testU03" time="15.184" classname="tests.uaua.TestUaUaCommonService"/>
  <testcase name="testKdB02" time="14.756" classname="tests.uaua.TestUaUaCommonService"/>
  <testcase name="testZhK05" time="18.509" classname="tests.uaua.TestUaUaCommonService"/>
  <testcase name="testSDB07" time="15.617" classname="tests.uaua.TestUaUaCommonService"/>
  <testcase name="testRod06" time="8.729" classname="tests.uaua.TestUaUaCommonService"/>
  <testcase name="testSS01" time="19.572" classname="tests.uaua.TestUaUaCommonService"/>
  <testcase name="testRod02" time="13.566" classname="tests.uaua.TestUaUaCommonService"/>
  <testcase name="testDT02" time="12.781" classname="tests.uaua.TestUaUaCommonService"/>
  <testcase name="testTF08" time="13.986" classname="tests.uaua.TestUaUaCommonService"/>
  <testcase name="testDS01" time="24.295" classname="tests.uaua.TestUaUaCommonService"/>
  <testcase name="testRSD02" time="10.090" classname="tests.uaua.TestUaUaCommonService"/>
  <testcase name="testTF09" time="9.321" classname="tests.uaua.TestUaUaCommonService"/>
  <testcase name="testRod05" time="12.520" classname="tests.uaua.TestUaUaCommonService"/>
  <testcase name="testSDB01" time="14.070" classname="tests.uaua.TestUaUaCommonService"/>
  <testcase name="testRod01" time="18.471" classname="tests.uaua.TestUaUaCommonService"/>
  <testcase name="testU01" time="18.490" classname="tests.uaua.TestUaUaCommonService"/>
  <testcase name="testMS06" time="7.080" classname="tests.uaua.TestUaUaCommonService"/>
  <testcase name="testKdB03" time="14.334" classname="tests.uaua.TestUaUaCommonService"/>
  <testcase name="testZhK02" time="16.030" classname="tests.uaua.TestUaUaCommonService"/>
  <testcase name="testMS01" time="21.728" classname="tests.uaua.TestUaUaCommonService"/>
  <testcase name="testZhK04" time="10.988" classname="tests.uaua.TestUaUaCommonService"/>
  <testcase name="testDT06" time="9.590" classname="tests.uaua.TestUaUaCommonService"/>
  <testcase name="testKdB01" time="19.839" classname="tests.uaua.TestUaUaCommonService"/>
  <testcase name="testSDB02" time="11.879" classname="tests.uaua.TestUaUaCommonService"/>
  <testcase name="testCDR04" time="11.415" classname="tests.uaua.TestUaUaCommonService"/>
  <testcase name="testDSch04" time="9.556" classname="tests.uaua.TestUaUaCommonService"/>
  <testcase name="testDS04" time="9.535" classname="tests.uaua.TestUaUaCommonService"/>
  <testcase name="testDT03" time="14.914" classname="tests.uaua.TestUaUaCommonService"/>
  <testcase name="testDS02" time="12.597" classname="tests.uaua.TestUaUaCommonService"/>
  <testcase name="testU06" time="9.777" classname="tests.uaua.TestUaUaCommonService"/>
  <testcase name="testOZ01" time="18.979" classname="tests.uaua.TestUaUaCommonService"/>
  <testcase name="testZhK03" time="14.869" classname="tests.uaua.TestUaUaCommonService"/>
  <testcase name="testOZ04" time="11.718" classname="tests.uaua.TestUaUaCommonService"/>
  <testcase name="testOZ05" time="16.167" classname="tests.uaua.TestUaUaCommonService"/>
  <testcase name="testOZ06" time="8.782" classname="tests.uaua.TestUaUaCommonService"/>
  <testcase name="testKdB06" time="10.132" classname="tests.uaua.TestUaUaCommonService"/>
  <testcase name="testMS04" time="10.173" classname="tests.uaua.TestUaUaCommonService"/>
  <testcase name="testZhK01" time="21.821" classname="tests.uaua.TestUaUaCommonService"/>
  <testcase name="testSch03" time="37.809" classname="tests.uaua.TestUaUaCommonService">
    <error type="java.lang.AssertionError" message="null">
      <![CDATA[java.lang.AssertionError: null
	at org.testng.Assert.fail(Assert.java:94)
	at org.testng.Assert.fail(Assert.java:101)
	at tests.uaua.TestUaUaCommonService.testSch03(TestUaUaCommonService.java:1163)
	at sun.reflect.NativeMethodAccessorImpl.invoke0(Native Method)
	at sun.reflect.NativeMethodAccessorImpl.invoke(Unknown Source)
	at sun.reflect.DelegatingMethodAccessorImpl.invoke(Unknown Source)
	at java.lang.reflect.Method.invoke(Unknown Source)
	at org.testng.internal.MethodInvocationHelper.invokeMethod(MethodInvocationHelper.java:84)
	at org.testng.internal.Invoker.invokeMethod(Invoker.java:714)
	at org.testng.internal.Invoker.invokeTestMethod(Invoker.java:901)
	at org.testng.internal.Invoker.invokeTestMethods(Invoker.java:1231)
	at org.testng.internal.TestMethodWorker.invokeTestMethods(TestMethodWorker.java:127)
	at org.testng.internal.TestMethodWorker.run(TestMethodWorker.java:111)
	at org.testng.TestRunner.privateRun(TestRunner.java:767)
	at org.testng.TestRunner.run(TestRunner.java:617)
	at org.testng.SuiteRunner.runTest(SuiteRunner.java:334)
	at org.testng.SuiteRunner.runSequentially(SuiteRunner.java:329)
	at org.testng.SuiteRunner.privateRun(SuiteRunner.java:291)
	at org.testng.SuiteRunner.run(SuiteRunner.java:240)
	at org.testng.SuiteRunnerWorker.runSuite(SuiteRunnerWorker.java:52)
	at org.testng.SuiteRunnerWorker.run(SuiteRunnerWorker.java:86)
	at org.testng.TestNG.runSuitesSequentially(TestNG.java:1224)
	at org.testng.TestNG.runSuitesSequentially(TestNG.java:1220)
	at org.testng.TestNG.runSuitesLocally(TestNG.java:1149)
	at org.testng.TestNG.run(TestNG.java:1057)
	at org.testng.remote.RemoteTestNG.run(RemoteTestNG.java:111)
	at org.testng.remote.RemoteTestNG.initAndRun(RemoteTestNG.java:204)
	at org.testng.remote.RemoteTestNG.main(RemoteTestNG.java:175)
]]>
    </error>
  </testcase> <!-- testSch03 -->
  <testcase name="testU02" time="16.466" classname="tests.uaua.TestUaUaCommonService"/>
  <testcase name="testSS05" time="13.656" classname="tests.uaua.TestUaUaCommonService"/>
  <testcase name="testDT01" time="18.543" classname="tests.uaua.TestUaUaCommonService"/>
  <testcase name="testDS03" time="12.167" classname="tests.uaua.TestUaUaCommonService"/>
  <testcase name="testSch04" time="10.372" classname="tests.uaua.TestUaUaCommonService"/>
  <testcase name="testCDR05" time="13.467" classname="tests.uaua.TestUaUaCommonService"/>
  <testcase name="testSch05" time="15.075" classname="tests.uaua.TestUaUaCommonService"/>
  <testcase name="testKdB05" time="17.232" classname="tests.uaua.TestUaUaCommonService"/>
  <testcase name="testTF01" time="19.821" classname="tests.uaua.TestUaUaCommonService"/>
  <testcase name="testSS04" time="9.323" classname="tests.uaua.TestUaUaCommonService"/>
  <testcase name="testOZ03" time="14.737" classname="tests.uaua.TestUaUaCommonService"/>
  <testcase name="testDSch01" time="18.321" classname="tests.uaua.TestUaUaCommonService"/>
  <testcase name="testDT05" time="13.971" classname="tests.uaua.TestUaUaCommonService"/>
  <testcase name="testSS06" time="8.751" classname="tests.uaua.TestUaUaCommonService"/>
  <testcase name="testDSch05" time="12.683" classname="tests.uaua.TestUaUaCommonService"/>
  <testcase name="testSDB06" time="19.677" classname="tests.uaua.TestUaUaCommonService"/>
  <testcase name="testMS02" time="12.993" classname="tests.uaua.TestUaUaCommonService"/>
  <testcase name="testZhK06" time="8.335" classname="tests.uaua.TestUaUaCommonService"/>
  <testcase name="testDS06" time="9.970" classname="tests.uaua.TestUaUaCommonService"/>
  <testcase name="testDSch06" time="8.423" classname="tests.uaua.TestUaUaCommonService"/>
  <testcase name="testRSD01" time="10.747" classname="tests.uaua.TestUaUaCommonService"/>
  <testcase name="testMS05" time="12.682" classname="tests.uaua.TestUaUaCommonService"/>
  <testcase name="testSch02" time="12.197" classname="tests.uaua.TestUaUaCommonService"/>
  <testcase name="testU04" time="11.188" classname="tests.uaua.TestUaUaCommonService"/>
  <testcase name="testDS05" time="13.465" classname="tests.uaua.TestUaUaCommonService"/>
  <testcase name="testDT04" time="11.876" classname="tests.uaua.TestUaUaCommonService"/>
  <testcase name="testKdB04" time="10.464" classname="tests.uaua.TestUaUaCommonService"/>
</testsuite> <!-- tests.uaua.TestUaUaCommonService -->
