<?xml version="1.0" encoding="UTF-8"?>
<!-- Generated by org.testng.reporters.JUnitReportReporter -->
<testsuite hostname="Sony-Gleb" name="info.uaua.TestUaUa" tests="85" failures="2" timestamp="21 Apr 2015 07:49:02 GMT" time="520.568" errors="0">
  <testcase name="testRSD05" time="9.207" classname="info.uaua.TestUaUa"/>
  <testcase name="testRod05" time="6.895" classname="info.uaua.TestUaUa"/>
  <testcase name="testMS06" time="3.449" classname="info.uaua.TestUaUa"/>
  <testcase name="testTF08" time="7.981" classname="info.uaua.TestUaUa"/>
  <testcase name="testMS02" time="4.641" classname="info.uaua.TestUaUa"/>
  <testcase name="testOZ03" time="5.138" classname="info.uaua.TestUaUa"/>
  <testcase name="testSch05" time="7.892" classname="info.uaua.TestUaUa"/>
  <testcase name="testTF09" time="3.493" classname="info.uaua.TestUaUa"/>
  <testcase name="testU02" time="5.095" classname="info.uaua.TestUaUa"/>
  <testcase name="testKdB01" time="8.942" classname="info.uaua.TestUaUa"/>
  <testcase name="testSch04" time="4.983" classname="info.uaua.TestUaUa"/>
  <testcase name="testSS01" time="7.264" classname="info.uaua.TestUaUa"/>
  <testcase name="testSch02" time="4.990" classname="info.uaua.TestUaUa"/>
  <testcase name="testZhK03" time="6.960" classname="info.uaua.TestUaUa"/>
  <testcase name="testU04" time="27.330" classname="info.uaua.TestUaUa"/>
  <testcase name="testCDR02" time="4.400" classname="info.uaua.TestUaUa"/>
  <testcase name="testDS03" time="5.938" classname="info.uaua.TestUaUa"/>
  <testcase name="testZhK02" time="4.637" classname="info.uaua.TestUaUa"/>
  <testcase name="testSDB01" time="6.191" classname="info.uaua.TestUaUa"/>
  <testcase name="testDSch01" time="7.245" classname="info.uaua.TestUaUa"/>
  <testcase name="testZhK01" time="7.126" classname="info.uaua.TestUaUa"/>
  <testcase name="testKdB04" time="4.705" classname="info.uaua.TestUaUa"/>
  <testcase name="testMS03" time="6.075" classname="info.uaua.TestUaUa"/>
  <testcase name="testDSch02" time="9.857" classname="info.uaua.TestUaUa"/>
  <testcase name="testZhK06" time="3.367" classname="info.uaua.TestUaUa"/>
  <testcase name="testDS05" time="5.691" classname="info.uaua.TestUaUa"/>
  <testcase name="testSS02" time="5.467" classname="info.uaua.TestUaUa"/>
  <testcase name="testDS04" time="4.944" classname="info.uaua.TestUaUa"/>
  <testcase name="testSS05" time="6.232" classname="info.uaua.TestUaUa"/>
  <testcase name="testDT04" time="4.983" classname="info.uaua.TestUaUa"/>
  <testcase name="testRod06" time="3.365" classname="info.uaua.TestUaUa"/>
  <testcase name="testOZ01" time="7.197" classname="info.uaua.TestUaUa"/>
  <testcase name="testCDR01" time="8.215" classname="info.uaua.TestUaUa"/>
  <testcase name="testDSch05" time="6.743" classname="info.uaua.TestUaUa"/>
  <testcase name="testSDB02" time="6.204" classname="info.uaua.TestUaUa"/>
  <testcase name="testRod04" time="5.401" classname="info.uaua.TestUaUa"/>
  <testcase name="testSS04" time="5.106" classname="info.uaua.TestUaUa"/>
  <testcase name="testCDR03" time="5.734" classname="info.uaua.TestUaUa"/>
  <testcase name="testSS03" time="7.225" classname="info.uaua.TestUaUa"/>
  <testcase name="testSch03" time="6.781" classname="info.uaua.TestUaUa"/>
  <testcase name="testMS04" time="5.134" classname="info.uaua.TestUaUa"/>
  <testcase name="testTF01" time="13.192" classname="info.uaua.TestUaUa"/>
  <testcase name="testKdB02" time="4.904" classname="info.uaua.TestUaUa"/>
  <testcase name="testRod01" time="6.689" classname="info.uaua.TestUaUa"/>
  <testcase name="testSDB06" time="8.148" classname="info.uaua.TestUaUa"/>
  <testcase name="testZhK05" time="6.076" classname="info.uaua.TestUaUa"/>
  <testcase name="testRod02" time="3.627" classname="info.uaua.TestUaUa">
    <failure type="org.openqa.selenium.NoSuchElementException" message="Unable to locate element: {&quot;method&quot;:&quot;css selector&quot;,&quot;selector&quot;:&quot;.catalog_box_header&gt;h1&quot;}
Command duration or timeout: 767 milliseconds
For documentation on this error, please visit: http://seleniumhq.org/exceptions/no_such_element.html
Build info: version: &#039;2.45.0&#039;, revision: &#039;32a636c&#039;, time: &#039;2015-03-05 22:01:35&#039;
System info: host: &#039;Sony-Gleb&#039;, ip: &#039;10.0.10.211&#039;, os.name: &#039;Windows 7&#039;, os.arch: &#039;amd64&#039;, os.version: &#039;6.1&#039;, java.version: &#039;1.8.0_31&#039;
Driver info: org.openqa.selenium.firefox.FirefoxDriver
Capabilities [{applicationCacheEnabled=true, rotatable=false, handlesAlerts=true, databaseEnabled=true, version=37.0.1, platform=WINDOWS, nativeEvents=false, acceptSslCerts=true, webStorageEnabled=true, locationContextEnabled=true, browserName=firefox, takesScreenshot=true, javascriptEnabled=true, cssSelectorsEnabled=true}]
Session ID: 65d67520-b163-4978-9602-757f680eabd2
*** Element info: {Using=css selector, value=.catalog_box_header&gt;h1}">
      <![CDATA[org.openqa.selenium.NoSuchElementException: Unable to locate element: {"method":"css selector","selector":".catalog_box_header>h1"}
Command duration or timeout: 767 milliseconds
For documentation on this error, please visit: http://seleniumhq.org/exceptions/no_such_element.html
Build info: version: '2.45.0', revision: '32a636c', time: '2015-03-05 22:01:35'
System info: host: 'Sony-Gleb', ip: '10.0.10.211', os.name: 'Windows 7', os.arch: 'amd64', os.version: '6.1', java.version: '1.8.0_31'
Driver info: org.openqa.selenium.firefox.FirefoxDriver
Capabilities [{applicationCacheEnabled=true, rotatable=false, handlesAlerts=true, databaseEnabled=true, version=37.0.1, platform=WINDOWS, nativeEvents=false, acceptSslCerts=true, webStorageEnabled=true, locationContextEnabled=true, browserName=firefox, takesScreenshot=true, javascriptEnabled=true, cssSelectorsEnabled=true}]
Session ID: 65d67520-b163-4978-9602-757f680eabd2
*** Element info: {Using=css selector, value=.catalog_box_header>h1}
	at sun.reflect.NativeConstructorAccessorImpl.newInstance0(Native Method)
	at sun.reflect.NativeConstructorAccessorImpl.newInstance(Unknown Source)
	at sun.reflect.DelegatingConstructorAccessorImpl.newInstance(Unknown Source)
	at java.lang.reflect.Constructor.newInstance(Unknown Source)
	at org.openqa.selenium.remote.ErrorHandler.createThrowable(ErrorHandler.java:204)
	at org.openqa.selenium.remote.ErrorHandler.throwIfResponseFailed(ErrorHandler.java:156)
	at org.openqa.selenium.remote.RemoteWebDriver.execute(RemoteWebDriver.java:599)
	at org.openqa.selenium.remote.RemoteWebDriver.findElement(RemoteWebDriver.java:352)
	at org.openqa.selenium.remote.RemoteWebDriver.findElementByCssSelector(RemoteWebDriver.java:441)
	at org.openqa.selenium.By$ByCssSelector.findElement(By.java:426)
	at org.openqa.selenium.remote.RemoteWebDriver.findElement(RemoteWebDriver.java:344)
	at info.uaua.TestUaUa.testRod02(TestUaUa.java:1071)
	at sun.reflect.NativeMethodAccessorImpl.invoke0(Native Method)
	at sun.reflect.NativeMethodAccessorImpl.invoke(Unknown Source)
	at sun.reflect.DelegatingMethodAccessorImpl.invoke(Unknown Source)
	at java.lang.reflect.Method.invoke(Unknown Source)
	at org.testng.internal.MethodInvocationHelper.invokeMethod(MethodInvocationHelper.java:84)
	at org.testng.internal.Invoker.invokeMethod(Invoker.java:714)
	at org.testng.internal.Invoker.invokeTestMethod(Invoker.java:901)
	at org.testng.internal.Invoker.invokeTestMethods(Invoker.java:1231)
	at org.testng.internal.TestMethodWorker.invokeTestMethods(TestMethodWorker.java:127)
	at org.testng.internal.TestMethodWorker.run(TestMethodWorker.java:111)
	at org.testng.TestRunner.privateRun(TestRunner.java:767)
	at org.testng.TestRunner.run(TestRunner.java:617)
	at org.testng.SuiteRunner.runTest(SuiteRunner.java:334)
	at org.testng.SuiteRunner.runSequentially(SuiteRunner.java:329)
	at org.testng.SuiteRunner.privateRun(SuiteRunner.java:291)
	at org.testng.SuiteRunner.run(SuiteRunner.java:240)
	at org.testng.SuiteRunnerWorker.runSuite(SuiteRunnerWorker.java:52)
	at org.testng.SuiteRunnerWorker.run(SuiteRunnerWorker.java:86)
	at org.testng.TestNG.runSuitesSequentially(TestNG.java:1224)
	at org.testng.TestNG.runSuitesLocally(TestNG.java:1149)
	at org.testng.TestNG.run(TestNG.java:1057)
	at org.testng.remote.RemoteTestNG.run(RemoteTestNG.java:111)
	at org.testng.remote.RemoteTestNG.initAndRun(RemoteTestNG.java:204)
	at org.testng.remote.RemoteTestNG.main(RemoteTestNG.java:175)
Caused by: org.openqa.selenium.NoSuchElementException: Unable to locate element: {"method":"css selector","selector":".catalog_box_header>h1"}
For documentation on this error, please visit: http://seleniumhq.org/exceptions/no_such_element.html
Build info: version: '2.45.0', revision: '32a636c', time: '2015-03-05 22:01:35'
System info: host: 'Sony-Gleb', ip: '10.0.10.211', os.name: 'Windows 7', os.arch: 'amd64', os.version: '6.1', java.version: '1.8.0_31'
Driver info: driver.version: unknown
	at <anonymous class>.FirefoxDriver.prototype.findElementInternal_(file:///C:/Users/5956~1/AppData/Local/Temp/anonymous8213927592416778152webdriver-profile/extensions/fxdriver@googlecode.com/components/driver-component.js:10271)
	at <anonymous class>.FirefoxDriver.prototype.findElement(file:///C:/Users/5956~1/AppData/Local/Temp/anonymous8213927592416778152webdriver-profile/extensions/fxdriver@googlecode.com/components/driver-component.js:10280)
	at <anonymous class>.DelayedCommand.prototype.executeInternal_/h(file:///C:/Users/5956~1/AppData/Local/Temp/anonymous8213927592416778152webdriver-profile/extensions/fxdriver@googlecode.com/components/command-processor.js:12274)
	at <anonymous class>.DelayedCommand.prototype.executeInternal_(file:///C:/Users/5956~1/AppData/Local/Temp/anonymous8213927592416778152webdriver-profile/extensions/fxdriver@googlecode.com/components/command-processor.js:12279)
	at <anonymous class>.DelayedCommand.prototype.execute/<(file:///C:/Users/5956~1/AppData/Local/Temp/anonymous8213927592416778152webdriver-profile/extensions/fxdriver@googlecode.com/components/command-processor.js:12221)
]]>
    </failure>
  </testcase> <!-- testRod02 -->
  <testcase name="testRSD01" time="3.308" classname="info.uaua.TestUaUa"/>
  <testcase name="testMS05" time="6.130" classname="info.uaua.TestUaUa"/>
  <testcase name="testTF02" time="2.195" classname="info.uaua.TestUaUa"/>
  <testcase name="testDT03" time="5.481" classname="info.uaua.TestUaUa"/>
  <testcase name="testDT06" time="2.990" classname="info.uaua.TestUaUa"/>
  <testcase name="testSch06" time="3.305" classname="info.uaua.TestUaUa"/>
  <testcase name="testU05" time="9.416" classname="info.uaua.TestUaUa"/>
  <testcase name="testSch01" time="7.849" classname="info.uaua.TestUaUa"/>
  <testcase name="testRod03" time="6.367" classname="info.uaua.TestUaUa"/>
  <testcase name="testDSch04" time="4.960" classname="info.uaua.TestUaUa"/>
  <testcase name="testCDR05" time="5.976" classname="info.uaua.TestUaUa"/>
  <testcase name="testOZ04" time="4.513" classname="info.uaua.TestUaUa"/>
  <testcase name="testU06" time="5.288" classname="info.uaua.TestUaUa"/>
  <testcase name="testDSch03" time="2.956" classname="info.uaua.TestUaUa">
    <failure type="org.openqa.selenium.ElementNotVisibleException" message="Element is not currently visible and so may not be interacted with
Command duration or timeout: 260 milliseconds
Build info: version: &#039;2.45.0&#039;, revision: &#039;32a636c&#039;, time: &#039;2015-03-05 22:01:35&#039;
System info: host: &#039;Sony-Gleb&#039;, ip: &#039;10.0.10.211&#039;, os.name: &#039;Windows 7&#039;, os.arch: &#039;amd64&#039;, os.version: &#039;6.1&#039;, java.version: &#039;1.8.0_31&#039;
Driver info: org.openqa.selenium.firefox.FirefoxDriver
Capabilities [{applicationCacheEnabled=true, rotatable=false, handlesAlerts=true, databaseEnabled=true, version=37.0.1, platform=WINDOWS, nativeEvents=false, acceptSslCerts=true, webStorageEnabled=true, locationContextEnabled=true, browserName=firefox, takesScreenshot=true, javascriptEnabled=true, cssSelectorsEnabled=true}]
Session ID: 65d67520-b163-4978-9602-757f680eabd2">
      <![CDATA[org.openqa.selenium.ElementNotVisibleException: Element is not currently visible and so may not be interacted with
Command duration or timeout: 260 milliseconds
Build info: version: '2.45.0', revision: '32a636c', time: '2015-03-05 22:01:35'
System info: host: 'Sony-Gleb', ip: '10.0.10.211', os.name: 'Windows 7', os.arch: 'amd64', os.version: '6.1', java.version: '1.8.0_31'
Driver info: org.openqa.selenium.firefox.FirefoxDriver
Capabilities [{applicationCacheEnabled=true, rotatable=false, handlesAlerts=true, databaseEnabled=true, version=37.0.1, platform=WINDOWS, nativeEvents=false, acceptSslCerts=true, webStorageEnabled=true, locationContextEnabled=true, browserName=firefox, takesScreenshot=true, javascriptEnabled=true, cssSelectorsEnabled=true}]
Session ID: 65d67520-b163-4978-9602-757f680eabd2
	at sun.reflect.NativeConstructorAccessorImpl.newInstance0(Native Method)
	at sun.reflect.NativeConstructorAccessorImpl.newInstance(Unknown Source)
	at sun.reflect.DelegatingConstructorAccessorImpl.newInstance(Unknown Source)
	at java.lang.reflect.Constructor.newInstance(Unknown Source)
	at org.openqa.selenium.remote.ErrorHandler.createThrowable(ErrorHandler.java:204)
	at org.openqa.selenium.remote.ErrorHandler.throwIfResponseFailed(ErrorHandler.java:156)
	at org.openqa.selenium.remote.RemoteWebDriver.execute(RemoteWebDriver.java:599)
	at org.openqa.selenium.remote.RemoteWebElement.execute(RemoteWebElement.java:268)
	at org.openqa.selenium.remote.RemoteWebElement.click(RemoteWebElement.java:79)
	at info.uaua.ServiceDanceSchools.clickOnDanceSchools_header(ServiceDanceSchools.java:35)
	at info.uaua.TestUaUa.testDSch03(TestUaUa.java:1003)
	at sun.reflect.NativeMethodAccessorImpl.invoke0(Native Method)
	at sun.reflect.NativeMethodAccessorImpl.invoke(Unknown Source)
	at sun.reflect.DelegatingMethodAccessorImpl.invoke(Unknown Source)
	at java.lang.reflect.Method.invoke(Unknown Source)
	at org.testng.internal.MethodInvocationHelper.invokeMethod(MethodInvocationHelper.java:84)
	at org.testng.internal.Invoker.invokeMethod(Invoker.java:714)
	at org.testng.internal.Invoker.invokeTestMethod(Invoker.java:901)
	at org.testng.internal.Invoker.invokeTestMethods(Invoker.java:1231)
	at org.testng.internal.TestMethodWorker.invokeTestMethods(TestMethodWorker.java:127)
	at org.testng.internal.TestMethodWorker.run(TestMethodWorker.java:111)
	at org.testng.TestRunner.privateRun(TestRunner.java:767)
	at org.testng.TestRunner.run(TestRunner.java:617)
	at org.testng.SuiteRunner.runTest(SuiteRunner.java:334)
	at org.testng.SuiteRunner.runSequentially(SuiteRunner.java:329)
	at org.testng.SuiteRunner.privateRun(SuiteRunner.java:291)
	at org.testng.SuiteRunner.run(SuiteRunner.java:240)
	at org.testng.SuiteRunnerWorker.runSuite(SuiteRunnerWorker.java:52)
	at org.testng.SuiteRunnerWorker.run(SuiteRunnerWorker.java:86)
	at org.testng.TestNG.runSuitesSequentially(TestNG.java:1224)
	at org.testng.TestNG.runSuitesLocally(TestNG.java:1149)
	at org.testng.TestNG.run(TestNG.java:1057)
	at org.testng.remote.RemoteTestNG.run(RemoteTestNG.java:111)
	at org.testng.remote.RemoteTestNG.initAndRun(RemoteTestNG.java:204)
	at org.testng.remote.RemoteTestNG.main(RemoteTestNG.java:175)
]]>
    </failure>
  </testcase> <!-- testDSch03 -->
  <testcase name="testRSD04" time="7.574" classname="info.uaua.TestUaUa"/>
  <testcase name="testU03" time="6.456" classname="info.uaua.TestUaUa"/>
  <testcase name="testDS06" time="2.942" classname="info.uaua.TestUaUa"/>
  <testcase name="testSS06" time="2.845" classname="info.uaua.TestUaUa"/>
  <testcase name="testOZ06" time="3.156" classname="info.uaua.TestUaUa"/>
  <testcase name="testCDR06" time="3.898" classname="info.uaua.TestUaUa"/>
  <testcase name="testRSD02" time="5.431" classname="info.uaua.TestUaUa"/>
  <testcase name="testCDR04" time="5.253" classname="info.uaua.TestUaUa"/>
  <testcase name="testKdB03" time="6.122" classname="info.uaua.TestUaUa"/>
  <testcase name="testU01" time="8.766" classname="info.uaua.TestUaUa"/>
  <testcase name="testMS01" time="7.774" classname="info.uaua.TestUaUa"/>
  <testcase name="testDSch06" time="3.256" classname="info.uaua.TestUaUa"/>
  <testcase name="testDT05" time="6.584" classname="info.uaua.TestUaUa"/>
  <testcase name="testOZ05" time="6.211" classname="info.uaua.TestUaUa"/>
  <testcase name="testSDB07" time="5.381" classname="info.uaua.TestUaUa"/>
  <testcase name="testKdB05" time="6.262" classname="info.uaua.TestUaUa"/>
  <testcase name="testOZ02" time="5.790" classname="info.uaua.TestUaUa"/>
  <testcase name="testRSD03" time="7.458" classname="info.uaua.TestUaUa"/>
  <testcase name="testZhK04" time="5.840" classname="info.uaua.TestUaUa"/>
  <testcase name="testDS02" time="5.599" classname="info.uaua.TestUaUa"/>
  <testcase name="testDT02" time="4.631" classname="info.uaua.TestUaUa"/>
  <testcase name="testDS01" time="10.357" classname="info.uaua.TestUaUa"/>
  <testcase name="testDT01" time="8.047" classname="info.uaua.TestUaUa"/>
  <testcase name="testKdB06" time="3.342" classname="info.uaua.TestUaUa"/>
</testsuite> <!-- info.uaua.TestUaUa -->
