<?xml version="1.0" encoding="UTF-8"?>
<!-- Generated by org.testng.reporters.JUnitXMLReporter -->
<testsuite hostname="LogicPower2" name="ChromeTest" tests="19" failures="7" timestamp="23 Jun 2015 10:48:16 GMT" time="357.865" errors="0">
  <testcase name="testDetP011" time="6.17" classname="tests.uaua.TestDetskoePitanie"/>
  <testcase name="testDetP012" time="4.27" classname="tests.uaua.TestDetskoePitanie"/>
  <testcase name="testDetP013" time="0.0" classname="tests.uaua.TestDetskoePitanie"/>
  <testcase name="testDetP021" time="6.902" classname="tests.uaua.TestDetskoePitanie"/>
  <testcase name="testDetP022" time="6.529" classname="tests.uaua.TestDetskoePitanie">
    <failure type="java.lang.AssertionError" message="null">
      <![CDATA[java.lang.AssertionError: null
	at tests.uaua.TestDetskoePitanie.testDetP022(TestDetskoePitanie.java:139)
... Removed 27 stack frames]]>
    </failure>
  </testcase> <!-- testDetP022 -->
  <testcase name="testDetP03" time="6.424" classname="tests.uaua.TestDetskoePitanie"/>
  <testcase name="testDetP032" time="10.526" classname="tests.uaua.TestDetskoePitanie"/>
  <testcase name="testDetP041" time="5.684" classname="tests.uaua.TestDetskoePitanie"/>
  <testcase name="testDetP042" time="33.575" classname="tests.uaua.TestDetskoePitanie">
    <failure type="org.openqa.selenium.NoSuchElementException" message="no such element
  (Session info: chrome=43.0.2357.124)
  (Driver info: chromedriver=2.15.322448 (52179c1b310fec1797c81ea9a20326839860b7d3),platform=Windows NT 6.1 SP1 x86_64) (WARNING: The server did not provide any stacktrace information)
Command duration or timeout: 30.04 seconds
For documentation on this error, please visit: http://seleniumhq.org/exceptions/no_such_element.html
Build info: version: &amp;apos;2.45.0&amp;apos;, revision: &amp;apos;32a636c&amp;apos;, time: &amp;apos;2015-03-05 22:01:35&amp;apos;
System info: host: &amp;apos;LogicPower2&amp;apos;, ip: &amp;apos;10.0.10.206&amp;apos;, os.name: &amp;apos;Windows 7&amp;apos;, os.arch: &amp;apos;amd64&amp;apos;, os.version: &amp;apos;6.1&amp;apos;, java.version: &amp;apos;1.8.0_45&amp;apos;
Driver info: org.openqa.selenium.chrome.ChromeDriver
Capabilities [{applicationCacheEnabled=false, rotatable=false, mobileEmulationEnabled=false, chrome={userDataDir=C:\Users\Admin\AppData\Local\Temp\scoped_dir1704_6951}, takesHeapSnapshot=true, databaseEnabled=false, handlesAlerts=true, version=43.0.2357.124, platform=XP, browserConnectionEnabled=false, nativeEvents=true, acceptSslCerts=true, locationContextEnabled=true, webStorageEnabled=true, browserName=chrome, takesScreenshot=true, javascriptEnabled=true, cssSelectorsEnabled=true}]
Session ID: 8bda16caa6184af741024e15899ac814
*** Element info: {Using=xpath, value=.//*[@id=&amp;apos;left_col&amp;apos;]//a[@class = &amp;apos;list_next&amp;apos;]}">
      <![CDATA[org.openqa.selenium.NoSuchElementException: no such element
  (Session info: chrome=43.0.2357.124)
  (Driver info: chromedriver=2.15.322448 (52179c1b310fec1797c81ea9a20326839860b7d3),platform=Windows NT 6.1 SP1 x86_64) (WARNING: The server did not provide any stacktrace information)
Command duration or timeout: 30.04 seconds
For documentation on this error, please visit: http://seleniumhq.org/exceptions/no_such_element.html
Build info: version: '2.45.0', revision: '32a636c', time: '2015-03-05 22:01:35'
System info: host: 'LogicPower2', ip: '10.0.10.206', os.name: 'Windows 7', os.arch: 'amd64', os.version: '6.1', java.version: '1.8.0_45'
Driver info: org.openqa.selenium.chrome.ChromeDriver
Capabilities [{applicationCacheEnabled=false, rotatable=false, mobileEmulationEnabled=false, chrome={userDataDir=C:\Users\Admin\AppData\Local\Temp\scoped_dir1704_6951}, takesHeapSnapshot=true, databaseEnabled=false, handlesAlerts=true, version=43.0.2357.124, platform=XP, browserConnectionEnabled=false, nativeEvents=true, acceptSslCerts=true, locationContextEnabled=true, webStorageEnabled=true, browserName=chrome, takesScreenshot=true, javascriptEnabled=true, cssSelectorsEnabled=true}]
Session ID: 8bda16caa6184af741024e15899ac814
*** Element info: {Using=xpath, value=.//*[@id='left_col']//a[@class = 'list_next']}
	at org.openqa.selenium.remote.ErrorHandler.createThrowable(ErrorHandler.java:204)
	at org.openqa.selenium.remote.ErrorHandler.throwIfResponseFailed(ErrorHandler.java:156)
	at org.openqa.selenium.remote.RemoteWebDriver.execute(RemoteWebDriver.java:599)
	at org.openqa.selenium.remote.RemoteWebDriver.findElement(RemoteWebDriver.java:352)
	at org.openqa.selenium.remote.RemoteWebDriver.findElementByXPath(RemoteWebDriver.java:449)
	at org.openqa.selenium.By$ByXPath.findElement(By.java:357)
	at org.openqa.selenium.remote.RemoteWebDriver.findElement(RemoteWebDriver.java:344)
	at info.uaua.DetskoePitanieObjects.clickLastPage(DetskoePitanieObjects.java:203)
	at tests.uaua.TestDetskoePitanie.testDetP042(TestDetskoePitanie.java:212)
... Removed 29 stack frames]]>
    </failure>
  </testcase> <!-- testDetP042 -->
  <testcase name="testDetP051" time="4.413" classname="tests.uaua.TestDetskoePitanie"/>
  <testcase name="testDetP052" time="10.31" classname="tests.uaua.TestDetskoePitanie"/>
  <testcase name="testDetP061" time="2.911" classname="tests.uaua.TestDetskoePitanie">
    <failure type="java.lang.AssertionError" message="null">
      <![CDATA[java.lang.AssertionError: null
	at tests.uaua.TestDetskoePitanie.testDetP061(TestDetskoePitanie.java:254)
... Removed 27 stack frames]]>
    </failure>
  </testcase> <!-- testDetP061 -->
  <testcase name="testDetP062" time="33.015" classname="tests.uaua.TestDetskoePitanie">
    <failure type="java.lang.AssertionError" message="null">
      <![CDATA[java.lang.AssertionError: null
	at tests.uaua.TestDetskoePitanie.testDetP062(TestDetskoePitanie.java:269)
... Removed 27 stack frames]]>
    </failure>
  </testcase> <!-- testDetP062 -->
  <testcase name="testDetP071" time="6.662" classname="tests.uaua.TestDetskoePitanie"/>
  <testcase name="testDetP072" time="11.221" classname="tests.uaua.TestDetskoePitanie"/>
  <testcase name="testDetP081" time="36.574" classname="tests.uaua.TestDetskoePitanie">
    <failure type="java.lang.AssertionError" message="null">
      <![CDATA[java.lang.AssertionError: null
	at tests.uaua.TestDetskoePitanie.testDetP081(TestDetskoePitanie.java:150)
... Removed 27 stack frames]]>
    </failure>
  </testcase> <!-- testDetP081 -->
  <testcase name="testDetP082" time="33.12" classname="tests.uaua.TestDetskoePitanie">
    <failure type="java.lang.AssertionError" message="null">
      <![CDATA[java.lang.AssertionError: null
	at tests.uaua.TestDetskoePitanie.testDetP082(TestDetskoePitanie.java:164)
... Removed 27 stack frames]]>
    </failure>
  </testcase> <!-- testDetP082 -->
  <testcase name="testDetP09" time="33.077" classname="tests.uaua.TestDetskoePitanie">
    <failure type="java.lang.AssertionError" message="null">
      <![CDATA[java.lang.AssertionError: null
	at tests.uaua.TestDetskoePitanie.testDetP09(TestDetskoePitanie.java:308)
... Removed 27 stack frames]]>
    </failure>
  </testcase> <!-- testDetP09 -->
  <testcase name="testDetP10" time="3.045" classname="tests.uaua.TestDetskoePitanie"/>
</testsuite> <!-- ChromeTest -->
